<?xml version="1.0" encoding="UTF-8"?>
<coverage generated="1582558429191" clover="3.2.0">
  <project timestamp="1582558429191" name="All files">
    <metrics statements="452" coveredstatements="292" conditionals="181" coveredconditionals="73" methods="207" coveredmethods="87" elements="840" coveredelements="452" complexity="0" loc="452" ncloc="452" packages="30" files="72" classes="72"/>
    <package name="src">
      <metrics statements="33" coveredstatements="22" conditionals="4" coveredconditionals="0" methods="17" coveredmethods="6"/>
      <file name="LandingScreen.js" path="/Users/vincent/differential-projects/apollos/apollos-apps/packages/apolloschurchapp/src/LandingScreen.js">
        <metrics statements="5" coveredstatements="3" conditionals="0" coveredconditionals="0" methods="2" coveredmethods="0"/>
        <line num="6" count="1" type="stmt"/>
        <line num="11" count="1" type="stmt"/>
        <line num="12" count="0" type="stmt"/>
        <line num="13" count="0" type="stmt"/>
        <line num="22" count="1" type="stmt"/>
      </file>
      <file name="NavigationService.js" path="/Users/vincent/differential-projects/apollos/apollos-apps/packages/apolloschurchapp/src/NavigationService.js">
        <metrics statements="13" coveredstatements="6" conditionals="4" coveredconditionals="0" methods="6" coveredmethods="1"/>
        <line num="5" count="18" type="stmt"/>
        <line num="6" count="1" type="stmt"/>
        <line num="9" count="18" type="stmt"/>
        <line num="10" count="0" type="stmt"/>
        <line num="18" count="18" type="stmt"/>
        <line num="19" count="0" type="stmt"/>
        <line num="32" count="18" type="stmt"/>
        <line num="33" count="0" type="stmt"/>
        <line num="41" count="18" type="stmt"/>
        <line num="43" count="0" type="cond" truecount="0" falsecount="2"/>
        <line num="44" count="0" type="stmt"/>
        <line num="45" count="0" type="cond" truecount="0" falsecount="2"/>
        <line num="47" count="0" type="stmt"/>
      </file>
      <file name="Providers.js" path="/Users/vincent/differential-projects/apollos/apollos-apps/packages/apolloschurchapp/src/Providers.js">
        <metrics statements="4" coveredstatements="2" conditionals="0" coveredconditionals="0" methods="3" coveredmethods="1"/>
        <line num="14" count="18" type="stmt"/>
        <line num="15" count="29" type="stmt"/>
        <line num="21" count="0" type="stmt"/>
        <line num="23" count="0" type="stmt"/>
      </file>
      <file name="index.js" path="/Users/vincent/differential-projects/apollos/apollos-apps/packages/apolloschurchapp/src/index.js">
        <metrics statements="11" coveredstatements="11" conditionals="0" coveredconditionals="0" methods="6" coveredmethods="4"/>
        <line num="24" count="1" type="stmt"/>
        <line num="29" count="1" type="stmt"/>
        <line num="30" count="1" type="stmt"/>
        <line num="32" count="1" type="stmt"/>
        <line num="36" count="1" type="stmt"/>
        <line num="38" count="1" type="stmt"/>
        <line num="40" count="1" type="stmt"/>
        <line num="62" count="1" type="stmt"/>
        <line num="64" count="1" type="stmt"/>
        <line num="65" count="1" type="stmt"/>
        <line num="70" count="1" type="stmt"/>
      </file>
    </package>
    <package name="src.client">
      <metrics statements="19" coveredstatements="14" conditionals="4" coveredconditionals="2" methods="2" coveredmethods="2"/>
      <file name="cache.js" path="/Users/vincent/differential-projects/apollos/apollos-apps/packages/apolloschurchapp/src/client/cache.js">
        <metrics statements="19" coveredstatements="14" conditionals="4" coveredconditionals="2" methods="2" coveredmethods="2"/>
        <line num="11" count="18" type="stmt"/>
        <line num="17" count="18" type="stmt"/>
        <line num="26" count="18" type="stmt"/>
        <line num="27" count="18" type="stmt"/>
        <line num="29" count="18" type="stmt"/>
        <line num="30" count="34" type="cond" truecount="1" falsecount="1"/>
        <line num="32" count="18" type="stmt"/>
        <line num="43" count="18" type="stmt"/>
        <line num="53" count="18" type="stmt"/>
        <line num="56" count="18" type="stmt"/>
        <line num="57" count="18" type="stmt"/>
        <line num="58" count="11" type="cond" truecount="1" falsecount="1"/>
        <line num="61" count="0" type="stmt"/>
        <line num="62" count="0" type="stmt"/>
        <line num="65" count="0" type="stmt"/>
        <line num="66" count="0" type="stmt"/>
        <line num="71" count="11" type="stmt"/>
        <line num="72" count="0" type="stmt"/>
        <line num="75" count="11" type="stmt"/>
      </file>
    </package>
    <package name="src.content-feed">
      <metrics statements="11" coveredstatements="8" conditionals="0" coveredconditionals="0" methods="5" coveredmethods="3"/>
      <file name="getContentFeed.js" path="/Users/vincent/differential-projects/apollos/apollos-apps/packages/apolloschurchapp/src/content-feed/getContentFeed.js">
        <metrics statements="0" coveredstatements="0" conditionals="0" coveredconditionals="0" methods="0" coveredmethods="0"/>
      </file>
      <file name="index.js" path="/Users/vincent/differential-projects/apollos/apollos-apps/packages/apolloschurchapp/src/content-feed/index.js">
        <metrics statements="11" coveredstatements="8" conditionals="0" coveredconditionals="0" methods="5" coveredmethods="3"/>
        <line num="20" count="2" type="stmt"/>
        <line num="21" count="0" type="stmt"/>
        <line num="22" count="0" type="stmt"/>
        <line num="27" count="2" type="stmt"/>
        <line num="40" count="1" type="stmt"/>
        <line num="41" count="0" type="stmt"/>
        <line num="47" count="1" type="stmt"/>
        <line num="48" count="1" type="stmt"/>
        <line num="49" count="1" type="stmt"/>
        <line num="57" count="3" type="stmt"/>
        <line num="63" count="2" type="stmt"/>
      </file>
    </package>
    <package name="src.content-single">
      <metrics statements="26" coveredstatements="5" conditionals="17" coveredconditionals="0" methods="8" coveredmethods="0"/>
      <file name="ContentSingle.js" path="/Users/vincent/differential-projects/apollos/apollos-apps/packages/apolloschurchapp/src/content-single/ContentSingle.js">
        <metrics statements="18" coveredstatements="2" conditionals="15" coveredconditionals="0" methods="5" coveredmethods="0"/>
        <line num="20" count="1" type="stmt"/>
        <line num="27" count="1" type="stmt"/>
        <line num="34" count="0" type="stmt"/>
        <line num="38" count="0" type="stmt"/>
        <line num="41" count="0" type="stmt"/>
        <line num="42" count="0" type="stmt"/>
        <line num="43" count="0" type="cond" truecount="0" falsecount="4"/>
        <line num="44" count="0" type="stmt"/>
        <line num="47" count="0" type="cond" truecount="0" falsecount="4"/>
        <line num="49" count="0" type="stmt"/>
        <line num="58" count="0" type="stmt"/>
        <line num="68" count="0" type="stmt"/>
        <line num="79" count="0" type="stmt"/>
        <line num="80" count="0" type="cond" truecount="0" falsecount="2"/>
        <line num="82" count="0" type="cond" truecount="0" falsecount="2"/>
        <line num="84" count="0" type="cond" truecount="0" falsecount="1"/>
        <line num="86" count="0" type="stmt"/>
        <line num="108" count="0" type="stmt"/>
      </file>
      <file name="NavigationHeader.js" path="/Users/vincent/differential-projects/apollos/apollos-apps/packages/apolloschurchapp/src/content-single/NavigationHeader.js">
        <metrics statements="7" coveredstatements="2" conditionals="2" coveredconditionals="0" methods="3" coveredmethods="0"/>
        <line num="5" count="2" type="stmt"/>
        <line num="6" count="0" type="stmt"/>
        <line num="7" count="0" type="cond" truecount="0" falsecount="2"/>
        <line num="8" count="0" type="stmt"/>
        <line num="9" count="0" type="stmt"/>
        <line num="12" count="0" type="stmt"/>
        <line num="15" count="2" type="stmt"/>
      </file>
      <file name="getContentItem.js" path="/Users/vincent/differential-projects/apollos/apollos-apps/packages/apolloschurchapp/src/content-single/getContentItem.js">
        <metrics statements="0" coveredstatements="0" conditionals="0" coveredconditionals="0" methods="0" coveredmethods="0"/>
      </file>
      <file name="index.js" path="/Users/vincent/differential-projects/apollos/apollos-apps/packages/apolloschurchapp/src/content-single/index.js">
        <metrics statements="1" coveredstatements="1" conditionals="0" coveredconditionals="0" methods="0" coveredmethods="0"/>
        <line num="5" count="1" type="stmt"/>
      </file>
    </package>
    <package name="src.content-single.ActionContainer">
      <metrics statements="5" coveredstatements="4" conditionals="0" coveredconditionals="0" methods="3" coveredmethods="0"/>
      <file name="index.js" path="/Users/vincent/differential-projects/apollos/apollos-apps/packages/apolloschurchapp/src/content-single/ActionContainer/index.js">
        <metrics statements="5" coveredstatements="4" conditionals="0" coveredconditionals="0" methods="3" coveredmethods="0"/>
        <line num="11" count="1" type="stmt"/>
        <line num="17" count="1" type="stmt"/>
        <line num="22" count="1" type="stmt"/>
        <line num="23" count="0" type="stmt"/>
        <line num="33" count="1" type="stmt"/>
      </file>
    </package>
    <package name="src.content-single.DevotionalContentItem">
      <metrics statements="36" coveredstatements="36" conditionals="26" coveredconditionals="20" methods="14" coveredmethods="14"/>
      <file name="ContentTab.js" path="/Users/vincent/differential-projects/apollos/apollos-apps/packages/apolloschurchapp/src/content-single/DevotionalContentItem/ContentTab.js">
        <metrics statements="4" coveredstatements="4" conditionals="4" coveredconditionals="4" methods="1" coveredmethods="1"/>
        <line num="11" count="2" type="stmt"/>
        <line num="20" count="2" type="stmt"/>
        <line num="28" count="2" type="stmt"/>
        <line num="47" count="2" type="stmt"/>
      </file>
      <file name="ScriptureTab.js" path="/Users/vincent/differential-projects/apollos/apollos-apps/packages/apolloschurchapp/src/content-single/DevotionalContentItem/ScriptureTab.js">
        <metrics statements="4" coveredstatements="4" conditionals="2" coveredconditionals="2" methods="2" coveredmethods="2"/>
        <line num="13" count="2" type="stmt"/>
        <line num="14" count="1" type="stmt"/>
        <line num="17" count="2" type="stmt"/>
        <line num="37" count="2" type="stmt"/>
      </file>
      <file name="getScripture.js" path="/Users/vincent/differential-projects/apollos/apollos-apps/packages/apolloschurchapp/src/content-single/DevotionalContentItem/getScripture.js">
        <metrics statements="0" coveredstatements="0" conditionals="0" coveredconditionals="0" methods="0" coveredmethods="0"/>
      </file>
      <file name="index.js" path="/Users/vincent/differential-projects/apollos/apollos-apps/packages/apolloschurchapp/src/content-single/DevotionalContentItem/index.js">
        <metrics statements="28" coveredstatements="28" conditionals="20" coveredconditionals="14" methods="11" coveredmethods="11"/>
        <line num="19" count="2" type="stmt"/>
        <line num="26" count="2" type="stmt"/>
        <line num="43" count="1" type="stmt"/>
        <line num="44" count="1" type="stmt"/>
        <line num="46" count="1" type="cond" truecount="1" falsecount="1"/>
        <line num="47" count="1" type="stmt"/>
        <line num="50" count="2" type="cond" truecount="1" falsecount="1"/>
        <line num="54" count="1" type="stmt"/>
        <line num="61" count="1" type="stmt"/>
        <line num="62" count="1" type="stmt"/>
        <line num="75" count="1" type="stmt"/>
        <line num="76" count="1" type="stmt"/>
        <line num="84" count="1" type="stmt"/>
        <line num="85" count="1" type="stmt"/>
        <line num="88" count="1" type="stmt"/>
        <line num="89" count="1" type="cond" truecount="1" falsecount="1"/>
        <line num="91" count="1" type="stmt"/>
        <line num="94" count="1" type="cond" truecount="1" falsecount="1"/>
        <line num="95" count="2" type="stmt"/>
        <line num="98" count="1" type="cond" truecount="2" falsecount="0"/>
        <line num="99" count="1" type="stmt"/>
        <line num="100" count="1" type="stmt"/>
        <line num="103" count="1" type="cond" truecount="1" falsecount="1"/>
        <line num="104" count="1" type="stmt"/>
        <line num="105" count="1" type="stmt"/>
        <line num="107" count="1" type="cond" truecount="1" falsecount="1"/>
        <line num="115" count="1" type="stmt"/>
        <line num="120" count="2" type="cond" truecount="2" falsecount="0"/>
      </file>
    </package>
    <package name="src.content-single.Features">
      <metrics statements="22" coveredstatements="9" conditionals="15" coveredconditionals="0" methods="6" coveredmethods="0"/>
      <file name="ScriptureFeature.js" path="/Users/vincent/differential-projects/apollos/apollos-apps/packages/apolloschurchapp/src/content-single/Features/ScriptureFeature.js">
        <metrics statements="4" coveredstatements="2" conditionals="1" coveredconditionals="0" methods="2" coveredmethods="0"/>
        <line num="8" count="1" type="stmt"/>
        <line num="14" count="0" type="stmt"/>
        <line num="19" count="0" type="stmt"/>
        <line num="31" count="1" type="stmt"/>
      </file>
      <file name="TextFeature.js" path="/Users/vincent/differential-projects/apollos/apollos-apps/packages/apolloschurchapp/src/content-single/Features/TextFeature.js">
        <metrics statements="3" coveredstatements="2" conditionals="1" coveredconditionals="0" methods="1" coveredmethods="0"/>
        <line num="7" count="1" type="cond" truecount="0" falsecount="1"/>
        <line num="8" count="0" type="stmt"/>
        <line num="15" count="1" type="stmt"/>
      </file>
      <file name="getContentItemFeatures.js" path="/Users/vincent/differential-projects/apollos/apollos-apps/packages/apolloschurchapp/src/content-single/Features/getContentItemFeatures.js">
        <metrics statements="2" coveredstatements="2" conditionals="0" coveredconditionals="0" methods="0" coveredmethods="0"/>
        <line num="7" count="1" type="stmt"/>
        <line num="9" count="1" type="stmt"/>
      </file>
      <file name="index.js" path="/Users/vincent/differential-projects/apollos/apollos-apps/packages/apolloschurchapp/src/content-single/Features/index.js">
        <metrics statements="13" coveredstatements="3" conditionals="13" coveredconditionals="0" methods="3" coveredmethods="0"/>
        <line num="11" count="1" type="stmt"/>
        <line num="16" count="1" type="stmt"/>
        <line num="17" count="0" type="cond" truecount="0" falsecount="2"/>
        <line num="19" count="0" type="stmt"/>
        <line num="26" count="0" type="cond" truecount="0" falsecount="2"/>
        <line num="27" count="0" type="cond" truecount="0" falsecount="2"/>
        <line num="29" count="0" type="stmt"/>
        <line num="30" count="0" type="cond" truecount="0" falsecount="4"/>
        <line num="32" count="0" type="stmt"/>
        <line num="38" count="0" type="stmt"/>
        <line num="39" count="0" type="cond" truecount="0" falsecount="2"/>
        <line num="40" count="0" type="stmt"/>
        <line num="51" count="1" type="stmt"/>
      </file>
    </package>
    <package name="src.content-single.UniversalContentItem">
      <metrics statements="7" coveredstatements="4" conditionals="8" coveredconditionals="0" methods="3" coveredmethods="0"/>
      <file name="index.js" path="/Users/vincent/differential-projects/apollos/apollos-apps/packages/apolloschurchapp/src/content-single/UniversalContentItem/index.js">
        <metrics statements="7" coveredstatements="4" conditionals="8" coveredconditionals="0" methods="3" coveredmethods="0"/>
        <line num="21" count="1" type="stmt"/>
        <line num="23" count="1" type="stmt"/>
        <line num="27" count="1" type="stmt"/>
        <line num="28" count="0" type="stmt"/>
        <line num="29" count="0" type="stmt"/>
        <line num="33" count="0" type="stmt"/>
        <line num="59" count="1" type="stmt"/>
      </file>
    </package>
    <package name="src.content-single.WeekendContentItem">
      <metrics statements="11" coveredstatements="6" conditionals="16" coveredconditionals="0" methods="7" coveredmethods="0"/>
      <file name="index.js" path="/Users/vincent/differential-projects/apollos/apollos-apps/packages/apolloschurchapp/src/content-single/WeekendContentItem/index.js">
        <metrics statements="11" coveredstatements="6" conditionals="16" coveredconditionals="0" methods="7" coveredmethods="0"/>
        <line num="26" count="1" type="stmt"/>
        <line num="28" count="1" type="stmt"/>
        <line num="35" count="1" type="stmt"/>
        <line num="39" count="1" type="stmt"/>
        <line num="52" count="1" type="stmt"/>
        <line num="53" count="0" type="stmt"/>
        <line num="54" count="0" type="stmt"/>
        <line num="57" count="0" type="stmt"/>
        <line num="60" count="0" type="stmt"/>
        <line num="78" count="0" type="stmt"/>
        <line num="104" count="1" type="stmt"/>
      </file>
    </package>
    <package name="src.event">
      <metrics statements="27" coveredstatements="26" conditionals="15" coveredconditionals="13" methods="10" coveredmethods="9"/>
      <file name="Event.js" path="/Users/vincent/differential-projects/apollos/apollos-apps/packages/apolloschurchapp/src/event/Event.js">
        <metrics statements="7" coveredstatements="6" conditionals="8" coveredconditionals="7" methods="3" coveredmethods="2"/>
        <line num="18" count="3" type="stmt"/>
        <line num="19" count="0" type="stmt"/>
        <line num="22" count="3" type="stmt"/>
        <line num="23" count="4" type="stmt"/>
        <line num="24" count="4" type="stmt"/>
        <line num="28" count="4" type="stmt"/>
        <line num="62" count="3" type="stmt"/>
      </file>
      <file name="EventConnected.js" path="/Users/vincent/differential-projects/apollos/apollos-apps/packages/apolloschurchapp/src/event/EventConnected.js">
        <metrics statements="10" coveredstatements="10" conditionals="7" coveredconditionals="6" methods="4" coveredmethods="4"/>
        <line num="15" count="2" type="stmt"/>
        <line num="22" count="2" type="stmt"/>
        <line num="29" count="7" type="stmt"/>
        <line num="33" count="1" type="stmt"/>
        <line num="36" count="1" type="stmt"/>
        <line num="37" count="3" type="cond" truecount="1" falsecount="1"/>
        <line num="39" count="3" type="cond" truecount="2" falsecount="0"/>
        <line num="41" count="3" type="cond" truecount="1" falsecount="0"/>
        <line num="43" count="3" type="stmt"/>
        <line num="69" count="1" type="stmt"/>
      </file>
      <file name="components.js" path="/Users/vincent/differential-projects/apollos/apollos-apps/packages/apolloschurchapp/src/event/components.js">
        <metrics statements="8" coveredstatements="8" conditionals="0" coveredconditionals="0" methods="3" coveredmethods="3"/>
        <line num="6" count="3" type="stmt"/>
        <line num="8" count="8" type="stmt"/>
        <line num="16" count="20" type="stmt"/>
        <line num="22" count="3" type="stmt"/>
        <line num="26" count="3" type="stmt"/>
        <line num="28" count="3" type="stmt"/>
        <line num="29" count="8" type="stmt"/>
        <line num="38" count="3" type="stmt"/>
      </file>
      <file name="getEvent.js" path="/Users/vincent/differential-projects/apollos/apollos-apps/packages/apolloschurchapp/src/event/getEvent.js">
        <metrics statements="1" coveredstatements="1" conditionals="0" coveredconditionals="0" methods="0" coveredmethods="0"/>
        <line num="3" count="2" type="stmt"/>
      </file>
      <file name="index.js" path="/Users/vincent/differential-projects/apollos/apollos-apps/packages/apolloschurchapp/src/event/index.js">
        <metrics statements="1" coveredstatements="1" conditionals="0" coveredconditionals="0" methods="0" coveredmethods="0"/>
        <line num="5" count="1" type="stmt"/>
      </file>
    </package>
    <package name="src.scripture">
      <metrics statements="5" coveredstatements="5" conditionals="1" coveredconditionals="1" methods="3" coveredmethods="3"/>
      <file name="getScripture.js" path="/Users/vincent/differential-projects/apollos/apollos-apps/packages/apolloschurchapp/src/scripture/getScripture.js">
        <metrics statements="0" coveredstatements="0" conditionals="0" coveredconditionals="0" methods="0" coveredmethods="0"/>
      </file>
      <file name="index.js" path="/Users/vincent/differential-projects/apollos/apollos-apps/packages/apolloschurchapp/src/scripture/index.js">
        <metrics statements="5" coveredstatements="5" conditionals="1" coveredconditionals="1" methods="3" coveredmethods="3"/>
        <line num="13" count="1" type="stmt"/>
        <line num="17" count="1" type="stmt"/>
        <line num="18" count="1" type="stmt"/>
        <line num="20" count="2" type="stmt"/>
        <line num="37" count="1" type="stmt"/>
      </file>
    </package>
    <package name="src.store">
      <metrics statements="10" coveredstatements="4" conditionals="5" coveredconditionals="0" methods="1" coveredmethods="0"/>
      <file name="getAuthToken.js" path="/Users/vincent/differential-projects/apollos/apollos-apps/packages/apolloschurchapp/src/store/getAuthToken.js">
        <metrics statements="0" coveredstatements="0" conditionals="0" coveredconditionals="0" methods="0" coveredmethods="0"/>
      </file>
      <file name="index.js" path="/Users/vincent/differential-projects/apollos/apollos-apps/packages/apolloschurchapp/src/store/index.js">
        <metrics statements="10" coveredstatements="4" conditionals="5" coveredconditionals="0" methods="1" coveredmethods="0"/>
        <line num="10" count="18" type="stmt"/>
        <line num="25" count="18" type="stmt"/>
        <line num="30" count="18" type="stmt"/>
        <line num="36" count="18" type="stmt"/>
        <line num="39" count="0" type="stmt"/>
        <line num="45" count="0" type="cond" truecount="0" falsecount="1"/>
        <line num="49" count="0" type="stmt"/>
        <line num="57" count="0" type="cond" truecount="0" falsecount="4"/>
        <line num="58" count="0" type="stmt"/>
        <line num="60" count="0" type="stmt"/>
      </file>
    </package>
    <package name="src.tabs">
      <metrics statements="8" coveredstatements="5" conditionals="0" coveredconditionals="0" methods="4" coveredmethods="1"/>
      <file name="index.js" path="/Users/vincent/differential-projects/apollos/apollos-apps/packages/apolloschurchapp/src/tabs/index.js">
        <metrics statements="1" coveredstatements="1" conditionals="0" coveredconditionals="0" methods="0" coveredmethods="0"/>
        <line num="9" count="1" type="stmt"/>
      </file>
      <file name="tabBar.js" path="/Users/vincent/differential-projects/apollos/apollos-apps/packages/apolloschurchapp/src/tabs/tabBar.js">
        <metrics statements="3" coveredstatements="1" conditionals="0" coveredconditionals="0" methods="2" coveredmethods="0"/>
        <line num="7" count="1" type="stmt"/>
        <line num="8" count="0" type="stmt"/>
        <line num="14" count="0" type="stmt"/>
      </file>
      <file name="tabBarIcon.js" path="/Users/vincent/differential-projects/apollos/apollos-apps/packages/apolloschurchapp/src/tabs/tabBarIcon.js">
        <metrics statements="4" coveredstatements="3" conditionals="0" coveredconditionals="0" methods="2" coveredmethods="1"/>
        <line num="6" count="1" type="stmt"/>
        <line num="8" count="0" type="stmt"/>
        <line num="10" count="3" type="stmt"/>
        <line num="13" count="3" type="stmt"/>
      </file>
    </package>
    <package name="src.tabs.connect">
      <metrics statements="13" coveredstatements="6" conditionals="0" coveredconditionals="0" methods="9" coveredmethods="0"/>
      <file name="ActionBar.js" path="/Users/vincent/differential-projects/apollos/apollos-apps/packages/apolloschurchapp/src/tabs/connect/ActionBar.js">
        <metrics statements="7" coveredstatements="2" conditionals="0" coveredconditionals="0" methods="5" coveredmethods="0"/>
        <line num="7" count="1" type="stmt"/>
        <line num="8" count="0" type="stmt"/>
        <line num="10" count="0" type="stmt"/>
        <line num="12" count="0" type="stmt"/>
        <line num="17" count="0" type="stmt"/>
        <line num="22" count="0" type="stmt"/>
        <line num="31" count="1" type="stmt"/>
      </file>
      <file name="Connect.js" path="/Users/vincent/differential-projects/apollos/apollos-apps/packages/apolloschurchapp/src/tabs/connect/Connect.js">
        <metrics statements="3" coveredstatements="2" conditionals="0" coveredconditionals="0" methods="2" coveredmethods="0"/>
        <line num="14" count="1" type="stmt"/>
        <line num="19" count="1" type="stmt"/>
        <line num="27" count="0" type="stmt"/>
      </file>
      <file name="index.js" path="/Users/vincent/differential-projects/apollos/apollos-apps/packages/apolloschurchapp/src/tabs/connect/index.js">
        <metrics statements="3" coveredstatements="2" conditionals="0" coveredconditionals="0" methods="2" coveredmethods="0"/>
        <line num="11" count="1" type="stmt"/>
        <line num="21" count="0" type="stmt"/>
        <line num="29" count="1" type="stmt"/>
      </file>
    </package>
    <package name="src.tabs.connect.ActionTable">
      <metrics statements="10" coveredstatements="4" conditionals="0" coveredconditionals="0" methods="8" coveredmethods="0"/>
      <file name="index.js" path="/Users/vincent/differential-projects/apollos/apollos-apps/packages/apolloschurchapp/src/tabs/connect/ActionTable/index.js">
        <metrics statements="10" coveredstatements="4" conditionals="0" coveredconditionals="0" methods="8" coveredmethods="0"/>
        <line num="18" count="1" type="stmt"/>
        <line num="25" count="1" type="stmt"/>
        <line num="29" count="1" type="stmt"/>
        <line num="30" count="0" type="stmt"/>
        <line num="32" count="0" type="stmt"/>
        <line num="40" count="0" type="stmt"/>
        <line num="49" count="0" type="stmt"/>
        <line num="58" count="0" type="stmt"/>
        <line num="68" count="0" type="stmt"/>
        <line num="82" count="1" type="stmt"/>
      </file>
    </package>
    <package name="src.tabs.connect.UserAvatarHeader">
      <metrics statements="12" coveredstatements="6" conditionals="4" coveredconditionals="0" methods="5" coveredmethods="0"/>
      <file name="UserAvatarHeader.js" path="/Users/vincent/differential-projects/apollos/apollos-apps/packages/apolloschurchapp/src/tabs/connect/UserAvatarHeader/UserAvatarHeader.js">
        <metrics statements="12" coveredstatements="6" conditionals="4" coveredconditionals="0" methods="5" coveredmethods="0"/>
        <line num="11" count="2" type="stmt"/>
        <line num="12" count="0" type="stmt"/>
        <line num="14" count="0" type="stmt"/>
        <line num="15" count="0" type="stmt"/>
        <line num="20" count="2" type="stmt"/>
        <line num="24" count="2" type="stmt"/>
        <line num="29" count="2" type="stmt"/>
        <line num="37" count="0" type="stmt"/>
        <line num="42" count="0" type="stmt"/>
        <line num="48" count="0" type="stmt"/>
        <line num="57" count="2" type="stmt"/>
        <line num="68" count="2" type="stmt"/>
      </file>
      <file name="getUserProfile.js" path="/Users/vincent/differential-projects/apollos/apollos-apps/packages/apolloschurchapp/src/tabs/connect/UserAvatarHeader/getUserProfile.js">
        <metrics statements="0" coveredstatements="0" conditionals="0" coveredconditionals="0" methods="0" coveredmethods="0"/>
      </file>
      <file name="index.js" path="/Users/vincent/differential-projects/apollos/apollos-apps/packages/apolloschurchapp/src/tabs/connect/UserAvatarHeader/index.js">
        <metrics statements="0" coveredstatements="0" conditionals="0" coveredconditionals="0" methods="0" coveredmethods="0"/>
      </file>
    </package>
    <package name="src.tabs.discover">
      <metrics statements="10" coveredstatements="7" conditionals="4" coveredconditionals="3" methods="5" coveredmethods="1"/>
      <file name="Discover.js" path="/Users/vincent/differential-projects/apollos/apollos-apps/packages/apolloschurchapp/src/tabs/discover/Discover.js">
        <metrics statements="7" coveredstatements="5" conditionals="4" coveredconditionals="3" methods="3" coveredmethods="1"/>
        <line num="14" count="1" type="stmt"/>
        <line num="19" count="1" type="stmt"/>
        <line num="21" count="0" type="stmt"/>
        <line num="27" count="1" type="stmt"/>
        <line num="28" count="0" type="stmt"/>
        <line num="34" count="1" type="stmt"/>
        <line num="50" count="2" type="stmt"/>
      </file>
      <file name="index.js" path="/Users/vincent/differential-projects/apollos/apollos-apps/packages/apolloschurchapp/src/tabs/discover/index.js">
        <metrics statements="3" coveredstatements="2" conditionals="0" coveredconditionals="0" methods="2" coveredmethods="0"/>
        <line num="10" count="1" type="stmt"/>
        <line num="17" count="0" type="stmt"/>
        <line num="25" count="1" type="stmt"/>
      </file>
    </package>
    <package name="src.tabs.discover.DiscoverFeed">
      <metrics statements="21" coveredstatements="19" conditionals="8" coveredconditionals="6" methods="12" coveredmethods="10"/>
      <file name="TileContentFeed.js" path="/Users/vincent/differential-projects/apollos/apollos-apps/packages/apolloschurchapp/src/tabs/discover/DiscoverFeed/TileContentFeed.js">
        <metrics statements="12" coveredstatements="10" conditionals="4" coveredconditionals="3" methods="8" coveredmethods="6"/>
        <line num="21" count="160" type="stmt"/>
        <line num="29" count="3" type="stmt"/>
        <line num="33" count="60" type="stmt"/>
        <line num="37" count="160" type="stmt"/>
        <line num="43" count="160" type="stmt"/>
        <line num="51" count="3" type="stmt"/>
        <line num="57" count="3" type="cond" truecount="0" falsecount="1"/>
        <line num="58" count="60" type="cond" truecount="3" falsecount="0"/>
        <line num="66" count="0" type="stmt"/>
        <line num="82" count="280" type="stmt"/>
        <line num="84" count="0" type="stmt"/>
        <line num="101" count="3" type="stmt"/>
      </file>
      <file name="getContentChannels.js" path="/Users/vincent/differential-projects/apollos/apollos-apps/packages/apolloschurchapp/src/tabs/discover/DiscoverFeed/getContentChannels.js">
        <metrics statements="0" coveredstatements="0" conditionals="0" coveredconditionals="0" methods="0" coveredmethods="0"/>
      </file>
      <file name="index.js" path="/Users/vincent/differential-projects/apollos/apollos-apps/packages/apolloschurchapp/src/tabs/discover/DiscoverFeed/index.js">
        <metrics statements="9" coveredstatements="9" conditionals="4" coveredconditionals="3" methods="4" coveredmethods="4"/>
        <line num="10" count="3" type="stmt"/>
        <line num="15" count="3" type="stmt"/>
        <line num="20" count="3" type="stmt"/>
        <line num="23" count="60" type="stmt"/>
        <line num="27" count="30" type="stmt"/>
        <line num="34" count="3" type="stmt"/>
        <line num="35" count="3" type="stmt"/>
        <line num="37" count="7" type="stmt"/>
        <line num="50" count="3" type="stmt"/>
      </file>
    </package>
    <package name="src.tabs.discover.SearchFeed">
      <metrics statements="20" coveredstatements="17" conditionals="4" coveredconditionals="4" methods="10" coveredmethods="8"/>
      <file name="NoResults.js" path="/Users/vincent/differential-projects/apollos/apollos-apps/packages/apolloschurchapp/src/tabs/discover/SearchFeed/NoResults.js">
        <metrics statements="9" coveredstatements="9" conditionals="0" coveredconditionals="0" methods="3" coveredmethods="3"/>
        <line num="14" count="3" type="stmt"/>
        <line num="21" count="3" type="stmt"/>
        <line num="26" count="3" type="stmt"/>
        <line num="27" count="9" type="stmt"/>
        <line num="34" count="3" type="stmt"/>
        <line num="35" count="3" type="stmt"/>
        <line num="37" count="3" type="stmt"/>
        <line num="38" count="1" type="stmt"/>
        <line num="53" count="3" type="stmt"/>
      </file>
      <file name="getSearchResults.js" path="/Users/vincent/differential-projects/apollos/apollos-apps/packages/apolloschurchapp/src/tabs/discover/SearchFeed/getSearchResults.js">
        <metrics statements="0" coveredstatements="0" conditionals="0" coveredconditionals="0" methods="0" coveredmethods="0"/>
      </file>
      <file name="index.js" path="/Users/vincent/differential-projects/apollos/apollos-apps/packages/apolloschurchapp/src/tabs/discover/SearchFeed/index.js">
        <metrics statements="11" coveredstatements="8" conditionals="4" coveredconditionals="4" methods="7" coveredmethods="5"/>
        <line num="15" count="7" type="stmt"/>
        <line num="21" count="3" type="stmt"/>
        <line num="22" count="0" type="stmt"/>
        <line num="23" count="0" type="stmt"/>
        <line num="29" count="56" type="cond" truecount="2" falsecount="0"/>
        <line num="31" count="3" type="stmt"/>
        <line num="32" count="3" type="stmt"/>
        <line num="38" count="7" type="stmt"/>
        <line num="41" count="1" type="stmt"/>
        <line num="46" count="0" type="stmt"/>
        <line num="53" count="3" type="stmt"/>
      </file>
    </package>
    <package name="src.tabs.home">
      <metrics statements="16" coveredstatements="12" conditionals="0" coveredconditionals="0" methods="9" coveredmethods="4"/>
      <file name="Home.js" path="/Users/vincent/differential-projects/apollos/apollos-apps/packages/apolloschurchapp/src/tabs/home/Home.js">
        <metrics statements="13" coveredstatements="9" conditionals="0" coveredconditionals="0" methods="9" coveredmethods="4"/>
        <line num="24" count="3" type="stmt"/>
        <line num="32" count="2" type="stmt"/>
        <line num="36" count="2" type="stmt"/>
        <line num="44" count="1" type="stmt"/>
        <line num="45" count="0" type="stmt"/>
        <line num="51" count="1" type="stmt"/>
        <line num="63" count="1" type="stmt"/>
        <line num="66" count="0" type="stmt"/>
        <line num="85" count="1" type="stmt"/>
        <line num="89" count="0" type="stmt"/>
        <line num="91" count="1" type="stmt"/>
        <line num="97" count="1" type="stmt"/>
        <line num="100" count="0" type="stmt"/>
      </file>
      <file name="getCampaignContentItem.js" path="/Users/vincent/differential-projects/apollos/apollos-apps/packages/apolloschurchapp/src/tabs/home/getCampaignContentItem.js">
        <metrics statements="0" coveredstatements="0" conditionals="0" coveredconditionals="0" methods="0" coveredmethods="0"/>
      </file>
      <file name="getUserFeed.js" path="/Users/vincent/differential-projects/apollos/apollos-apps/packages/apolloschurchapp/src/tabs/home/getUserFeed.js">
        <metrics statements="0" coveredstatements="0" conditionals="0" coveredconditionals="0" methods="0" coveredmethods="0"/>
      </file>
      <file name="index.js" path="/Users/vincent/differential-projects/apollos/apollos-apps/packages/apolloschurchapp/src/tabs/home/index.js">
        <metrics statements="2" coveredstatements="2" conditionals="0" coveredconditionals="0" methods="0" coveredmethods="0"/>
        <line num="7" count="1" type="stmt"/>
        <line num="16" count="1" type="stmt"/>
      </file>
      <file name="wordmark.png" path="/Users/vincent/differential-projects/apollos/apollos-apps/packages/apolloschurchapp/src/tabs/home/wordmark.png">
        <metrics statements="1" coveredstatements="1" conditionals="0" coveredconditionals="0" methods="0" coveredmethods="0"/>
        <line num="1" count="1" type="stmt"/>
      </file>
    </package>
    <package name="src.tabs.home.Features">
      <metrics statements="11" coveredstatements="5" conditionals="8" coveredconditionals="1" methods="6" coveredmethods="3"/>
      <file name="getFeedFeatures.js" path="/Users/vincent/differential-projects/apollos/apollos-apps/packages/apolloschurchapp/src/tabs/home/Features/getFeedFeatures.js">
        <metrics statements="0" coveredstatements="0" conditionals="0" coveredconditionals="0" methods="0" coveredmethods="0"/>
      </file>
      <file name="index.js" path="/Users/vincent/differential-projects/apollos/apollos-apps/packages/apolloschurchapp/src/tabs/home/Features/index.js">
        <metrics statements="11" coveredstatements="5" conditionals="8" coveredconditionals="1" methods="6" coveredmethods="3"/>
        <line num="10" count="3" type="stmt"/>
        <line num="20" count="2" type="stmt"/>
        <line num="21" count="1" type="stmt"/>
        <line num="23" count="1" type="cond" truecount="1" falsecount="1"/>
        <line num="94" count="0" type="cond" truecount="0" falsecount="2"/>
        <line num="106" count="0" type="cond" truecount="0" falsecount="2"/>
        <line num="107" count="0" type="stmt"/>
        <line num="112" count="0" type="cond" truecount="0" falsecount="2"/>
        <line num="113" count="0" type="stmt"/>
        <line num="120" count="0" type="stmt"/>
        <line num="133" count="2" type="stmt"/>
      </file>
    </package>
    <package name="src.testing-control-panel">
      <metrics statements="11" coveredstatements="4" conditionals="0" coveredconditionals="0" methods="9" coveredmethods="1"/>
      <file name="TouchableCell.js" path="/Users/vincent/differential-projects/apollos/apollos-apps/packages/apolloschurchapp/src/testing-control-panel/TouchableCell.js">
        <metrics statements="3" coveredstatements="3" conditionals="0" coveredconditionals="0" methods="1" coveredmethods="1"/>
        <line num="5" count="2" type="stmt"/>
        <line num="6" count="1" type="stmt"/>
        <line num="14" count="2" type="stmt"/>
      </file>
      <file name="index.js" path="/Users/vincent/differential-projects/apollos/apollos-apps/packages/apolloschurchapp/src/testing-control-panel/index.js">
        <metrics statements="8" coveredstatements="1" conditionals="0" coveredconditionals="0" methods="8" coveredmethods="0"/>
        <line num="8" count="1" type="stmt"/>
        <line num="13" count="0" type="stmt"/>
        <line num="17" count="0" type="stmt"/>
        <line num="19" count="0" type="stmt"/>
        <line num="31" count="0" type="stmt"/>
        <line num="34" count="0" type="stmt"/>
        <line num="44" count="0" type="stmt"/>
        <line num="52" count="0" type="stmt"/>
      </file>
    </package>
    <package name="src.theme">
      <metrics statements="0" coveredstatements="0" conditionals="0" coveredconditionals="0" methods="0" coveredmethods="0"/>
      <file name="index.js" path="/Users/vincent/differential-projects/apollos/apollos-apps/packages/apolloschurchapp/src/theme/index.js">
        <metrics statements="0" coveredstatements="0" conditionals="0" coveredconditionals="0" methods="0" coveredmethods="0"/>
      </file>
      <file name="theme.js" path="/Users/vincent/differential-projects/apollos/apollos-apps/packages/apolloschurchapp/src/theme/theme.js">
        <metrics statements="0" coveredstatements="0" conditionals="0" coveredconditionals="0" methods="0" coveredmethods="0"/>
      </file>
    </package>
    <package name="src.theme.icons">
      <metrics statements="0" coveredstatements="0" conditionals="0" coveredconditionals="0" methods="0" coveredmethods="0"/>
      <file name="index.js" path="/Users/vincent/differential-projects/apollos/apollos-apps/packages/apolloschurchapp/src/theme/icons/index.js">
        <metrics statements="0" coveredstatements="0" conditionals="0" coveredconditionals="0" methods="0" coveredmethods="0"/>
      </file>
    </package>
    <package name="src.ui.LandingScreen">
      <metrics statements="9" coveredstatements="9" conditionals="6" coveredconditionals="6" methods="4" coveredmethods="4"/>
      <file name="index.js" path="/Users/vincent/differential-projects/apollos/apollos-apps/packages/apolloschurchapp/src/ui/LandingScreen/index.js">
        <metrics statements="9" coveredstatements="9" conditionals="6" coveredconditionals="6" methods="4" coveredmethods="4"/>
        <line num="16" count="2" type="stmt"/>
        <line num="21" count="6" type="stmt"/>
        <line num="30" count="18" type="stmt"/>
        <line num="35" count="18" type="stmt"/>
        <line num="39" count="2" type="stmt"/>
        <line num="46" count="6" type="stmt"/>
        <line num="58" count="2" type="stmt"/>
        <line num="76" count="2" type="stmt"/>
        <line num="82" count="2" type="stmt"/>
      </file>
    </package>
    <package name="src.ui.Onboarding">
      <metrics statements="12" coveredstatements="5" conditionals="2" coveredconditionals="0" methods="7" coveredmethods="2"/>
      <file name="index.js" path="/Users/vincent/differential-projects/apollos/apollos-apps/packages/apolloschurchapp/src/ui/Onboarding/index.js">
        <metrics statements="12" coveredstatements="5" conditionals="2" coveredconditionals="0" methods="7" coveredmethods="2"/>
        <line num="23" count="2" type="stmt"/>
        <line num="29" count="2" type="stmt"/>
        <line num="34" count="1" type="stmt"/>
        <line num="39" count="1" type="stmt"/>
        <line num="60" count="0" type="stmt"/>
        <line num="70" count="0" type="stmt"/>
        <line num="71" count="0" type="cond" truecount="0" falsecount="2"/>
        <line num="72" count="0" type="stmt"/>
        <line num="74" count="0" type="stmt"/>
        <line num="78" count="0" type="stmt"/>
        <line num="83" count="0" type="stmt"/>
        <line num="104" count="2" type="stmt"/>
      </file>
    </package>
    <package name="src.ui.SearchInputHeader">
      <metrics statements="7" coveredstatements="7" conditionals="0" coveredconditionals="0" methods="2" coveredmethods="2"/>
      <file name="index.js" path="/Users/vincent/differential-projects/apollos/apollos-apps/packages/apolloschurchapp/src/ui/SearchInputHeader/index.js">
        <metrics statements="7" coveredstatements="7" conditionals="0" coveredconditionals="0" methods="2" coveredmethods="2"/>
        <line num="6" count="3" type="stmt"/>
        <line num="7" count="12" type="stmt"/>
        <line num="33" count="3" type="stmt"/>
        <line num="45" count="3" type="stmt"/>
        <line num="52" count="3" type="stmt"/>
        <line num="53" count="4" type="stmt"/>
        <line num="60" count="3" type="stmt"/>
      </file>
    </package>
    <package name="src.user-settings">
      <metrics statements="58" coveredstatements="21" conditionals="29" coveredconditionals="12" methods="33" coveredmethods="9"/>
      <file name="ChangePassword.js" path="/Users/vincent/differential-projects/apollos/apollos-apps/packages/apolloschurchapp/src/user-settings/ChangePassword.js">
        <metrics statements="19" coveredstatements="7" conditionals="8" coveredconditionals="3" methods="9" coveredmethods="3"/>
        <line num="26" count="2" type="stmt"/>
        <line num="32" count="2" type="stmt"/>
        <line num="37" count="0" type="stmt"/>
        <line num="42" count="2" type="stmt"/>
        <line num="50" count="1" type="stmt"/>
        <line num="51" count="1" type="stmt"/>
        <line num="66" count="0" type="stmt"/>
        <line num="76" count="0" type="stmt"/>
        <line num="95" count="1" type="stmt"/>
        <line num="99" count="0" type="stmt"/>
        <line num="104" count="0" type="stmt"/>
        <line num="110" count="1" type="stmt"/>
        <line num="121" count="0" type="stmt"/>
        <line num="122" count="0" type="stmt"/>
        <line num="124" count="0" type="stmt"/>
        <line num="126" count="0" type="stmt"/>
        <line num="127" count="0" type="cond" truecount="0" falsecount="2"/>
        <line num="128" count="0" type="stmt"/>
        <line num="134" count="0" type="stmt"/>
      </file>
      <file name="PersonalDetails.js" path="/Users/vincent/differential-projects/apollos/apollos-apps/packages/apolloschurchapp/src/user-settings/PersonalDetails.js">
        <metrics statements="23" coveredstatements="9" conditionals="16" coveredconditionals="6" methods="12" coveredmethods="4"/>
        <line num="26" count="2" type="stmt"/>
        <line num="32" count="2" type="stmt"/>
        <line num="37" count="0" type="stmt"/>
        <line num="42" count="2" type="stmt"/>
        <line num="50" count="1" type="stmt"/>
        <line num="52" count="3" type="stmt"/>
        <line num="67" count="0" type="stmt"/>
        <line num="74" count="0" type="stmt"/>
        <line num="81" count="0" type="stmt"/>
        <line num="99" count="1" type="stmt"/>
        <line num="102" count="3" type="stmt"/>
        <line num="104" count="3" type="stmt"/>
        <line num="108" count="0" type="stmt"/>
        <line num="125" count="3" type="stmt"/>
        <line num="138" count="0" type="stmt"/>
        <line num="139" count="0" type="stmt"/>
        <line num="140" count="0" type="stmt"/>
        <line num="142" count="0" type="stmt"/>
        <line num="143" count="0" type="cond" truecount="0" falsecount="2"/>
        <line num="146" count="0" type="stmt"/>
        <line num="149" count="0" type="stmt"/>
        <line num="154" count="0" type="stmt"/>
        <line num="160" count="0" type="stmt"/>
      </file>
      <file name="index.js" path="/Users/vincent/differential-projects/apollos/apollos-apps/packages/apolloschurchapp/src/user-settings/index.js">
        <metrics statements="16" coveredstatements="5" conditionals="5" coveredconditionals="3" methods="12" coveredmethods="2"/>
        <line num="26" count="2" type="stmt"/>
        <line num="30" count="2" type="stmt"/>
        <line num="38" count="1" type="stmt"/>
        <line num="41" count="3" type="cond" truecount="1" falsecount="1"/>
        <line num="42" count="3" type="cond" truecount="1" falsecount="1"/>
        <line num="43" count="0" type="stmt"/>
        <line num="50" count="0" type="stmt"/>
        <line num="54" count="0" type="stmt"/>
        <line num="67" count="0" type="stmt"/>
        <line num="78" count="0" type="stmt"/>
        <line num="92" count="0" type="stmt"/>
        <line num="104" count="0" type="stmt"/>
        <line num="115" count="0" type="stmt"/>
        <line num="127" count="0" type="stmt"/>
        <line num="129" count="0" type="stmt"/>
        <line num="132" count="0" type="stmt"/>
      </file>
      <file name="passwordChange.js" path="/Users/vincent/differential-projects/apollos/apollos-apps/packages/apolloschurchapp/src/user-settings/passwordChange.js">
        <metrics statements="0" coveredstatements="0" conditionals="0" coveredconditionals="0" methods="0" coveredmethods="0"/>
      </file>
      <file name="updateCurrentUser.js" path="/Users/vincent/differential-projects/apollos/apollos-apps/packages/apolloschurchapp/src/user-settings/updateCurrentUser.js">
        <metrics statements="0" coveredstatements="0" conditionals="0" coveredconditionals="0" methods="0" coveredmethods="0"/>
      </file>
    </package>
    <package name="src.user-web-browser">
      <metrics statements="17" coveredstatements="17" conditionals="5" coveredconditionals="5" methods="4" coveredmethods="4"/>
      <file name="Provider.js" path="/Users/vincent/differential-projects/apollos/apollos-apps/packages/apolloschurchapp/src/user-web-browser/Provider.js">
        <metrics statements="3" coveredstatements="3" conditionals="0" coveredconditionals="0" methods="1" coveredmethods="1"/>
        <line num="6" count="2" type="stmt"/>
        <line num="7" count="1" type="stmt"/>
        <line num="9" count="2" type="stmt"/>
      </file>
      <file name="index.js" path="/Users/vincent/differential-projects/apollos/apollos-apps/packages/apolloschurchapp/src/user-web-browser/index.js">
        <metrics statements="14" coveredstatements="14" conditionals="5" coveredconditionals="5" methods="3" coveredmethods="3"/>
        <line num="11" count="2" type="stmt"/>
        <line num="12" count="2" type="cond" truecount="2" falsecount="0"/>
        <line num="13" count="1" type="stmt"/>
        <line num="19" count="1" type="stmt"/>
        <line num="22" count="2" type="stmt"/>
        <line num="28" count="2" type="stmt"/>
        <line num="37" count="2" type="cond" truecount="1" falsecount="0"/>
        <line num="39" count="2" type="stmt"/>
        <line num="40" count="2" type="stmt"/>
        <line num="43" count="3" type="cond" truecount="2" falsecount="0"/>
        <line num="44" count="1" type="stmt"/>
        <line num="46" count="2" type="stmt"/>
        <line num="47" count="2" type="stmt"/>
        <line num="60" count="2" type="stmt"/>
      </file>
    </package>
    <package name="src.utils">
      <metrics statements="5" coveredstatements="5" conditionals="0" coveredconditionals="0" methods="1" coveredmethods="1"/>
      <file name="testUtils.js" path="/Users/vincent/differential-projects/apollos/apollos-apps/packages/apolloschurchapp/src/utils/testUtils.js">
        <metrics statements="5" coveredstatements="5" conditionals="0" coveredconditionals="0" methods="1" coveredmethods="1"/>
        <line num="5" count="10" type="stmt"/>
        <line num="6" count="12" type="stmt"/>
        <line num="7" count="12" type="stmt"/>
        <line num="8" count="12" type="stmt"/>
        <line num="9" count="12" type="stmt"/>
      </file>
    </package>
  </project>
</coverage>
