{"/Users/vincent/differential-projects/apollos/apollos-apps/packages/apolloschurchapp/src/LandingScreen.js": {"path":"/Users/vincent/differential-projects/apollos/apollos-apps/packages/apolloschurchapp/src/LandingScreen.js","statementMap":{"0":{"start":{"line":6,"column":24},"end":{"line":9,"column":24}},"1":{"start":{"line":11,"column":22},"end":{"line":20,"column":1}},"2":{"start":{"line":12,"column":2},"end":{"line":19,"column":4}},"3":{"start":{"line":13,"column":26},"end":{"line":13,"column":49}},"4":{"start":{"line":22,"column":0},"end":{"line":24,"column":2}}},"fnMap":{"0":{"name":"(anonymous_0)","decl":{"start":{"line":11,"column":22},"end":{"line":11,"column":23}},"loc":{"start":{"line":12,"column":2},"end":{"line":19,"column":4}},"line":12},"1":{"name":"(anonymous_1)","decl":{"start":{"line":13,"column":20},"end":{"line":13,"column":21}},"loc":{"start":{"line":13,"column":26},"end":{"line":13,"column":49}},"line":13}},"branchMap":{},"s":{"0":1,"1":1,"2":0,"3":0,"4":1},"f":{"0":0,"1":0},"b":{},"_coverageSchema":"43e27e138ebf9cfc5966b082cf9a028302ed4184","hash":"e65bca3456b6a79c06c900edc47a97651feec1e9"}
,"/Users/vincent/differential-projects/apollos/apollos-apps/packages/apolloschurchapp/src/NavigationService.js": {"path":"/Users/vincent/differential-projects/apollos/apollos-apps/packages/apolloschurchapp/src/NavigationService.js","statementMap":{"0":{"start":{"line":5,"column":29},"end":{"line":7,"column":1}},"1":{"start":{"line":6,"column":2},"end":{"line":6,"column":28}},"2":{"start":{"line":9,"column":17},"end":{"line":16,"column":1}},"3":{"start":{"line":10,"column":2},"end":{"line":15,"column":4}},"4":{"start":{"line":18,"column":27},"end":{"line":30,"column":4}},"5":{"start":{"line":19,"column":2},"end":{"line":30,"column":4}},"6":{"start":{"line":32,"column":20},"end":{"line":39,"column":1}},"7":{"start":{"line":33,"column":2},"end":{"line":38,"column":4}},"8":{"start":{"line":41,"column":15},"end":{"line":48,"column":1}},"9":{"start":{"line":43,"column":2},"end":{"line":46,"column":3}},"10":{"start":{"line":44,"column":18},"end":{"line":44,"column":79}},"11":{"start":{"line":44,"column":58},"end":{"line":44,"column":78}},"12":{"start":{"line":45,"column":4},"end":{"line":45,"column":33}},"13":{"start":{"line":45,"column":15},"end":{"line":45,"column":33}},"14":{"start":{"line":47,"column":2},"end":{"line":47,"column":55}}},"fnMap":{"0":{"name":"(anonymous_0)","decl":{"start":{"line":5,"column":29},"end":{"line":5,"column":30}},"loc":{"start":{"line":5,"column":47},"end":{"line":7,"column":1}},"line":5},"1":{"name":"(anonymous_1)","decl":{"start":{"line":9,"column":17},"end":{"line":9,"column":18}},"loc":{"start":{"line":9,"column":40},"end":{"line":16,"column":1}},"line":9},"2":{"name":"(anonymous_2)","decl":{"start":{"line":18,"column":27},"end":{"line":18,"column":28}},"loc":{"start":{"line":19,"column":2},"end":{"line":30,"column":4}},"line":19},"3":{"name":"(anonymous_3)","decl":{"start":{"line":32,"column":20},"end":{"line":32,"column":21}},"loc":{"start":{"line":32,"column":26},"end":{"line":39,"column":1}},"line":32},"4":{"name":"(anonymous_4)","decl":{"start":{"line":41,"column":15},"end":{"line":41,"column":16}},"loc":{"start":{"line":41,"column":25},"end":{"line":48,"column":1}},"line":41},"5":{"name":"(anonymous_5)","decl":{"start":{"line":44,"column":51},"end":{"line":44,"column":52}},"loc":{"start":{"line":44,"column":58},"end":{"line":44,"column":78}},"line":44}},"branchMap":{"0":{"loc":{"start":{"line":43,"column":2},"end":{"line":46,"column":3}},"type":"if","locations":[{"start":{"line":43,"column":2},"end":{"line":46,"column":3}},{"start":{"line":43,"column":2},"end":{"line":46,"column":3}}],"line":43},"1":{"loc":{"start":{"line":45,"column":4},"end":{"line":45,"column":33}},"type":"if","locations":[{"start":{"line":45,"column":4},"end":{"line":45,"column":33}},{"start":{"line":45,"column":4},"end":{"line":45,"column":33}}],"line":45}},"s":{"0":18,"1":1,"2":18,"3":0,"4":18,"5":0,"6":18,"7":0,"8":18,"9":0,"10":0,"11":0,"12":0,"13":0,"14":0},"f":{"0":1,"1":0,"2":0,"3":0,"4":0,"5":0},"b":{"0":[0,0],"1":[0,0]},"_coverageSchema":"43e27e138ebf9cfc5966b082cf9a028302ed4184","hash":"c978989872fa270cce979231e5bb8b2101c48848"}
,"/Users/vincent/differential-projects/apollos/apollos-apps/packages/apolloschurchapp/src/Providers.js": {"path":"/Users/vincent/differential-projects/apollos/apollos-apps/packages/apolloschurchapp/src/Providers.js","statementMap":{"0":{"start":{"line":14,"column":21},"end":{"line":39,"column":1}},"1":{"start":{"line":15,"column":2},"end":{"line":38,"column":19}},"2":{"start":{"line":21,"column":30},"end":{"line":21,"column":64}},"3":{"start":{"line":23,"column":25},"end":{"line":23,"column":65}}},"fnMap":{"0":{"name":"(anonymous_0)","decl":{"start":{"line":14,"column":21},"end":{"line":14,"column":22}},"loc":{"start":{"line":15,"column":2},"end":{"line":38,"column":19}},"line":15},"1":{"name":"(anonymous_1)","decl":{"start":{"line":21,"column":24},"end":{"line":21,"column":25}},"loc":{"start":{"line":21,"column":30},"end":{"line":21,"column":64}},"line":21},"2":{"name":"(anonymous_2)","decl":{"start":{"line":23,"column":19},"end":{"line":23,"column":20}},"loc":{"start":{"line":23,"column":25},"end":{"line":23,"column":65}},"line":23}},"branchMap":{},"s":{"0":18,"1":29,"2":0,"3":0},"f":{"0":29,"1":0,"2":0},"b":{},"_coverageSchema":"43e27e138ebf9cfc5966b082cf9a028302ed4184","hash":"e849436baa8b64339eb0c71eabbba8702dcc73af"}
,"/Users/vincent/differential-projects/apollos/apollos-apps/packages/apolloschurchapp/src/index.js": {"path":"/Users/vincent/differential-projects/apollos/apollos-apps/packages/apolloschurchapp/src/index.js","statementMap":{"0":{"start":{"line":24,"column":21},"end":{"line":27,"column":14}},"1":{"start":{"line":24,"column":47},"end":{"line":27,"column":1}},"2":{"start":{"line":29,"column":39},"end":{"line":33,"column":1}},"3":{"start":{"line":30,"column":30},"end":{"line":30,"column":55}},"4":{"start":{"line":30,"column":36},"end":{"line":30,"column":55}},"5":{"start":{"line":32,"column":2},"end":{"line":32,"column":75}},"6":{"start":{"line":36,"column":21},"end":{"line":36,"column":65}},"7":{"start":{"line":36,"column":32},"end":{"line":36,"column":65}},"8":{"start":{"line":38,"column":0},"end":{"line":38,"column":40}},"9":{"start":{"line":40,"column":21},"end":{"line":60,"column":1}},"10":{"start":{"line":62,"column":21},"end":{"line":62,"column":53}},"11":{"start":{"line":64,"column":12},"end":{"line":76,"column":1}},"12":{"start":{"line":65,"column":2},"end":{"line":75,"column":14}},"13":{"start":{"line":70,"column":10},"end":{"line":70,"column":63}}},"fnMap":{"0":{"name":"(anonymous_0)","decl":{"start":{"line":24,"column":31},"end":{"line":24,"column":32}},"loc":{"start":{"line":24,"column":47},"end":{"line":27,"column":1}},"line":24},"1":{"name":"(anonymous_1)","decl":{"start":{"line":29,"column":39},"end":{"line":29,"column":40}},"loc":{"start":{"line":29,"column":50},"end":{"line":33,"column":1}},"line":29},"2":{"name":"(anonymous_2)","decl":{"start":{"line":30,"column":30},"end":{"line":30,"column":31}},"loc":{"start":{"line":30,"column":36},"end":{"line":30,"column":55}},"line":30},"3":{"name":"(anonymous_3)","decl":{"start":{"line":36,"column":21},"end":{"line":36,"column":22}},"loc":{"start":{"line":36,"column":32},"end":{"line":36,"column":65}},"line":36},"4":{"name":"(anonymous_4)","decl":{"start":{"line":64,"column":12},"end":{"line":64,"column":13}},"loc":{"start":{"line":65,"column":2},"end":{"line":75,"column":14}},"line":65},"5":{"name":"(anonymous_5)","decl":{"start":{"line":69,"column":13},"end":{"line":69,"column":14}},"loc":{"start":{"line":69,"column":31},"end":{"line":71,"column":9}},"line":69}},"branchMap":{},"s":{"0":1,"1":1,"2":1,"3":1,"4":0,"5":1,"6":1,"7":0,"8":1,"9":1,"10":1,"11":1,"12":1,"13":1},"f":{"0":1,"1":1,"2":0,"3":0,"4":1,"5":1},"b":{},"_coverageSchema":"43e27e138ebf9cfc5966b082cf9a028302ed4184","hash":"e41134cf3899d9692d2a78911e3e3f28c1953571"}
,"/Users/vincent/differential-projects/apollos/apollos-apps/packages/apolloschurchapp/src/client/cache.js": {"path":"/Users/vincent/differential-projects/apollos/apollos-apps/packages/apolloschurchapp/src/client/cache.js","statementMap":{"0":{"start":{"line":11,"column":28},"end":{"line":15,"column":1}},"1":{"start":{"line":17,"column":33},"end":{"line":21,"column":1}},"2":{"start":{"line":26,"column":23},"end":{"line":26,"column":58}},"3":{"start":{"line":27,"column":27},"end":{"line":27,"column":50}},"4":{"start":{"line":29,"column":26},"end":{"line":30,"column":63}},"5":{"start":{"line":30,"column":2},"end":{"line":30,"column":63}},"6":{"start":{"line":32,"column":14},"end":{"line":41,"column":2}},"7":{"start":{"line":43,"column":18},"end":{"line":46,"column":2}},"8":{"start":{"line":53,"column":36},"end":{"line":77,"column":4}},"9":{"start":{"line":56,"column":2},"end":{"line":76,"column":3}},"10":{"start":{"line":57,"column":27},"end":{"line":57,"column":73}},"11":{"start":{"line":58,"column":4},"end":{"line":73,"column":5}},"12":{"start":{"line":61,"column":6},"end":{"line":67,"column":7}},"13":{"start":{"line":62,"column":8},"end":{"line":62,"column":34}},"14":{"start":{"line":65,"column":8},"end":{"line":65,"column":32}},"15":{"start":{"line":66,"column":8},"end":{"line":66,"column":80}},"16":{"start":{"line":71,"column":6},"end":{"line":71,"column":30}},"17":{"start":{"line":72,"column":6},"end":{"line":72,"column":69}},"18":{"start":{"line":75,"column":4},"end":{"line":75,"column":68}}},"fnMap":{"0":{"name":"(anonymous_0)","decl":{"start":{"line":29,"column":26},"end":{"line":29,"column":27}},"loc":{"start":{"line":30,"column":2},"end":{"line":30,"column":63}},"line":30},"1":{"name":"(anonymous_1)","decl":{"start":{"line":53,"column":37},"end":{"line":53,"column":38}},"loc":{"start":{"line":53,"column":49},"end":{"line":77,"column":1}},"line":53}},"branchMap":{"0":{"loc":{"start":{"line":30,"column":2},"end":{"line":30,"column":63}},"type":"cond-expr","locations":[{"start":{"line":30,"column":7},"end":{"line":30,"column":56}},{"start":{"line":30,"column":59},"end":{"line":30,"column":63}}],"line":30},"1":{"loc":{"start":{"line":58,"column":4},"end":{"line":73,"column":5}},"type":"if","locations":[{"start":{"line":58,"column":4},"end":{"line":73,"column":5}},{"start":{"line":58,"column":4},"end":{"line":73,"column":5}}],"line":58}},"s":{"0":18,"1":18,"2":18,"3":18,"4":18,"5":34,"6":18,"7":18,"8":18,"9":18,"10":18,"11":11,"12":0,"13":0,"14":0,"15":0,"16":11,"17":0,"18":11},"f":{"0":34,"1":18},"b":{"0":[34,0],"1":[0,11]},"_coverageSchema":"43e27e138ebf9cfc5966b082cf9a028302ed4184","hash":"80455e5e1dcf2cab06c2f6d4a5356fa7d4c28b0d"}
,"/Users/vincent/differential-projects/apollos/apollos-apps/packages/apolloschurchapp/src/content-feed/getContentFeed.js": {"path":"/Users/vincent/differential-projects/apollos/apollos-apps/packages/apolloschurchapp/src/content-feed/getContentFeed.js","statementMap":{},"fnMap":{},"branchMap":{},"s":{},"f":{},"b":{},"_coverageSchema":"43e27e138ebf9cfc5966b082cf9a028302ed4184","hash":"a423e8c91bdc2a03861d3bffd1406368b8815338"}
,"/Users/vincent/differential-projects/apollos/apollos-apps/packages/apolloschurchapp/src/content-feed/index.js": {"path":"/Users/vincent/differential-projects/apollos/apollos-apps/packages/apolloschurchapp/src/content-feed/index.js","statementMap":{"0":{"start":{"line":20,"column":29},"end":{"line":25,"column":3}},"1":{"start":{"line":21,"column":22},"end":{"line":21,"column":73}},"2":{"start":{"line":22,"column":4},"end":{"line":24,"column":6}},"3":{"start":{"line":27,"column":21},"end":{"line":35,"column":3}},"4":{"start":{"line":40,"column":18},"end":{"line":44,"column":6}},"5":{"start":{"line":41,"column":4},"end":{"line":44,"column":6}},"6":{"start":{"line":47,"column":27},"end":{"line":47,"column":37}},"7":{"start":{"line":48,"column":19},"end":{"line":48,"column":52}},"8":{"start":{"line":49,"column":4},"end":{"line":78,"column":6}},"9":{"start":{"line":57,"column":12},"end":{"line":74,"column":14}},"10":{"start":{"line":63,"column":30},"end":{"line":63,"column":39}}},"fnMap":{"0":{"name":"(anonymous_0)","decl":{"start":{"line":20,"column":29},"end":{"line":20,"column":30}},"loc":{"start":{"line":20,"column":49},"end":{"line":25,"column":3}},"line":20},"1":{"name":"(anonymous_1)","decl":{"start":{"line":40,"column":18},"end":{"line":40,"column":19}},"loc":{"start":{"line":41,"column":4},"end":{"line":44,"column":6}},"line":41},"2":{"name":"(anonymous_2)","decl":{"start":{"line":46,"column":2},"end":{"line":46,"column":3}},"loc":{"start":{"line":46,"column":11},"end":{"line":79,"column":3}},"line":46},"3":{"name":"(anonymous_3)","decl":{"start":{"line":56,"column":11},"end":{"line":56,"column":12}},"loc":{"start":{"line":57,"column":12},"end":{"line":74,"column":14}},"line":57},"4":{"name":"(anonymous_4)","decl":{"start":{"line":63,"column":20},"end":{"line":63,"column":21}},"loc":{"start":{"line":63,"column":30},"end":{"line":63,"column":39}},"line":63}},"branchMap":{},"s":{"0":2,"1":0,"2":0,"3":2,"4":1,"5":0,"6":1,"7":1,"8":1,"9":3,"10":2},"f":{"0":0,"1":0,"2":1,"3":3,"4":2},"b":{},"_coverageSchema":"43e27e138ebf9cfc5966b082cf9a028302ed4184","hash":"2052d3c47aecd21ba18f45a11d481f227d48b453"}
,"/Users/vincent/differential-projects/apollos/apollos-apps/packages/apolloschurchapp/src/content-single/ContentSingle.js": {"path":"/Users/vincent/differential-projects/apollos/apollos-apps/packages/apolloschurchapp/src/content-single/ContentSingle.js","statementMap":{"0":{"start":{"line":20,"column":21},"end":{"line":25,"column":3}},"1":{"start":{"line":27,"column":29},"end":{"line":31,"column":3}},"2":{"start":{"line":34,"column":4},"end":{"line":34,"column":56}},"3":{"start":{"line":38,"column":4},"end":{"line":38,"column":35}},"4":{"start":{"line":41,"column":18},"end":{"line":77,"column":3}},"5":{"start":{"line":42,"column":25},"end":{"line":42,"column":32}},"6":{"start":{"line":43,"column":4},"end":{"line":45,"column":5}},"7":{"start":{"line":44,"column":6},"end":{"line":44,"column":44}},"8":{"start":{"line":47,"column":4},"end":{"line":76,"column":5}},"9":{"start":{"line":49,"column":8},"end":{"line":56,"column":10}},"10":{"start":{"line":58,"column":8},"end":{"line":65,"column":10}},"11":{"start":{"line":68,"column":8},"end":{"line":75,"column":10}},"12":{"start":{"line":79,"column":19},"end":{"line":105,"column":3}},"13":{"start":{"line":80,"column":4},"end":{"line":80,"column":50}},"14":{"start":{"line":80,"column":15},"end":{"line":80,"column":50}},"15":{"start":{"line":82,"column":20},"end":{"line":82,"column":35}},"16":{"start":{"line":84,"column":31},"end":{"line":84,"column":38}},"17":{"start":{"line":86,"column":4},"end":{"line":104,"column":6}},"18":{"start":{"line":108,"column":4},"end":{"line":112,"column":6}}},"fnMap":{"0":{"name":"(anonymous_0)","decl":{"start":{"line":33,"column":2},"end":{"line":33,"column":3}},"loc":{"start":{"line":33,"column":15},"end":{"line":35,"column":3}},"line":33},"1":{"name":"(anonymous_1)","decl":{"start":{"line":37,"column":2},"end":{"line":37,"column":3}},"loc":{"start":{"line":37,"column":23},"end":{"line":39,"column":3}},"line":37},"2":{"name":"(anonymous_2)","decl":{"start":{"line":41,"column":18},"end":{"line":41,"column":19}},"loc":{"start":{"line":41,"column":51},"end":{"line":77,"column":3}},"line":41},"3":{"name":"(anonymous_3)","decl":{"start":{"line":79,"column":19},"end":{"line":79,"column":20}},"loc":{"start":{"line":79,"column":49},"end":{"line":105,"column":3}},"line":79},"4":{"name":"(anonymous_4)","decl":{"start":{"line":107,"column":2},"end":{"line":107,"column":3}},"loc":{"start":{"line":107,"column":11},"end":{"line":113,"column":3}},"line":107}},"branchMap":{"0":{"loc":{"start":{"line":43,"column":4},"end":{"line":45,"column":5}},"type":"if","locations":[{"start":{"line":43,"column":4},"end":{"line":45,"column":5}},{"start":{"line":43,"column":4},"end":{"line":45,"column":5}}],"line":43},"1":{"loc":{"start":{"line":43,"column":8},"end":{"line":43,"column":34}},"type":"binary-expr","locations":[{"start":{"line":43,"column":8},"end":{"line":43,"column":19}},{"start":{"line":43,"column":23},"end":{"line":43,"column":34}}],"line":43},"2":{"loc":{"start":{"line":47,"column":4},"end":{"line":76,"column":5}},"type":"switch","locations":[{"start":{"line":48,"column":6},"end":{"line":56,"column":10}},{"start":{"line":57,"column":6},"end":{"line":65,"column":10}},{"start":{"line":66,"column":6},"end":{"line":66,"column":34}},{"start":{"line":67,"column":6},"end":{"line":75,"column":10}}],"line":47},"3":{"loc":{"start":{"line":80,"column":4},"end":{"line":80,"column":50}},"type":"if","locations":[{"start":{"line":80,"column":4},"end":{"line":80,"column":50}},{"start":{"line":80,"column":4},"end":{"line":80,"column":50}}],"line":80},"4":{"loc":{"start":{"line":82,"column":20},"end":{"line":82,"column":35}},"type":"binary-expr","locations":[{"start":{"line":82,"column":20},"end":{"line":82,"column":29}},{"start":{"line":82,"column":33},"end":{"line":82,"column":35}}],"line":82},"5":{"loc":{"start":{"line":84,"column":12},"end":{"line":84,"column":22}},"type":"default-arg","locations":[{"start":{"line":84,"column":20},"end":{"line":84,"column":22}}],"line":84},"6":{"loc":{"start":{"line":94,"column":21},"end":{"line":94,"column":46}},"type":"binary-expr","locations":[{"start":{"line":94,"column":21},"end":{"line":94,"column":29}},{"start":{"line":94,"column":33},"end":{"line":94,"column":46}}],"line":94}},"s":{"0":1,"1":1,"2":0,"3":0,"4":0,"5":0,"6":0,"7":0,"8":0,"9":0,"10":0,"11":0,"12":0,"13":0,"14":0,"15":0,"16":0,"17":0,"18":0},"f":{"0":0,"1":0,"2":0,"3":0,"4":0},"b":{"0":[0,0],"1":[0,0],"2":[0,0,0,0],"3":[0,0],"4":[0,0],"5":[0],"6":[0,0]},"_coverageSchema":"43e27e138ebf9cfc5966b082cf9a028302ed4184","hash":"a67ce02fd5147b74d216064b7d3cb423abbd6aba"}
,"/Users/vincent/differential-projects/apollos/apollos-apps/packages/apolloschurchapp/src/content-single/NavigationHeader.js": {"path":"/Users/vincent/differential-projects/apollos/apollos-apps/packages/apolloschurchapp/src/content-single/NavigationHeader.js","statementMap":{"0":{"start":{"line":5,"column":25},"end":{"line":13,"column":1}},"1":{"start":{"line":6,"column":15},"end":{"line":6,"column":19}},"2":{"start":{"line":7,"column":2},"end":{"line":7,"column":55}},"3":{"start":{"line":7,"column":23},"end":{"line":7,"column":55}},"4":{"start":{"line":7,"column":38},"end":{"line":7,"column":54}},"5":{"start":{"line":8,"column":18},"end":{"line":10,"column":3}},"6":{"start":{"line":9,"column":4},"end":{"line":9,"column":24}},"7":{"start":{"line":12,"column":2},"end":{"line":12,"column":80}},"8":{"start":{"line":15,"column":0},"end":{"line":23,"column":2}}},"fnMap":{"0":{"name":"(anonymous_0)","decl":{"start":{"line":5,"column":25},"end":{"line":5,"column":26}},"loc":{"start":{"line":5,"column":52},"end":{"line":13,"column":1}},"line":5},"1":{"name":"(anonymous_1)","decl":{"start":{"line":7,"column":32},"end":{"line":7,"column":33}},"loc":{"start":{"line":7,"column":38},"end":{"line":7,"column":54}},"line":7},"2":{"name":"(anonymous_2)","decl":{"start":{"line":8,"column":18},"end":{"line":8,"column":19}},"loc":{"start":{"line":8,"column":24},"end":{"line":10,"column":3}},"line":8}},"branchMap":{"0":{"loc":{"start":{"line":7,"column":2},"end":{"line":7,"column":55}},"type":"if","locations":[{"start":{"line":7,"column":2},"end":{"line":7,"column":55}},{"start":{"line":7,"column":2},"end":{"line":7,"column":55}}],"line":7}},"s":{"0":2,"1":0,"2":0,"3":0,"4":0,"5":0,"6":0,"7":0,"8":2},"f":{"0":0,"1":0,"2":0},"b":{"0":[0,0]},"_coverageSchema":"43e27e138ebf9cfc5966b082cf9a028302ed4184","hash":"aede38a4c4b8b6fdcedca592b424c5afe33ca4ff"}
,"/Users/vincent/differential-projects/apollos/apollos-apps/packages/apolloschurchapp/src/content-single/getContentItem.js": {"path":"/Users/vincent/differential-projects/apollos/apollos-apps/packages/apolloschurchapp/src/content-single/getContentItem.js","statementMap":{},"fnMap":{},"branchMap":{},"s":{},"f":{},"b":{},"_coverageSchema":"43e27e138ebf9cfc5966b082cf9a028302ed4184","hash":"f1f398146dccccbbc70337000d24992aa1dd18a1"}
,"/Users/vincent/differential-projects/apollos/apollos-apps/packages/apolloschurchapp/src/content-single/index.js": {"path":"/Users/vincent/differential-projects/apollos/apollos-apps/packages/apolloschurchapp/src/content-single/index.js","statementMap":{"0":{"start":{"line":5,"column":31},"end":{"line":15,"column":1}}},"fnMap":{},"branchMap":{},"s":{"0":1},"f":{},"b":{},"_coverageSchema":"43e27e138ebf9cfc5966b082cf9a028302ed4184","hash":"5cf620f75c45b73e3773be4ec9e1c324514314ff"}
,"/Users/vincent/differential-projects/apollos/apollos-apps/packages/apolloschurchapp/src/content-single/ActionContainer/index.js": {"path":"/Users/vincent/differential-projects/apollos/apollos-apps/packages/apolloschurchapp/src/content-single/ActionContainer/index.js","statementMap":{"0":{"start":{"line":11,"column":24},"end":{"line":15,"column":19}},"1":{"start":{"line":11,"column":47},"end":{"line":15,"column":1}},"2":{"start":{"line":17,"column":18},"end":{"line":20,"column":9}},"3":{"start":{"line":17,"column":41},"end":{"line":20,"column":1}},"4":{"start":{"line":22,"column":24},"end":{"line":31,"column":1}},"5":{"start":{"line":23,"column":2},"end":{"line":30,"column":14}},"6":{"start":{"line":33,"column":0},"end":{"line":36,"column":2}}},"fnMap":{"0":{"name":"(anonymous_0)","decl":{"start":{"line":11,"column":31},"end":{"line":11,"column":32}},"loc":{"start":{"line":11,"column":47},"end":{"line":15,"column":1}},"line":11},"1":{"name":"(anonymous_1)","decl":{"start":{"line":17,"column":25},"end":{"line":17,"column":26}},"loc":{"start":{"line":17,"column":41},"end":{"line":20,"column":1}},"line":17},"2":{"name":"(anonymous_2)","decl":{"start":{"line":22,"column":24},"end":{"line":22,"column":25}},"loc":{"start":{"line":23,"column":2},"end":{"line":30,"column":14}},"line":23}},"branchMap":{},"s":{"0":1,"1":0,"2":1,"3":0,"4":1,"5":0,"6":1},"f":{"0":0,"1":0,"2":0},"b":{},"_coverageSchema":"43e27e138ebf9cfc5966b082cf9a028302ed4184","hash":"856c192d9e8a45979edf4c0ded2327ca55e8b75e"}
,"/Users/vincent/differential-projects/apollos/apollos-apps/packages/apolloschurchapp/src/content-single/DevotionalContentItem/ContentTab.js": {"path":"/Users/vincent/differential-projects/apollos/apollos-apps/packages/apolloschurchapp/src/content-single/DevotionalContentItem/ContentTab.js","statementMap":{"0":{"start":{"line":11,"column":25},"end":{"line":13,"column":1}},"1":{"start":{"line":20,"column":19},"end":{"line":45,"column":1}},"2":{"start":{"line":28,"column":2},"end":{"line":44,"column":15}},"3":{"start":{"line":47,"column":0},"end":{"line":63,"column":2}}},"fnMap":{"0":{"name":"(anonymous_0)","decl":{"start":{"line":20,"column":19},"end":{"line":20,"column":20}},"loc":{"start":{"line":28,"column":2},"end":{"line":44,"column":15}},"line":28}},"branchMap":{"0":{"loc":{"start":{"line":31,"column":7},"end":{"line":37,"column":14}},"type":"cond-expr","locations":[{"start":{"line":32,"column":8},"end":{"line":36,"column":10}},{"start":{"line":37,"column":10},"end":{"line":37,"column":14}}],"line":31},"1":{"loc":{"start":{"line":31,"column":7},"end":{"line":31,"column":38}},"type":"binary-expr","locations":[{"start":{"line":31,"column":7},"end":{"line":31,"column":17}},{"start":{"line":31,"column":21},"end":{"line":31,"column":38}}],"line":31}},"s":{"0":2,"1":2,"2":2,"3":2},"f":{"0":2},"b":{"0":[1,1],"1":[2,1]},"_coverageSchema":"43e27e138ebf9cfc5966b082cf9a028302ed4184","hash":"c9997ad22a5ab73bc2a15e16f778b2e9dc601128"}
,"/Users/vincent/differential-projects/apollos/apollos-apps/packages/apolloschurchapp/src/content-single/DevotionalContentItem/ScriptureTab.js": {"path":"/Users/vincent/differential-projects/apollos/apollos-apps/packages/apolloschurchapp/src/content-single/DevotionalContentItem/ScriptureTab.js","statementMap":{"0":{"start":{"line":13,"column":21},"end":{"line":35,"column":1}},"1":{"start":{"line":14,"column":2},"end":{"line":34,"column":15}},"2":{"start":{"line":17,"column":8},"end":{"line":27,"column":10}},"3":{"start":{"line":37,"column":0},"end":{"line":57,"column":2}}},"fnMap":{"0":{"name":"(anonymous_0)","decl":{"start":{"line":13,"column":21},"end":{"line":13,"column":22}},"loc":{"start":{"line":14,"column":2},"end":{"line":34,"column":15}},"line":14},"1":{"name":"(anonymous_1)","decl":{"start":{"line":16,"column":21},"end":{"line":16,"column":22}},"loc":{"start":{"line":17,"column":8},"end":{"line":27,"column":10}},"line":17}},"branchMap":{"0":{"loc":{"start":{"line":24,"column":12},"end":{"line":24,"column":61}},"type":"cond-expr","locations":[{"start":{"line":24,"column":41},"end":{"line":24,"column":54}},{"start":{"line":24,"column":57},"end":{"line":24,"column":61}}],"line":24}},"s":{"0":2,"1":1,"2":2,"3":2},"f":{"0":1,"1":2},"b":{"0":[1,1]},"_coverageSchema":"43e27e138ebf9cfc5966b082cf9a028302ed4184","hash":"9e7ac30264af6a2663ba547ea02e56efeb99d15e"}
,"/Users/vincent/differential-projects/apollos/apollos-apps/packages/apolloschurchapp/src/content-single/DevotionalContentItem/getScripture.js": {"path":"/Users/vincent/differential-projects/apollos/apollos-apps/packages/apolloschurchapp/src/content-single/DevotionalContentItem/getScripture.js","statementMap":{},"fnMap":{},"branchMap":{},"s":{},"f":{},"b":{},"_coverageSchema":"43e27e138ebf9cfc5966b082cf9a028302ed4184","hash":"b72c18bfc82cb5606a59f981b1905d7c2a2fb380"}
,"/Users/vincent/differential-projects/apollos/apollos-apps/packages/apolloschurchapp/src/content-single/DevotionalContentItem/index.js": {"path":"/Users/vincent/differential-projects/apollos/apollos-apps/packages/apolloschurchapp/src/content-single/DevotionalContentItem/index.js","statementMap":{"0":{"start":{"line":19,"column":27},"end":{"line":19,"column":60}},"1":{"start":{"line":26,"column":21},"end":{"line":36,"column":3}},"2":{"start":{"line":43,"column":27},"end":{"line":55,"column":3}},"3":{"start":{"line":44,"column":27},"end":{"line":44,"column":31}},"4":{"start":{"line":46,"column":4},"end":{"line":52,"column":5}},"5":{"start":{"line":47,"column":6},"end":{"line":51,"column":8}},"6":{"start":{"line":50,"column":10},"end":{"line":50,"column":29}},"7":{"start":{"line":54,"column":4},"end":{"line":54,"column":28}},"8":{"start":{"line":61,"column":17},"end":{"line":70,"column":3}},"9":{"start":{"line":61,"column":46},"end":{"line":70,"column":3}},"10":{"start":{"line":62,"column":4},"end":{"line":69,"column":6}},"11":{"start":{"line":75,"column":19},"end":{"line":82,"column":3}},"12":{"start":{"line":75,"column":48},"end":{"line":82,"column":3}},"13":{"start":{"line":76,"column":4},"end":{"line":81,"column":6}},"14":{"start":{"line":84,"column":18},"end":{"line":86,"column":3}},"15":{"start":{"line":85,"column":4},"end":{"line":85,"column":74}},"16":{"start":{"line":88,"column":15},"end":{"line":112,"column":3}},"17":{"start":{"line":89,"column":4},"end":{"line":89,"column":50}},"18":{"start":{"line":89,"column":15},"end":{"line":89,"column":50}},"19":{"start":{"line":91,"column":23},"end":{"line":91,"column":55}},"20":{"start":{"line":94,"column":28},"end":{"line":96,"column":10}},"21":{"start":{"line":95,"column":41},"end":{"line":95,"column":68}},"22":{"start":{"line":98,"column":25},"end":{"line":98,"column":58}},"23":{"start":{"line":99,"column":22},"end":{"line":99,"column":63}},"24":{"start":{"line":100,"column":16},"end":{"line":102,"column":5}},"25":{"start":{"line":103,"column":4},"end":{"line":106,"column":5}},"26":{"start":{"line":104,"column":6},"end":{"line":104,"column":63}},"27":{"start":{"line":105,"column":6},"end":{"line":105,"column":67}},"28":{"start":{"line":107,"column":4},"end":{"line":111,"column":6}},"29":{"start":{"line":115,"column":4},"end":{"line":127,"column":6}},"30":{"start":{"line":120,"column":14},"end":{"line":122,"column":59}}},"fnMap":{"0":{"name":"(anonymous_0)","decl":{"start":{"line":43,"column":27},"end":{"line":43,"column":28}},"loc":{"start":{"line":43,"column":42},"end":{"line":55,"column":3}},"line":43},"1":{"name":"(anonymous_1)","decl":{"start":{"line":48,"column":8},"end":{"line":48,"column":9}},"loc":{"start":{"line":50,"column":10},"end":{"line":50,"column":29}},"line":50},"2":{"name":"(anonymous_2)","decl":{"start":{"line":61,"column":17},"end":{"line":61,"column":18}},"loc":{"start":{"line":61,"column":46},"end":{"line":70,"column":3}},"line":61},"3":{"name":"(anonymous_3)","decl":{"start":{"line":61,"column":46},"end":{"line":61,"column":47}},"loc":{"start":{"line":62,"column":4},"end":{"line":69,"column":6}},"line":62},"4":{"name":"(anonymous_4)","decl":{"start":{"line":75,"column":19},"end":{"line":75,"column":20}},"loc":{"start":{"line":75,"column":48},"end":{"line":82,"column":3}},"line":75},"5":{"name":"(anonymous_5)","decl":{"start":{"line":75,"column":48},"end":{"line":75,"column":49}},"loc":{"start":{"line":76,"column":4},"end":{"line":81,"column":6}},"line":76},"6":{"name":"(anonymous_6)","decl":{"start":{"line":84,"column":18},"end":{"line":84,"column":19}},"loc":{"start":{"line":85,"column":4},"end":{"line":85,"column":74}},"line":85},"7":{"name":"(anonymous_7)","decl":{"start":{"line":88,"column":15},"end":{"line":88,"column":16}},"loc":{"start":{"line":88,"column":45},"end":{"line":112,"column":3}},"line":88},"8":{"name":"(anonymous_8)","decl":{"start":{"line":95,"column":26},"end":{"line":95,"column":27}},"loc":{"start":{"line":95,"column":41},"end":{"line":95,"column":68}},"line":95},"9":{"name":"(anonymous_9)","decl":{"start":{"line":114,"column":2},"end":{"line":114,"column":3}},"loc":{"start":{"line":114,"column":11},"end":{"line":128,"column":3}},"line":114},"10":{"name":"(anonymous_10)","decl":{"start":{"line":119,"column":13},"end":{"line":119,"column":14}},"loc":{"start":{"line":120,"column":14},"end":{"line":122,"column":59}},"line":120}},"branchMap":{"0":{"loc":{"start":{"line":46,"column":4},"end":{"line":52,"column":5}},"type":"if","locations":[{"start":{"line":46,"column":4},"end":{"line":52,"column":5}},{"start":{"line":46,"column":4},"end":{"line":52,"column":5}}],"line":46},"1":{"loc":{"start":{"line":50,"column":10},"end":{"line":50,"column":29}},"type":"binary-expr","locations":[{"start":{"line":50,"column":10},"end":{"line":50,"column":23}},{"start":{"line":50,"column":27},"end":{"line":50,"column":29}}],"line":50},"2":{"loc":{"start":{"line":68,"column":17},"end":{"line":68,"column":46}},"type":"binary-expr","locations":[{"start":{"line":68,"column":17},"end":{"line":68,"column":35}},{"start":{"line":68,"column":39},"end":{"line":68,"column":46}}],"line":68},"3":{"loc":{"start":{"line":80,"column":17},"end":{"line":80,"column":46}},"type":"binary-expr","locations":[{"start":{"line":80,"column":17},"end":{"line":80,"column":35}},{"start":{"line":80,"column":39},"end":{"line":80,"column":46}}],"line":80},"4":{"loc":{"start":{"line":89,"column":4},"end":{"line":89,"column":50}},"type":"if","locations":[{"start":{"line":89,"column":4},"end":{"line":89,"column":50}},{"start":{"line":89,"column":4},"end":{"line":89,"column":50}}],"line":89},"5":{"loc":{"start":{"line":94,"column":28},"end":{"line":96,"column":10}},"type":"cond-expr","locations":[{"start":{"line":95,"column":8},"end":{"line":95,"column":69}},{"start":{"line":96,"column":8},"end":{"line":96,"column":10}}],"line":94},"6":{"loc":{"start":{"line":98,"column":25},"end":{"line":98,"column":58}},"type":"binary-expr","locations":[{"start":{"line":98,"column":25},"end":{"line":98,"column":32}},{"start":{"line":98,"column":36},"end":{"line":98,"column":58}}],"line":98},"7":{"loc":{"start":{"line":103,"column":4},"end":{"line":106,"column":5}},"type":"if","locations":[{"start":{"line":103,"column":4},"end":{"line":106,"column":5}},{"start":{"line":103,"column":4},"end":{"line":106,"column":5}}],"line":103},"8":{"loc":{"start":{"line":107,"column":11},"end":{"line":111,"column":5}},"type":"cond-expr","locations":[{"start":{"line":108,"column":6},"end":{"line":108,"column":29}},{"start":{"line":110,"column":6},"end":{"line":110,"column":64}}],"line":107},"9":{"loc":{"start":{"line":120,"column":14},"end":{"line":122,"column":59}},"type":"cond-expr","locations":[{"start":{"line":121,"column":18},"end":{"line":121,"column":38}},{"start":{"line":122,"column":18},"end":{"line":122,"column":59}}],"line":120}},"s":{"0":2,"1":2,"2":1,"3":1,"4":1,"5":1,"6":2,"7":1,"8":1,"9":1,"10":1,"11":1,"12":1,"13":1,"14":1,"15":1,"16":1,"17":1,"18":0,"19":1,"20":1,"21":2,"22":1,"23":1,"24":1,"25":1,"26":1,"27":1,"28":1,"29":1,"30":2},"f":{"0":1,"1":2,"2":1,"3":1,"4":1,"5":1,"6":1,"7":1,"8":2,"9":1,"10":2},"b":{"0":[1,0],"1":[2,0],"2":[1,1],"3":[1,1],"4":[0,1],"5":[1,0],"6":[1,1],"7":[1,0],"8":[0,1],"9":[1,1]},"_coverageSchema":"43e27e138ebf9cfc5966b082cf9a028302ed4184","hash":"6df95043cb901715547f1bc24a24a4186069209b"}
,"/Users/vincent/differential-projects/apollos/apollos-apps/packages/apolloschurchapp/src/content-single/Features/ScriptureFeature.js": {"path":"/Users/vincent/differential-projects/apollos/apollos-apps/packages/apolloschurchapp/src/content-single/Features/ScriptureFeature.js","statementMap":{"0":{"start":{"line":8,"column":25},"end":{"line":29,"column":1}},"1":{"start":{"line":14,"column":2},"end":{"line":28,"column":15}},"2":{"start":{"line":19,"column":6},"end":{"line":26,"column":8}},"3":{"start":{"line":31,"column":0},"end":{"line":44,"column":2}}},"fnMap":{"0":{"name":"(anonymous_0)","decl":{"start":{"line":8,"column":25},"end":{"line":8,"column":26}},"loc":{"start":{"line":14,"column":2},"end":{"line":28,"column":15}},"line":14},"1":{"name":"(anonymous_1)","decl":{"start":{"line":18,"column":20},"end":{"line":18,"column":21}},"loc":{"start":{"line":19,"column":6},"end":{"line":26,"column":8}},"line":19}},"branchMap":{"0":{"loc":{"start":{"line":10,"column":11},"end":{"line":10,"column":27}},"type":"default-arg","locations":[{"start":{"line":10,"column":25},"end":{"line":10,"column":27}}],"line":10}},"s":{"0":1,"1":0,"2":0,"3":1},"f":{"0":0,"1":0},"b":{"0":[0]},"_coverageSchema":"43e27e138ebf9cfc5966b082cf9a028302ed4184","hash":"dd07fe75fa7b260e5346d8efa0732828f0453ebb"}
,"/Users/vincent/differential-projects/apollos/apollos-apps/packages/apolloschurchapp/src/content-single/Features/TextFeature.js": {"path":"/Users/vincent/differential-projects/apollos/apollos-apps/packages/apolloschurchapp/src/content-single/Features/TextFeature.js","statementMap":{"0":{"start":{"line":7,"column":20},"end":{"line":13,"column":1}},"1":{"start":{"line":8,"column":2},"end":{"line":12,"column":15}},"2":{"start":{"line":15,"column":0},"end":{"line":19,"column":2}}},"fnMap":{"0":{"name":"(anonymous_0)","decl":{"start":{"line":7,"column":20},"end":{"line":7,"column":21}},"loc":{"start":{"line":8,"column":2},"end":{"line":12,"column":15}},"line":8}},"branchMap":{"0":{"loc":{"start":{"line":7,"column":38},"end":{"line":7,"column":54}},"type":"default-arg","locations":[{"start":{"line":7,"column":52},"end":{"line":7,"column":54}}],"line":7}},"s":{"0":1,"1":0,"2":1},"f":{"0":0},"b":{"0":[0]},"_coverageSchema":"43e27e138ebf9cfc5966b082cf9a028302ed4184","hash":"0bd802c38f9162f74d1127bb81630f85249a86a9"}
,"/Users/vincent/differential-projects/apollos/apollos-apps/packages/apolloschurchapp/src/content-single/Features/getContentItemFeatures.js": {"path":"/Users/vincent/differential-projects/apollos/apollos-apps/packages/apolloschurchapp/src/content-single/Features/getContentItemFeatures.js","statementMap":{"0":{"start":{"line":7,"column":4},"end":{"line":7,"column":27}},"1":{"start":{"line":9,"column":26},"end":{"line":17,"column":1}}},"fnMap":{},"branchMap":{},"s":{"0":1,"1":1},"f":{},"b":{},"_coverageSchema":"43e27e138ebf9cfc5966b082cf9a028302ed4184","hash":"6b86ed4a102265250bf9483dbff06d8b093e5bac"}
,"/Users/vincent/differential-projects/apollos/apollos-apps/packages/apolloschurchapp/src/content-single/Features/index.js": {"path":"/Users/vincent/differential-projects/apollos/apollos-apps/packages/apolloschurchapp/src/content-single/Features/index.js","statementMap":{"0":{"start":{"line":11,"column":20},"end":{"line":14,"column":1}},"1":{"start":{"line":16,"column":17},"end":{"line":49,"column":1}},"2":{"start":{"line":17,"column":2},"end":{"line":17,"column":30}},"3":{"start":{"line":17,"column":18},"end":{"line":17,"column":30}},"4":{"start":{"line":19,"column":2},"end":{"line":48,"column":4}},"5":{"start":{"line":26,"column":8},"end":{"line":26,"column":54}},"6":{"start":{"line":26,"column":19},"end":{"line":26,"column":54}},"7":{"start":{"line":27,"column":8},"end":{"line":27,"column":33}},"8":{"start":{"line":27,"column":21},"end":{"line":27,"column":33}},"9":{"start":{"line":29,"column":25},"end":{"line":29,"column":50}},"10":{"start":{"line":30,"column":8},"end":{"line":30,"column":55}},"11":{"start":{"line":30,"column":43},"end":{"line":30,"column":55}},"12":{"start":{"line":32,"column":8},"end":{"line":45,"column":10}},"13":{"start":{"line":38,"column":30},"end":{"line":38,"column":53}},"14":{"start":{"line":39,"column":14},"end":{"line":39,"column":40}},"15":{"start":{"line":39,"column":28},"end":{"line":39,"column":40}},"16":{"start":{"line":40,"column":14},"end":{"line":42,"column":16}},"17":{"start":{"line":51,"column":0},"end":{"line":53,"column":2}}},"fnMap":{"0":{"name":"(anonymous_0)","decl":{"start":{"line":16,"column":17},"end":{"line":16,"column":18}},"loc":{"start":{"line":16,"column":36},"end":{"line":49,"column":1}},"line":16},"1":{"name":"(anonymous_1)","decl":{"start":{"line":25,"column":7},"end":{"line":25,"column":8}},"loc":{"start":{"line":25,"column":52},"end":{"line":46,"column":7}},"line":25},"2":{"name":"(anonymous_2)","decl":{"start":{"line":37,"column":26},"end":{"line":37,"column":27}},"loc":{"start":{"line":37,"column":58},"end":{"line":43,"column":13}},"line":37}},"branchMap":{"0":{"loc":{"start":{"line":17,"column":2},"end":{"line":17,"column":30}},"type":"if","locations":[{"start":{"line":17,"column":2},"end":{"line":17,"column":30}},{"start":{"line":17,"column":2},"end":{"line":17,"column":30}}],"line":17},"1":{"loc":{"start":{"line":25,"column":16},"end":{"line":25,"column":29}},"type":"default-arg","locations":[{"start":{"line":25,"column":27},"end":{"line":25,"column":29}}],"line":25},"2":{"loc":{"start":{"line":26,"column":8},"end":{"line":26,"column":54}},"type":"if","locations":[{"start":{"line":26,"column":8},"end":{"line":26,"column":54}},{"start":{"line":26,"column":8},"end":{"line":26,"column":54}}],"line":26},"3":{"loc":{"start":{"line":27,"column":8},"end":{"line":27,"column":33}},"type":"if","locations":[{"start":{"line":27,"column":8},"end":{"line":27,"column":33}},{"start":{"line":27,"column":8},"end":{"line":27,"column":33}}],"line":27},"4":{"loc":{"start":{"line":30,"column":8},"end":{"line":30,"column":55}},"type":"if","locations":[{"start":{"line":30,"column":8},"end":{"line":30,"column":55}},{"start":{"line":30,"column":8},"end":{"line":30,"column":55}}],"line":30},"5":{"loc":{"start":{"line":30,"column":12},"end":{"line":30,"column":41}},"type":"binary-expr","locations":[{"start":{"line":30,"column":12},"end":{"line":30,"column":21}},{"start":{"line":30,"column":25},"end":{"line":30,"column":41}}],"line":30},"6":{"loc":{"start":{"line":39,"column":14},"end":{"line":39,"column":40}},"type":"if","locations":[{"start":{"line":39,"column":14},"end":{"line":39,"column":40}},{"start":{"line":39,"column":14},"end":{"line":39,"column":40}}],"line":39}},"s":{"0":1,"1":1,"2":0,"3":0,"4":0,"5":0,"6":0,"7":0,"8":0,"9":0,"10":0,"11":0,"12":0,"13":0,"14":0,"15":0,"16":0,"17":1},"f":{"0":0,"1":0,"2":0},"b":{"0":[0,0],"1":[0],"2":[0,0],"3":[0,0],"4":[0,0],"5":[0,0],"6":[0,0]},"_coverageSchema":"43e27e138ebf9cfc5966b082cf9a028302ed4184","hash":"2a40b71cf83f622bc7cb8d169af680e503ed95b6"}
,"/Users/vincent/differential-projects/apollos/apollos-apps/packages/apolloschurchapp/src/content-single/UniversalContentItem/index.js": {"path":"/Users/vincent/differential-projects/apollos/apollos-apps/packages/apolloschurchapp/src/content-single/UniversalContentItem/index.js","statementMap":{"0":{"start":{"line":21,"column":25},"end":{"line":21,"column":65}},"1":{"start":{"line":23,"column":37},"end":{"line":25,"column":27}},"2":{"start":{"line":23,"column":60},"end":{"line":25,"column":1}},"3":{"start":{"line":27,"column":29},"end":{"line":57,"column":1}},"4":{"start":{"line":28,"column":28},"end":{"line":28,"column":66}},"5":{"start":{"line":29,"column":2},"end":{"line":56,"column":4}},"6":{"start":{"line":33,"column":10},"end":{"line":52,"column":29}},"7":{"start":{"line":59,"column":0},"end":{"line":80,"column":2}}},"fnMap":{"0":{"name":"(anonymous_0)","decl":{"start":{"line":23,"column":44},"end":{"line":23,"column":45}},"loc":{"start":{"line":23,"column":60},"end":{"line":25,"column":1}},"line":23},"1":{"name":"(anonymous_1)","decl":{"start":{"line":27,"column":29},"end":{"line":27,"column":30}},"loc":{"start":{"line":27,"column":55},"end":{"line":57,"column":1}},"line":27},"2":{"name":"(anonymous_2)","decl":{"start":{"line":32,"column":9},"end":{"line":32,"column":10}},"loc":{"start":{"line":33,"column":10},"end":{"line":52,"column":29}},"line":33}},"branchMap":{"0":{"loc":{"start":{"line":34,"column":13},"end":{"line":41,"column":20}},"type":"cond-expr","locations":[{"start":{"line":35,"column":14},"end":{"line":40,"column":25}},{"start":{"line":41,"column":16},"end":{"line":41,"column":20}}],"line":34},"1":{"loc":{"start":{"line":34,"column":13},"end":{"line":34,"column":48}},"type":"binary-expr","locations":[{"start":{"line":34,"column":13},"end":{"line":34,"column":37}},{"start":{"line":34,"column":41},"end":{"line":34,"column":48}}],"line":34},"2":{"loc":{"start":{"line":37,"column":29},"end":{"line":37,"column":65}},"type":"binary-expr","locations":[{"start":{"line":37,"column":29},"end":{"line":37,"column":54}},{"start":{"line":37,"column":58},"end":{"line":37,"column":65}}],"line":37},"3":{"loc":{"start":{"line":45,"column":36},"end":{"line":45,"column":61}},"type":"binary-expr","locations":[{"start":{"line":45,"column":36},"end":{"line":45,"column":50}},{"start":{"line":45,"column":54},"end":{"line":45,"column":61}}],"line":45}},"s":{"0":1,"1":1,"2":0,"3":1,"4":0,"5":0,"6":0,"7":1},"f":{"0":0,"1":0,"2":0},"b":{"0":[0,0],"1":[0,0],"2":[0,0],"3":[0,0]},"_coverageSchema":"43e27e138ebf9cfc5966b082cf9a028302ed4184","hash":"9f18765a367fbcd3f15f15d7d1fc0438bbbaaf03"}
,"/Users/vincent/differential-projects/apollos/apollos-apps/packages/apolloschurchapp/src/content-single/WeekendContentItem/index.js": {"path":"/Users/vincent/differential-projects/apollos/apollos-apps/packages/apolloschurchapp/src/content-single/WeekendContentItem/index.js","statementMap":{"0":{"start":{"line":26,"column":25},"end":{"line":26,"column":65}},"1":{"start":{"line":28,"column":15},"end":{"line":33,"column":15}},"2":{"start":{"line":28,"column":48},"end":{"line":33,"column":1}},"3":{"start":{"line":35,"column":37},"end":{"line":37,"column":27}},"4":{"start":{"line":35,"column":60},"end":{"line":37,"column":1}},"5":{"start":{"line":39,"column":23},"end":{"line":50,"column":14}},"6":{"start":{"line":39,"column":64},"end":{"line":50,"column":1}},"7":{"start":{"line":52,"column":27},"end":{"line":102,"column":1}},"8":{"start":{"line":53,"column":28},"end":{"line":53,"column":66}},"9":{"start":{"line":54,"column":2},"end":{"line":101,"column":4}},"10":{"start":{"line":57,"column":8},"end":{"line":98,"column":25}},"11":{"start":{"line":60,"column":14},"end":{"line":95,"column":33}},"12":{"start":{"line":78,"column":24},"end":{"line":83,"column":26}},"13":{"start":{"line":104,"column":0},"end":{"line":114,"column":2}}},"fnMap":{"0":{"name":"(anonymous_0)","decl":{"start":{"line":28,"column":22},"end":{"line":28,"column":23}},"loc":{"start":{"line":28,"column":48},"end":{"line":33,"column":1}},"line":28},"1":{"name":"(anonymous_1)","decl":{"start":{"line":35,"column":44},"end":{"line":35,"column":45}},"loc":{"start":{"line":35,"column":60},"end":{"line":37,"column":1}},"line":35},"2":{"name":"(anonymous_2)","decl":{"start":{"line":39,"column":33},"end":{"line":39,"column":34}},"loc":{"start":{"line":39,"column":64},"end":{"line":50,"column":1}},"line":39},"3":{"name":"(anonymous_3)","decl":{"start":{"line":52,"column":27},"end":{"line":52,"column":28}},"loc":{"start":{"line":52,"column":53},"end":{"line":102,"column":1}},"line":52},"4":{"name":"(anonymous_4)","decl":{"start":{"line":56,"column":7},"end":{"line":56,"column":8}},"loc":{"start":{"line":57,"column":8},"end":{"line":98,"column":25}},"line":57},"5":{"name":"(anonymous_5)","decl":{"start":{"line":59,"column":13},"end":{"line":59,"column":14}},"loc":{"start":{"line":60,"column":14},"end":{"line":95,"column":33}},"line":60},"6":{"name":"(anonymous_6)","decl":{"start":{"line":77,"column":23},"end":{"line":77,"column":24}},"loc":{"start":{"line":78,"column":24},"end":{"line":83,"column":26}},"line":78}},"branchMap":{"0":{"loc":{"start":{"line":31,"column":17},"end":{"line":31,"column":77}},"type":"cond-expr","locations":[{"start":{"line":31,"column":28},"end":{"line":31,"column":49}},{"start":{"line":31,"column":52},"end":{"line":31,"column":77}}],"line":31},"1":{"loc":{"start":{"line":40,"column":6},"end":{"line":49,"column":7}},"type":"cond-expr","locations":[{"start":{"line":41,"column":6},"end":{"line":46,"column":7}},{"start":{"line":47,"column":6},"end":{"line":49,"column":7}}],"line":40},"2":{"loc":{"start":{"line":61,"column":34},"end":{"line":61,"column":74}},"type":"binary-expr","locations":[{"start":{"line":61,"column":34},"end":{"line":61,"column":48}},{"start":{"line":61,"column":52},"end":{"line":61,"column":74}}],"line":61},"3":{"loc":{"start":{"line":63,"column":21},"end":{"line":75,"column":28}},"type":"cond-expr","locations":[{"start":{"line":64,"column":22},"end":{"line":74,"column":33}},{"start":{"line":75,"column":24},"end":{"line":75,"column":28}}],"line":63},"4":{"loc":{"start":{"line":63,"column":21},"end":{"line":63,"column":56}},"type":"binary-expr","locations":[{"start":{"line":63,"column":21},"end":{"line":63,"column":45}},{"start":{"line":63,"column":49},"end":{"line":63,"column":56}}],"line":63},"5":{"loc":{"start":{"line":69,"column":37},"end":{"line":69,"column":73}},"type":"binary-expr","locations":[{"start":{"line":69,"column":37},"end":{"line":69,"column":62}},{"start":{"line":69,"column":66},"end":{"line":69,"column":73}}],"line":69},"6":{"loc":{"start":{"line":81,"column":28},"end":{"line":81,"column":79}},"type":"binary-expr","locations":[{"start":{"line":81,"column":28},"end":{"line":81,"column":49}},{"start":{"line":81,"column":53},"end":{"line":81,"column":79}}],"line":81},"7":{"loc":{"start":{"line":86,"column":42},"end":{"line":86,"column":67}},"type":"binary-expr","locations":[{"start":{"line":86,"column":42},"end":{"line":86,"column":56}},{"start":{"line":86,"column":60},"end":{"line":86,"column":67}}],"line":86}},"s":{"0":1,"1":1,"2":0,"3":1,"4":0,"5":1,"6":0,"7":1,"8":0,"9":0,"10":0,"11":0,"12":0,"13":1},"f":{"0":0,"1":0,"2":0,"3":0,"4":0,"5":0,"6":0},"b":{"0":[0,0],"1":[0,0],"2":[0,0],"3":[0,0],"4":[0,0],"5":[0,0],"6":[0,0],"7":[0,0]},"_coverageSchema":"43e27e138ebf9cfc5966b082cf9a028302ed4184","hash":"dd41b59f9c93f22136053e0cf83811212f4c7e0b"}
,"/Users/vincent/differential-projects/apollos/apollos-apps/packages/apolloschurchapp/src/event/Event.js": {"path":"/Users/vincent/differential-projects/apollos/apollos-apps/packages/apolloschurchapp/src/event/Event.js","statementMap":{"0":{"start":{"line":18,"column":26},"end":{"line":20,"column":1}},"1":{"start":{"line":19,"column":2},"end":{"line":19,"column":25}},"2":{"start":{"line":22,"column":14},"end":{"line":60,"column":1}},"3":{"start":{"line":23,"column":28},"end":{"line":23,"column":59}},"4":{"start":{"line":24,"column":2},"end":{"line":59,"column":4}},"5":{"start":{"line":28,"column":10},"end":{"line":55,"column":29}},"6":{"start":{"line":62,"column":0},"end":{"line":73,"column":2}}},"fnMap":{"0":{"name":"(anonymous_0)","decl":{"start":{"line":18,"column":26},"end":{"line":18,"column":27}},"loc":{"start":{"line":18,"column":35},"end":{"line":20,"column":1}},"line":18},"1":{"name":"(anonymous_1)","decl":{"start":{"line":22,"column":14},"end":{"line":22,"column":15}},"loc":{"start":{"line":22,"column":38},"end":{"line":60,"column":1}},"line":22},"2":{"name":"(anonymous_2)","decl":{"start":{"line":27,"column":9},"end":{"line":27,"column":10}},"loc":{"start":{"line":28,"column":10},"end":{"line":55,"column":29}},"line":28}},"branchMap":{"0":{"loc":{"start":{"line":29,"column":13},"end":{"line":36,"column":20}},"type":"cond-expr","locations":[{"start":{"line":30,"column":14},"end":{"line":35,"column":25}},{"start":{"line":36,"column":16},"end":{"line":36,"column":20}}],"line":29},"1":{"loc":{"start":{"line":29,"column":13},"end":{"line":29,"column":48}},"type":"binary-expr","locations":[{"start":{"line":29,"column":13},"end":{"line":29,"column":37}},{"start":{"line":29,"column":41},"end":{"line":29,"column":48}}],"line":29},"2":{"loc":{"start":{"line":32,"column":29},"end":{"line":32,"column":65}},"type":"binary-expr","locations":[{"start":{"line":32,"column":29},"end":{"line":32,"column":54}},{"start":{"line":32,"column":58},"end":{"line":32,"column":65}}],"line":32},"3":{"loc":{"start":{"line":38,"column":36},"end":{"line":38,"column":58}},"type":"binary-expr","locations":[{"start":{"line":38,"column":36},"end":{"line":38,"column":47}},{"start":{"line":38,"column":51},"end":{"line":38,"column":58}}],"line":38}},"s":{"0":3,"1":0,"2":3,"3":4,"4":4,"5":4,"6":3},"f":{"0":0,"1":4,"2":4},"b":{"0":[4,0],"1":[4,2],"2":[4,2],"3":[4,3]},"_coverageSchema":"43e27e138ebf9cfc5966b082cf9a028302ed4184","hash":"792494b584d2c2c87cbe28590f5b4511257c3396"}
,"/Users/vincent/differential-projects/apollos/apollos-apps/packages/apolloschurchapp/src/event/EventConnected.js": {"path":"/Users/vincent/differential-projects/apollos/apollos-apps/packages/apolloschurchapp/src/event/EventConnected.js","statementMap":{"0":{"start":{"line":15,"column":21},"end":{"line":20,"column":3}},"1":{"start":{"line":22,"column":29},"end":{"line":26,"column":3}},"2":{"start":{"line":29,"column":4},"end":{"line":29,"column":57}},"3":{"start":{"line":33,"column":4},"end":{"line":33,"column":37}},"4":{"start":{"line":36,"column":19},"end":{"line":66,"column":3}},"5":{"start":{"line":37,"column":4},"end":{"line":37,"column":50}},"6":{"start":{"line":37,"column":15},"end":{"line":37,"column":50}},"7":{"start":{"line":39,"column":18},"end":{"line":39,"column":33}},"8":{"start":{"line":41,"column":27},"end":{"line":41,"column":32}},"9":{"start":{"line":43,"column":4},"end":{"line":65,"column":6}},"10":{"start":{"line":69,"column":4},"end":{"line":77,"column":6}}},"fnMap":{"0":{"name":"(anonymous_0)","decl":{"start":{"line":28,"column":2},"end":{"line":28,"column":3}},"loc":{"start":{"line":28,"column":16},"end":{"line":30,"column":3}},"line":28},"1":{"name":"(anonymous_1)","decl":{"start":{"line":32,"column":2},"end":{"line":32,"column":3}},"loc":{"start":{"line":32,"column":23},"end":{"line":34,"column":3}},"line":32},"2":{"name":"(anonymous_2)","decl":{"start":{"line":36,"column":19},"end":{"line":36,"column":20}},"loc":{"start":{"line":36,"column":49},"end":{"line":66,"column":3}},"line":36},"3":{"name":"(anonymous_3)","decl":{"start":{"line":68,"column":2},"end":{"line":68,"column":3}},"loc":{"start":{"line":68,"column":11},"end":{"line":78,"column":3}},"line":68}},"branchMap":{"0":{"loc":{"start":{"line":37,"column":4},"end":{"line":37,"column":50}},"type":"if","locations":[{"start":{"line":37,"column":4},"end":{"line":37,"column":50}},{"start":{"line":37,"column":4},"end":{"line":37,"column":50}}],"line":37},"1":{"loc":{"start":{"line":39,"column":18},"end":{"line":39,"column":33}},"type":"binary-expr","locations":[{"start":{"line":39,"column":18},"end":{"line":39,"column":27}},{"start":{"line":39,"column":31},"end":{"line":39,"column":33}}],"line":39},"2":{"loc":{"start":{"line":41,"column":12},"end":{"line":41,"column":22}},"type":"default-arg","locations":[{"start":{"line":41,"column":20},"end":{"line":41,"column":22}}],"line":41},"3":{"loc":{"start":{"line":51,"column":21},"end":{"line":51,"column":43}},"type":"binary-expr","locations":[{"start":{"line":51,"column":21},"end":{"line":51,"column":29}},{"start":{"line":51,"column":33},"end":{"line":51,"column":43}}],"line":51}},"s":{"0":2,"1":2,"2":7,"3":1,"4":1,"5":3,"6":0,"7":3,"8":3,"9":3,"10":1},"f":{"0":7,"1":1,"2":3,"3":1},"b":{"0":[0,3],"1":[3,2],"2":[3],"3":[3,1]},"_coverageSchema":"43e27e138ebf9cfc5966b082cf9a028302ed4184","hash":"1cbc781bf24e445bce2863a4ede23ce9b0f23b8c"}
,"/Users/vincent/differential-projects/apollos/apollos-apps/packages/apolloschurchapp/src/event/components.js": {"path":"/Users/vincent/differential-projects/apollos/apollos-apps/packages/apolloschurchapp/src/event/components.js","statementMap":{"0":{"start":{"line":6,"column":25},"end":{"line":6,"column":65}},"1":{"start":{"line":8,"column":19},"end":{"line":14,"column":9}},"2":{"start":{"line":8,"column":65},"end":{"line":14,"column":1}},"3":{"start":{"line":16,"column":17},"end":{"line":20,"column":7}},"4":{"start":{"line":16,"column":60},"end":{"line":20,"column":1}},"5":{"start":{"line":22,"column":27},"end":{"line":24,"column":1}},"6":{"start":{"line":26,"column":22},"end":{"line":26,"column":63}},"7":{"start":{"line":28,"column":22},"end":{"line":36,"column":1}},"8":{"start":{"line":29,"column":2},"end":{"line":35,"column":23}},"9":{"start":{"line":38,"column":0},"end":{"line":42,"column":2}}},"fnMap":{"0":{"name":"(anonymous_0)","decl":{"start":{"line":8,"column":29},"end":{"line":8,"column":30}},"loc":{"start":{"line":8,"column":65},"end":{"line":14,"column":1}},"line":8},"1":{"name":"(anonymous_1)","decl":{"start":{"line":16,"column":24},"end":{"line":16,"column":25}},"loc":{"start":{"line":16,"column":60},"end":{"line":20,"column":1}},"line":16},"2":{"name":"(anonymous_2)","decl":{"start":{"line":28,"column":22},"end":{"line":28,"column":23}},"loc":{"start":{"line":29,"column":2},"end":{"line":35,"column":23}},"line":29}},"branchMap":{},"s":{"0":3,"1":3,"2":8,"3":3,"4":20,"5":3,"6":3,"7":3,"8":8,"9":3},"f":{"0":8,"1":20,"2":8},"b":{},"_coverageSchema":"43e27e138ebf9cfc5966b082cf9a028302ed4184","hash":"d4cfe5fdb567b13bce2a3aec5a4a4f187d9b4758"}
,"/Users/vincent/differential-projects/apollos/apollos-apps/packages/apolloschurchapp/src/event/getEvent.js": {"path":"/Users/vincent/differential-projects/apollos/apollos-apps/packages/apolloschurchapp/src/event/getEvent.js","statementMap":{"0":{"start":{"line":3,"column":30},"end":{"line":17,"column":1}}},"fnMap":{},"branchMap":{},"s":{"0":2},"f":{},"b":{},"_coverageSchema":"43e27e138ebf9cfc5966b082cf9a028302ed4184","hash":"3266178591df990af4fdd3f4e7b3a90bb47b94db"}
,"/Users/vincent/differential-projects/apollos/apollos-apps/packages/apolloschurchapp/src/event/index.js": {"path":"/Users/vincent/differential-projects/apollos/apollos-apps/packages/apolloschurchapp/src/event/index.js","statementMap":{"0":{"start":{"line":5,"column":23},"end":{"line":15,"column":1}}},"fnMap":{},"branchMap":{},"s":{"0":1},"f":{},"b":{},"_coverageSchema":"43e27e138ebf9cfc5966b082cf9a028302ed4184","hash":"938bdd166ea3ecc42ede365a5661082f280014ea"}
,"/Users/vincent/differential-projects/apollos/apollos-apps/packages/apolloschurchapp/src/scripture/getScripture.js": {"path":"/Users/vincent/differential-projects/apollos/apollos-apps/packages/apolloschurchapp/src/scripture/getScripture.js","statementMap":{},"fnMap":{},"branchMap":{},"s":{},"f":{},"b":{},"_coverageSchema":"43e27e138ebf9cfc5966b082cf9a028302ed4184","hash":"613fc1327998548344b174d1d59a3bddc2f0e9df"}
,"/Users/vincent/differential-projects/apollos/apollos-apps/packages/apolloschurchapp/src/scripture/index.js": {"path":"/Users/vincent/differential-projects/apollos/apollos-apps/packages/apolloschurchapp/src/scripture/index.js","statementMap":{"0":{"start":{"line":13,"column":27},"end":{"line":29,"column":4}},"1":{"start":{"line":17,"column":2},"end":{"line":29,"column":4}},"2":{"start":{"line":18,"column":4},"end":{"line":28,"column":12}},"3":{"start":{"line":20,"column":8},"end":{"line":26,"column":10}},"4":{"start":{"line":37,"column":0},"end":{"line":40,"column":2}}},"fnMap":{"0":{"name":"(anonymous_0)","decl":{"start":{"line":13,"column":27},"end":{"line":13,"column":28}},"loc":{"start":{"line":17,"column":2},"end":{"line":29,"column":4}},"line":17},"1":{"name":"(anonymous_1)","decl":{"start":{"line":17,"column":17},"end":{"line":17,"column":18}},"loc":{"start":{"line":18,"column":4},"end":{"line":28,"column":12}},"line":18},"2":{"name":"(anonymous_2)","decl":{"start":{"line":19,"column":7},"end":{"line":19,"column":8}},"loc":{"start":{"line":20,"column":8},"end":{"line":26,"column":10}},"line":20}},"branchMap":{"0":{"loc":{"start":{"line":14,"column":2},"end":{"line":14,"column":36}},"type":"default-arg","locations":[{"start":{"line":14,"column":23},"end":{"line":14,"column":36}}],"line":14}},"s":{"0":1,"1":1,"2":1,"3":2,"4":1},"f":{"0":1,"1":1,"2":2},"b":{"0":[1]},"_coverageSchema":"43e27e138ebf9cfc5966b082cf9a028302ed4184","hash":"c804f87a4c57ecd536c4792155ceab8b37c97d3f"}
,"/Users/vincent/differential-projects/apollos/apollos-apps/packages/apolloschurchapp/src/store/getAuthToken.js": {"path":"/Users/vincent/differential-projects/apollos/apollos-apps/packages/apolloschurchapp/src/store/getAuthToken.js","statementMap":{},"fnMap":{},"branchMap":{},"s":{},"f":{},"b":{},"_coverageSchema":"43e27e138ebf9cfc5966b082cf9a028302ed4184","hash":"6bc8de8ab7bfc023cef03b5249c50ba638ac6102"}
,"/Users/vincent/differential-projects/apollos/apollos-apps/packages/apolloschurchapp/src/store/index.js": {"path":"/Users/vincent/differential-projects/apollos/apollos-apps/packages/apolloschurchapp/src/store/index.js","statementMap":{"0":{"start":{"line":10,"column":22},"end":{"line":23,"column":1}},"1":{"start":{"line":25,"column":24},"end":{"line":28,"column":1}},"2":{"start":{"line":30,"column":22},"end":{"line":34,"column":1}},"3":{"start":{"line":36,"column":25},"end":{"line":63,"column":1}},"4":{"start":{"line":39,"column":6},"end":{"line":44,"column":9}},"5":{"start":{"line":45,"column":44},"end":{"line":47,"column":8}},"6":{"start":{"line":49,"column":25},"end":{"line":55,"column":8}},"7":{"start":{"line":57,"column":6},"end":{"line":59,"column":7}},"8":{"start":{"line":58,"column":8},"end":{"line":58,"column":41}},"9":{"start":{"line":60,"column":6},"end":{"line":60,"column":18}}},"fnMap":{"0":{"name":"(anonymous_0)","decl":{"start":{"line":38,"column":21},"end":{"line":38,"column":22}},"loc":{"start":{"line":38,"column":62},"end":{"line":61,"column":5}},"line":38}},"branchMap":{"0":{"loc":{"start":{"line":45,"column":20},"end":{"line":45,"column":39}},"type":"default-arg","locations":[{"start":{"line":45,"column":37},"end":{"line":45,"column":39}}],"line":45},"1":{"loc":{"start":{"line":57,"column":6},"end":{"line":59,"column":7}},"type":"if","locations":[{"start":{"line":57,"column":6},"end":{"line":59,"column":7}},{"start":{"line":57,"column":6},"end":{"line":59,"column":7}}],"line":57},"2":{"loc":{"start":{"line":57,"column":10},"end":{"line":57,"column":30}},"type":"binary-expr","locations":[{"start":{"line":57,"column":10},"end":{"line":57,"column":20}},{"start":{"line":57,"column":24},"end":{"line":57,"column":30}}],"line":57}},"s":{"0":18,"1":18,"2":18,"3":18,"4":0,"5":0,"6":0,"7":0,"8":0,"9":0},"f":{"0":0},"b":{"0":[0],"1":[0,0],"2":[0,0]},"_coverageSchema":"43e27e138ebf9cfc5966b082cf9a028302ed4184","hash":"f0ec2cb38d26686459c51c2bbddc531ea60bef9f"}
,"/Users/vincent/differential-projects/apollos/apollos-apps/packages/apolloschurchapp/src/tabs/index.js": {"path":"/Users/vincent/differential-projects/apollos/apollos-apps/packages/apolloschurchapp/src/tabs/index.js","statementMap":{"0":{"start":{"line":9,"column":21},"end":{"line":21,"column":1}}},"fnMap":{},"branchMap":{},"s":{"0":1},"f":{},"b":{},"_coverageSchema":"43e27e138ebf9cfc5966b082cf9a028302ed4184","hash":"7eec909d7225da47c9c0ead19d609e0643c9b62c"}
,"/Users/vincent/differential-projects/apollos/apollos-apps/packages/apolloschurchapp/src/tabs/tabBar.js": {"path":"/Users/vincent/differential-projects/apollos/apollos-apps/packages/apolloschurchapp/src/tabs/tabBar.js","statementMap":{"0":{"start":{"line":7,"column":27},"end":{"line":19,"column":15}},"1":{"start":{"line":8,"column":28},"end":{"line":13,"column":3}},"2":{"start":{"line":14,"column":25},"end":{"line":17,"column":3}}},"fnMap":{"0":{"name":"(anonymous_0)","decl":{"start":{"line":8,"column":12},"end":{"line":8,"column":13}},"loc":{"start":{"line":8,"column":28},"end":{"line":13,"column":3}},"line":8},"1":{"name":"(anonymous_1)","decl":{"start":{"line":14,"column":9},"end":{"line":14,"column":10}},"loc":{"start":{"line":14,"column":25},"end":{"line":17,"column":3}},"line":14}},"branchMap":{},"s":{"0":1,"1":0,"2":0},"f":{"0":0,"1":0},"b":{},"_coverageSchema":"43e27e138ebf9cfc5966b082cf9a028302ed4184","hash":"254f00051a9a44ff0fbda4d474b8f4723f0cb169"}
,"/Users/vincent/differential-projects/apollos/apollos-apps/packages/apolloschurchapp/src/tabs/tabBarIcon.js": {"path":"/Users/vincent/differential-projects/apollos/apollos-apps/packages/apolloschurchapp/src/tabs/tabBarIcon.js","statementMap":{"0":{"start":{"line":6,"column":19},"end":{"line":14,"column":1}},"1":{"start":{"line":8,"column":4},"end":{"line":8,"column":59}},"2":{"start":{"line":10,"column":2},"end":{"line":12,"column":4}},"3":{"start":{"line":13,"column":2},"end":{"line":13,"column":20}}},"fnMap":{"0":{"name":"(anonymous_0)","decl":{"start":{"line":6,"column":19},"end":{"line":6,"column":20}},"loc":{"start":{"line":6,"column":29},"end":{"line":14,"column":1}},"line":6},"1":{"name":"TabBarIcon","decl":{"start":{"line":7,"column":11},"end":{"line":7,"column":21}},"loc":{"start":{"line":7,"column":37},"end":{"line":9,"column":3}},"line":7}},"branchMap":{},"s":{"0":1,"1":0,"2":3,"3":3},"f":{"0":3,"1":0},"b":{},"_coverageSchema":"43e27e138ebf9cfc5966b082cf9a028302ed4184","hash":"cb10b2cd17a24110982a8aabab5d924517eec784"}
,"/Users/vincent/differential-projects/apollos/apollos-apps/packages/apolloschurchapp/src/tabs/connect/ActionBar.js": {"path":"/Users/vincent/differential-projects/apollos/apollos-apps/packages/apolloschurchapp/src/tabs/connect/ActionBar.js","statementMap":{"0":{"start":{"line":7,"column":16},"end":{"line":29,"column":1}},"1":{"start":{"line":8,"column":2},"end":{"line":28,"column":25}},"2":{"start":{"line":10,"column":6},"end":{"line":26,"column":18}},"3":{"start":{"line":12,"column":25},"end":{"line":12,"column":54}},"4":{"start":{"line":17,"column":25},"end":{"line":17,"column":77}},"5":{"start":{"line":22,"column":25},"end":{"line":22,"column":67}},"6":{"start":{"line":31,"column":0},"end":{"line":35,"column":2}}},"fnMap":{"0":{"name":"(anonymous_0)","decl":{"start":{"line":7,"column":16},"end":{"line":7,"column":17}},"loc":{"start":{"line":8,"column":2},"end":{"line":28,"column":25}},"line":8},"1":{"name":"(anonymous_1)","decl":{"start":{"line":9,"column":5},"end":{"line":9,"column":6}},"loc":{"start":{"line":10,"column":6},"end":{"line":26,"column":18}},"line":10},"2":{"name":"(anonymous_2)","decl":{"start":{"line":12,"column":19},"end":{"line":12,"column":20}},"loc":{"start":{"line":12,"column":25},"end":{"line":12,"column":54}},"line":12},"3":{"name":"(anonymous_3)","decl":{"start":{"line":17,"column":19},"end":{"line":17,"column":20}},"loc":{"start":{"line":17,"column":25},"end":{"line":17,"column":77}},"line":17},"4":{"name":"(anonymous_4)","decl":{"start":{"line":22,"column":19},"end":{"line":22,"column":20}},"loc":{"start":{"line":22,"column":25},"end":{"line":22,"column":67}},"line":22}},"branchMap":{},"s":{"0":1,"1":0,"2":0,"3":0,"4":0,"5":0,"6":1},"f":{"0":0,"1":0,"2":0,"3":0,"4":0},"b":{},"_coverageSchema":"43e27e138ebf9cfc5966b082cf9a028302ed4184","hash":"91ef2a3a65deca7ad486ac1d062c512d46b3c9ec"}
,"/Users/vincent/differential-projects/apollos/apollos-apps/packages/apolloschurchapp/src/tabs/connect/Connect.js": {"path":"/Users/vincent/differential-projects/apollos/apollos-apps/packages/apolloschurchapp/src/tabs/connect/Connect.js","statementMap":{"0":{"start":{"line":14,"column":29},"end":{"line":17,"column":4}},"1":{"start":{"line":14,"column":36},"end":{"line":17,"column":3}},"2":{"start":{"line":19,"column":21},"end":{"line":24,"column":3}},"3":{"start":{"line":27,"column":4},"end":{"line":38,"column":6}}},"fnMap":{"0":{"name":"(anonymous_0)","decl":{"start":{"line":14,"column":29},"end":{"line":14,"column":30}},"loc":{"start":{"line":14,"column":36},"end":{"line":17,"column":3}},"line":14},"1":{"name":"(anonymous_1)","decl":{"start":{"line":26,"column":2},"end":{"line":26,"column":3}},"loc":{"start":{"line":26,"column":11},"end":{"line":39,"column":3}},"line":26}},"branchMap":{},"s":{"0":1,"1":0,"2":1,"3":0},"f":{"0":0,"1":0},"b":{},"_coverageSchema":"43e27e138ebf9cfc5966b082cf9a028302ed4184","hash":"383897e8133daea8ada60ec1968787bcd34891a8"}
,"/Users/vincent/differential-projects/apollos/apollos-apps/packages/apolloschurchapp/src/tabs/connect/index.js": {"path":"/Users/vincent/differential-projects/apollos/apollos-apps/packages/apolloschurchapp/src/tabs/connect/index.js","statementMap":{"0":{"start":{"line":11,"column":25},"end":{"line":27,"column":1}},"1":{"start":{"line":21,"column":52},"end":{"line":24,"column":5}},"2":{"start":{"line":29,"column":24},"end":{"line":37,"column":21}},"3":{"start":{"line":29,"column":60},"end":{"line":37,"column":1}}},"fnMap":{"0":{"name":"(anonymous_0)","decl":{"start":{"line":21,"column":30},"end":{"line":21,"column":31}},"loc":{"start":{"line":21,"column":52},"end":{"line":24,"column":5}},"line":21},"1":{"name":"(anonymous_1)","decl":{"start":{"line":29,"column":34},"end":{"line":29,"column":35}},"loc":{"start":{"line":29,"column":60},"end":{"line":37,"column":1}},"line":29}},"branchMap":{},"s":{"0":1,"1":0,"2":1,"3":0},"f":{"0":0,"1":0},"b":{},"_coverageSchema":"43e27e138ebf9cfc5966b082cf9a028302ed4184","hash":"a6a723589feaf302bb753629e525eb37b0e2bbbe"}
,"/Users/vincent/differential-projects/apollos/apollos-apps/packages/apolloschurchapp/src/tabs/connect/ActionTable/index.js": {"path":"/Users/vincent/differential-projects/apollos/apollos-apps/packages/apolloschurchapp/src/tabs/connect/ActionTable/index.js","statementMap":{"0":{"start":{"line":18,"column":18},"end":{"line":23,"column":15}},"1":{"start":{"line":18,"column":41},"end":{"line":23,"column":1}},"2":{"start":{"line":25,"column":13},"end":{"line":27,"column":8}},"3":{"start":{"line":29,"column":20},"end":{"line":80,"column":1}},"4":{"start":{"line":30,"column":2},"end":{"line":79,"column":25}},"5":{"start":{"line":32,"column":6},"end":{"line":77,"column":13}},"6":{"start":{"line":40,"column":27},"end":{"line":40,"column":79}},"7":{"start":{"line":49,"column":27},"end":{"line":49,"column":79}},"8":{"start":{"line":58,"column":27},"end":{"line":58,"column":79}},"9":{"start":{"line":68,"column":27},"end":{"line":68,"column":76}},"10":{"start":{"line":82,"column":26},"end":{"line":84,"column":16}},"11":{"start":{"line":82,"column":49},"end":{"line":84,"column":1}}},"fnMap":{"0":{"name":"(anonymous_0)","decl":{"start":{"line":18,"column":25},"end":{"line":18,"column":26}},"loc":{"start":{"line":18,"column":41},"end":{"line":23,"column":1}},"line":18},"1":{"name":"(anonymous_1)","decl":{"start":{"line":29,"column":20},"end":{"line":29,"column":21}},"loc":{"start":{"line":30,"column":2},"end":{"line":79,"column":25}},"line":30},"2":{"name":"(anonymous_2)","decl":{"start":{"line":31,"column":5},"end":{"line":31,"column":6}},"loc":{"start":{"line":32,"column":6},"end":{"line":77,"column":13}},"line":32},"3":{"name":"(anonymous_3)","decl":{"start":{"line":40,"column":21},"end":{"line":40,"column":22}},"loc":{"start":{"line":40,"column":27},"end":{"line":40,"column":79}},"line":40},"4":{"name":"(anonymous_4)","decl":{"start":{"line":49,"column":21},"end":{"line":49,"column":22}},"loc":{"start":{"line":49,"column":27},"end":{"line":49,"column":79}},"line":49},"5":{"name":"(anonymous_5)","decl":{"start":{"line":58,"column":21},"end":{"line":58,"column":22}},"loc":{"start":{"line":58,"column":27},"end":{"line":58,"column":79}},"line":58},"6":{"name":"(anonymous_6)","decl":{"start":{"line":68,"column":21},"end":{"line":68,"column":22}},"loc":{"start":{"line":68,"column":27},"end":{"line":68,"column":76}},"line":68},"7":{"name":"(anonymous_7)","decl":{"start":{"line":82,"column":33},"end":{"line":82,"column":34}},"loc":{"start":{"line":82,"column":49},"end":{"line":84,"column":1}},"line":82}},"branchMap":{},"s":{"0":1,"1":0,"2":1,"3":1,"4":0,"5":0,"6":0,"7":0,"8":0,"9":0,"10":1,"11":0},"f":{"0":0,"1":0,"2":0,"3":0,"4":0,"5":0,"6":0,"7":0},"b":{},"_coverageSchema":"43e27e138ebf9cfc5966b082cf9a028302ed4184","hash":"fca140e868ac4355350f2f7505c050625c1c0d84"}
,"/Users/vincent/differential-projects/apollos/apollos-apps/packages/apolloschurchapp/src/tabs/connect/UserAvatarHeader/UserAvatarHeader.js": {"path":"/Users/vincent/differential-projects/apollos/apollos-apps/packages/apolloschurchapp/src/tabs/connect/UserAvatarHeader/UserAvatarHeader.js","statementMap":{"0":{"start":{"line":11,"column":23},"end":{"line":18,"column":1}},"1":{"start":{"line":12,"column":2},"end":{"line":17,"column":10}},"2":{"start":{"line":14,"column":24},"end":{"line":14,"column":61}},"3":{"start":{"line":15,"column":6},"end":{"line":15,"column":37}},"4":{"start":{"line":20,"column":0},"end":{"line":22,"column":2}},"5":{"start":{"line":24,"column":18},"end":{"line":27,"column":14}},"6":{"start":{"line":29,"column":25},"end":{"line":55,"column":1}},"7":{"start":{"line":37,"column":2},"end":{"line":54,"column":14}},"8":{"start":{"line":42,"column":27},"end":{"line":42,"column":62}},"9":{"start":{"line":48,"column":8},"end":{"line":51,"column":13}},"10":{"start":{"line":57,"column":0},"end":{"line":66,"column":2}},"11":{"start":{"line":68,"column":0},"end":{"line":72,"column":2}}},"fnMap":{"0":{"name":"(anonymous_0)","decl":{"start":{"line":11,"column":23},"end":{"line":11,"column":24}},"loc":{"start":{"line":12,"column":2},"end":{"line":17,"column":10}},"line":12},"1":{"name":"(anonymous_1)","decl":{"start":{"line":13,"column":5},"end":{"line":13,"column":6}},"loc":{"start":{"line":13,"column":46},"end":{"line":16,"column":5}},"line":13},"2":{"name":"(anonymous_2)","decl":{"start":{"line":29,"column":25},"end":{"line":29,"column":26}},"loc":{"start":{"line":37,"column":2},"end":{"line":54,"column":14}},"line":37},"3":{"name":"(anonymous_3)","decl":{"start":{"line":42,"column":21},"end":{"line":42,"column":22}},"loc":{"start":{"line":42,"column":27},"end":{"line":42,"column":62}},"line":42},"4":{"name":"(anonymous_4)","decl":{"start":{"line":47,"column":7},"end":{"line":47,"column":8}},"loc":{"start":{"line":48,"column":8},"end":{"line":51,"column":13}},"line":48}},"branchMap":{"0":{"loc":{"start":{"line":13,"column":14},"end":{"line":13,"column":39}},"type":"default-arg","locations":[{"start":{"line":13,"column":37},"end":{"line":13,"column":39}}],"line":13},"1":{"loc":{"start":{"line":13,"column":16},"end":{"line":13,"column":32}},"type":"default-arg","locations":[{"start":{"line":13,"column":30},"end":{"line":13,"column":32}}],"line":13},"2":{"loc":{"start":{"line":50,"column":11},"end":{"line":50,"column":43}},"type":"cond-expr","locations":[{"start":{"line":50,"column":23},"end":{"line":50,"column":38}},{"start":{"line":50,"column":41},"end":{"line":50,"column":43}}],"line":50}},"s":{"0":2,"1":0,"2":0,"3":0,"4":2,"5":2,"6":2,"7":0,"8":0,"9":0,"10":2,"11":2},"f":{"0":0,"1":0,"2":0,"3":0,"4":0},"b":{"0":[0],"1":[0],"2":[0,0]},"_coverageSchema":"43e27e138ebf9cfc5966b082cf9a028302ed4184","hash":"8f8088a6a31d0df7dc70b22e037b0a0c49a770e8"}
,"/Users/vincent/differential-projects/apollos/apollos-apps/packages/apolloschurchapp/src/tabs/connect/UserAvatarHeader/getUserProfile.js": {"path":"/Users/vincent/differential-projects/apollos/apollos-apps/packages/apolloschurchapp/src/tabs/connect/UserAvatarHeader/getUserProfile.js","statementMap":{},"fnMap":{},"branchMap":{},"s":{},"f":{},"b":{},"_coverageSchema":"43e27e138ebf9cfc5966b082cf9a028302ed4184","hash":"1296a1f7fb7345cf10649a3603ebc921b86e64fe"}
,"/Users/vincent/differential-projects/apollos/apollos-apps/packages/apolloschurchapp/src/tabs/connect/UserAvatarHeader/index.js": {"path":"/Users/vincent/differential-projects/apollos/apollos-apps/packages/apolloschurchapp/src/tabs/connect/UserAvatarHeader/index.js","statementMap":{},"fnMap":{},"branchMap":{},"s":{},"f":{},"b":{},"_coverageSchema":"43e27e138ebf9cfc5966b082cf9a028302ed4184","hash":"1152aabe4817f21227c09cb580f52361f7886049"}
,"/Users/vincent/differential-projects/apollos/apollos-apps/packages/apolloschurchapp/src/tabs/discover/Discover.js": {"path":"/Users/vincent/differential-projects/apollos/apollos-apps/packages/apolloschurchapp/src/tabs/discover/Discover.js","statementMap":{"0":{"start":{"line":14,"column":10},"end":{"line":17,"column":3}},"1":{"start":{"line":19,"column":23},"end":{"line":25,"column":3}},"2":{"start":{"line":21,"column":6},"end":{"line":23,"column":8}},"3":{"start":{"line":27,"column":18},"end":{"line":31,"column":3}},"4":{"start":{"line":28,"column":4},"end":{"line":30,"column":7}},"5":{"start":{"line":34,"column":4},"end":{"line":46,"column":6}},"6":{"start":{"line":50,"column":0},"end":{"line":53,"column":2}}},"fnMap":{"0":{"name":"(anonymous_0)","decl":{"start":{"line":20,"column":4},"end":{"line":20,"column":5}},"loc":{"start":{"line":21,"column":6},"end":{"line":23,"column":8}},"line":21},"1":{"name":"(anonymous_1)","decl":{"start":{"line":27,"column":18},"end":{"line":27,"column":19}},"loc":{"start":{"line":27,"column":34},"end":{"line":31,"column":3}},"line":27},"2":{"name":"(anonymous_2)","decl":{"start":{"line":33,"column":2},"end":{"line":33,"column":3}},"loc":{"start":{"line":33,"column":11},"end":{"line":47,"column":3}},"line":33}},"branchMap":{"0":{"loc":{"start":{"line":40,"column":9},"end":{"line":44,"column":9}},"type":"cond-expr","locations":[{"start":{"line":41,"column":10},"end":{"line":41,"column":59}},{"start":{"line":43,"column":10},"end":{"line":43,"column":26}}],"line":40},"1":{"loc":{"start":{"line":40,"column":9},"end":{"line":40,"column":54}},"type":"binary-expr","locations":[{"start":{"line":40,"column":9},"end":{"line":40,"column":29}},{"start":{"line":40,"column":33},"end":{"line":40,"column":54}}],"line":40}},"s":{"0":1,"1":1,"2":0,"3":1,"4":0,"5":1,"6":2},"f":{"0":0,"1":0,"2":1},"b":{"0":[0,1],"1":[1,1]},"_coverageSchema":"43e27e138ebf9cfc5966b082cf9a028302ed4184","hash":"baa133aa145f2e02eb562741df63ec9268257562"}
,"/Users/vincent/differential-projects/apollos/apollos-apps/packages/apolloschurchapp/src/tabs/discover/index.js": {"path":"/Users/vincent/differential-projects/apollos/apollos-apps/packages/apolloschurchapp/src/tabs/discover/index.js","statementMap":{"0":{"start":{"line":10,"column":26},"end":{"line":23,"column":1}},"1":{"start":{"line":17,"column":52},"end":{"line":20,"column":5}},"2":{"start":{"line":25,"column":25},"end":{"line":33,"column":22}},"3":{"start":{"line":25,"column":61},"end":{"line":33,"column":1}}},"fnMap":{"0":{"name":"(anonymous_0)","decl":{"start":{"line":17,"column":30},"end":{"line":17,"column":31}},"loc":{"start":{"line":17,"column":52},"end":{"line":20,"column":5}},"line":17},"1":{"name":"(anonymous_1)","decl":{"start":{"line":25,"column":35},"end":{"line":25,"column":36}},"loc":{"start":{"line":25,"column":61},"end":{"line":33,"column":1}},"line":25}},"branchMap":{},"s":{"0":1,"1":0,"2":1,"3":0},"f":{"0":0,"1":0},"b":{},"_coverageSchema":"43e27e138ebf9cfc5966b082cf9a028302ed4184","hash":"3d5c8d54faaaeb2ac71e3602a8e0d33af03cc625"}
,"/Users/vincent/differential-projects/apollos/apollos-apps/packages/apolloschurchapp/src/tabs/discover/DiscoverFeed/TileContentFeed.js": {"path":"/Users/vincent/differential-projects/apollos/apollos-apps/packages/apolloschurchapp/src/tabs/discover/DiscoverFeed/TileContentFeed.js","statementMap":{"0":{"start":{"line":21,"column":18},"end":{"line":27,"column":9}},"1":{"start":{"line":21,"column":41},"end":{"line":27,"column":1}},"2":{"start":{"line":29,"column":13},"end":{"line":31,"column":8}},"3":{"start":{"line":33,"column":28},"end":{"line":35,"column":14}},"4":{"start":{"line":33,"column":54},"end":{"line":35,"column":1}},"5":{"start":{"line":37,"column":26},"end":{"line":41,"column":9}},"6":{"start":{"line":37,"column":49},"end":{"line":41,"column":1}},"7":{"start":{"line":43,"column":33},"end":{"line":49,"column":23}},"8":{"start":{"line":43,"column":56},"end":{"line":49,"column":1}},"9":{"start":{"line":51,"column":27},"end":{"line":55,"column":1}},"10":{"start":{"line":57,"column":24},"end":{"line":99,"column":3}},"11":{"start":{"line":58,"column":2},"end":{"line":99,"column":3}},"12":{"start":{"line":66,"column":12},"end":{"line":69,"column":15}},"13":{"start":{"line":82,"column":10},"end":{"line":93,"column":27}},"14":{"start":{"line":84,"column":14},"end":{"line":86,"column":17}},"15":{"start":{"line":101,"column":0},"end":{"line":111,"column":2}}},"fnMap":{"0":{"name":"(anonymous_0)","decl":{"start":{"line":21,"column":25},"end":{"line":21,"column":26}},"loc":{"start":{"line":21,"column":41},"end":{"line":27,"column":1}},"line":21},"1":{"name":"(anonymous_1)","decl":{"start":{"line":33,"column":38},"end":{"line":33,"column":39}},"loc":{"start":{"line":33,"column":54},"end":{"line":35,"column":1}},"line":33},"2":{"name":"(anonymous_2)","decl":{"start":{"line":37,"column":33},"end":{"line":37,"column":34}},"loc":{"start":{"line":37,"column":49},"end":{"line":41,"column":1}},"line":37},"3":{"name":"(anonymous_3)","decl":{"start":{"line":43,"column":40},"end":{"line":43,"column":41}},"loc":{"start":{"line":43,"column":56},"end":{"line":49,"column":1}},"line":43},"4":{"name":"(anonymous_4)","decl":{"start":{"line":57,"column":24},"end":{"line":57,"column":25}},"loc":{"start":{"line":58,"column":2},"end":{"line":99,"column":3}},"line":58},"5":{"name":"(anonymous_5)","decl":{"start":{"line":65,"column":19},"end":{"line":65,"column":20}},"loc":{"start":{"line":65,"column":25},"end":{"line":70,"column":11}},"line":65},"6":{"name":"(anonymous_6)","decl":{"start":{"line":81,"column":20},"end":{"line":81,"column":21}},"loc":{"start":{"line":82,"column":10},"end":{"line":93,"column":27}},"line":82},"7":{"name":"(anonymous_7)","decl":{"start":{"line":83,"column":21},"end":{"line":83,"column":22}},"loc":{"start":{"line":83,"column":27},"end":{"line":87,"column":13}},"line":83}},"branchMap":{"0":{"loc":{"start":{"line":57,"column":60},"end":{"line":57,"column":72}},"type":"default-arg","locations":[{"start":{"line":57,"column":70},"end":{"line":57,"column":72}}],"line":57},"1":{"loc":{"start":{"line":58,"column":2},"end":{"line":99,"column":3}},"type":"binary-expr","locations":[{"start":{"line":58,"column":3},"end":{"line":58,"column":12}},{"start":{"line":58,"column":16},"end":{"line":58,"column":33}},{"start":{"line":59,"column":4},"end":{"line":98,"column":7}}],"line":58}},"s":{"0":3,"1":160,"2":3,"3":3,"4":60,"5":3,"6":160,"7":3,"8":160,"9":3,"10":3,"11":60,"12":0,"13":280,"14":0,"15":3},"f":{"0":160,"1":60,"2":160,"3":160,"4":60,"5":0,"6":280,"7":0},"b":{"0":[0],"1":[60,10,60]},"_coverageSchema":"43e27e138ebf9cfc5966b082cf9a028302ed4184","hash":"4cfb315166ddd8aa791430d61d62136e308a7a15"}
,"/Users/vincent/differential-projects/apollos/apollos-apps/packages/apolloschurchapp/src/tabs/discover/DiscoverFeed/getContentChannels.js": {"path":"/Users/vincent/differential-projects/apollos/apollos-apps/packages/apolloschurchapp/src/tabs/discover/DiscoverFeed/getContentChannels.js","statementMap":{},"fnMap":{},"branchMap":{},"s":{},"f":{},"b":{},"_coverageSchema":"43e27e138ebf9cfc5966b082cf9a028302ed4184","hash":"6cfa2162e84f9ab4b98d11bb4059eb3ee724e482"}
[...]
e":127,"column":16},"end":{"line":132,"column":17}},"18":{"start":{"line":128,"column":18},"end":{"line":131,"column":20}},"19":{"start":{"line":134,"column":14},"end":{"line":134,"column":35}}},"fnMap":{"0":{"name":"(anonymous_0)","decl":{"start":{"line":32,"column":29},"end":{"line":32,"column":30}},"loc":{"start":{"line":32,"column":50},"end":{"line":40,"column":3}},"line":32},"1":{"name":"(anonymous_1)","decl":{"start":{"line":37,"column":29},"end":{"line":37,"column":30}},"loc":{"start":{"line":37,"column":35},"end":{"line":37,"column":54}},"line":37},"2":{"name":"(anonymous_2)","decl":{"start":{"line":50,"column":15},"end":{"line":50,"column":16}},"loc":{"start":{"line":51,"column":4},"end":{"line":91,"column":27}},"line":51},"3":{"name":"(anonymous_3)","decl":{"start":{"line":66,"column":26},"end":{"line":66,"column":27}},"loc":{"start":{"line":66,"column":36},"end":{"line":66,"column":73}},"line":66},"4":{"name":"(anonymous_4)","decl":{"start":{"line":75,"column":26},"end":{"line":75,"column":27}},"loc":{"start":{"line":76,"column":14},"end":{"line":76,"column":58}},"line":76},"5":{"name":"(anonymous_5)","decl":{"start":{"line":94,"column":2},"end":{"line":94,"column":3}},"loc":{"start":{"line":94,"column":11},"end":{"line":142,"column":3}},"line":94},"6":{"name":"(anonymous_6)","decl":{"start":{"line":98,"column":16},"end":{"line":98,"column":17}},"loc":{"start":{"line":98,"column":54},"end":{"line":107,"column":9}},"line":98},"7":{"name":"(anonymous_7)","decl":{"start":{"line":109,"column":9},"end":{"line":109,"column":10}},"loc":{"start":{"line":110,"column":10},"end":{"line":138,"column":19}},"line":110},"8":{"name":"(anonymous_8)","decl":{"start":{"line":120,"column":22},"end":{"line":120,"column":23}},"loc":{"start":{"line":120,"column":77},"end":{"line":135,"column":13}},"line":120}},"branchMap":{"0":{"loc":{"start":{"line":56,"column":9},"end":{"line":56,"column":64}},"type":"cond-expr","locations":[{"start":{"line":56,"column":37},"end":{"line":56,"column":60}},{"start":{"line":56,"column":63},"end":{"line":56,"column":64}}],"line":56},"1":{"loc":{"start":{"line":65,"column":19},"end":{"line":65,"column":66}},"type":"binary-expr","locations":[{"start":{"line":65,"column":19},"end":{"line":65,"column":41}},{"start":{"line":65,"column":45},"end":{"line":65,"column":66}}],"line":65},"2":{"loc":{"start":{"line":73,"column":14},"end":{"line":73,"column":75}},"type":"binary-expr","locations":[{"start":{"line":73,"column":14},"end":{"line":73,"column":43}},{"start":{"line":73,"column":47},"end":{"line":73,"column":75}}],"line":73},"3":{"loc":{"start":{"line":127,"column":16},"end":{"line":132,"column":17}},"type":"if","locations":[{"start":{"line":127,"column":16},"end":{"line":132,"column":17}},{"start":{"line":127,"column":16},"end":{"line":132,"column":17}}],"line":127}},"s":{"0":2,"1":2,"2":0,"3":0,"4":2,"5":1,"6":1,"7":0,"8":0,"9":1,"10":0,"11":0,"12":1,"13":0,"14":0,"15":0,"16":0,"17":0,"18":0,"19":0},"f":{"0":0,"1":0,"2":1,"3":0,"4":0,"5":1,"6":0,"7":1,"8":0},"b":{"0":[0,1],"1":[1,0],"2":[1,0],"3":[0,0]},"_coverageSchema":"43e27e138ebf9cfc5966b082cf9a028302ed4184","hash":"1ee2aeb5f37e2da23f967539841004fb5209a95a"}
,"/Users/vincent/differential-projects/apollos/apollos-apps/packages/apolloschurchapp/src/user-settings/PersonalDetails.js": {"path":"/Users/vincent/differential-projects/apollos/apollos-apps/packages/apolloschurchapp/src/user-settings/PersonalDetails.js","statementMap":{"0":{"start":{"line":26,"column":15},"end":{"line":29,"column":16}},"1":{"start":{"line":32,"column":29},"end":{"line":40,"column":4}},"2":{"start":{"line":32,"column":50},"end":{"line":40,"column":3}},"3":{"start":{"line":37,"column":35},"end":{"line":37,"column":54}},"4":{"start":{"line":42,"column":21},"end":{"line":48,"column":3}},"5":{"start":{"line":50,"column":15},"end":{"line":96,"column":3}},"6":{"start":{"line":52,"column":4},"end":{"line":95,"column":27}},"7":{"start":{"line":67,"column":36},"end":{"line":67,"column":74}},"8":{"start":{"line":74,"column":36},"end":{"line":74,"column":73}},"9":{"start":{"line":81,"column":36},"end":{"line":81,"column":70}},"10":{"start":{"line":99,"column":4},"end":{"line":170,"column":6}},"11":{"start":{"line":102,"column":49},"end":{"line":102,"column":68}},"12":{"start":{"line":104,"column":10},"end":{"line":167,"column":12}},"13":{"start":{"line":108,"column":16},"end":{"line":121,"column":19}},"14":{"start":{"line":125,"column":16},"end":{"line":164,"column":25}},"15":{"start":{"line":138,"column":20},"end":{"line":159,"column":21}},"16":{"start":{"line":139,"column":22},"end":{"line":139,"column":57}},"17":{"start":{"line":140,"column":22},"end":{"line":140,"column":59}},"18":{"start":{"line":142,"column":48},"end":{"line":142,"column":49}},"19":{"start":{"line":143,"column":22},"end":{"line":158,"column":23}},"20":{"start":{"line":146,"column":26},"end":{"line":146,"column":65}},"21":{"start":{"line":149,"column":24},"end":{"line":152,"column":26}},"22":{"start":{"line":154,"column":24},"end":{"line":157,"column":26}},"23":{"start":{"line":160,"column":20},"end":{"line":160,"column":41}}},"fnMap":{"0":{"name":"(anonymous_0)","decl":{"start":{"line":32,"column":29},"end":{"line":32,"column":30}},"loc":{"start":{"line":32,"column":50},"end":{"line":40,"column":3}},"line":32},"1":{"name":"(anonymous_1)","decl":{"start":{"line":37,"column":29},"end":{"line":37,"column":30}},"loc":{"start":{"line":37,"column":35},"end":{"line":37,"column":54}},"line":37},"2":{"name":"(anonymous_2)","decl":{"start":{"line":50,"column":15},"end":{"line":50,"column":16}},"loc":{"start":{"line":52,"column":4},"end":{"line":95,"column":27}},"line":52},"3":{"name":"(anonymous_3)","decl":{"start":{"line":67,"column":26},"end":{"line":67,"column":27}},"loc":{"start":{"line":67,"column":36},"end":{"line":67,"column":74}},"line":67},"4":{"name":"(anonymous_4)","decl":{"start":{"line":74,"column":26},"end":{"line":74,"column":27}},"loc":{"start":{"line":74,"column":36},"end":{"line":74,"column":73}},"line":74},"5":{"name":"(anonymous_5)","decl":{"start":{"line":81,"column":26},"end":{"line":81,"column":27}},"loc":{"start":{"line":81,"column":36},"end":{"line":81,"column":70}},"line":81},"6":{"name":"(anonymous_6)","decl":{"start":{"line":98,"column":2},"end":{"line":98,"column":3}},"loc":{"start":{"line":98,"column":11},"end":{"line":171,"column":3}},"line":98},"7":{"name":"(anonymous_7)","decl":{"start":{"line":101,"column":9},"end":{"line":101,"column":10}},"loc":{"start":{"line":101,"column":63},"end":{"line":168,"column":9}},"line":101},"8":{"name":"(anonymous_8)","decl":{"start":{"line":107,"column":22},"end":{"line":107,"column":23}},"loc":{"start":{"line":107,"column":74},"end":{"line":122,"column":15}},"line":107},"9":{"name":"(anonymous_9)","decl":{"start":{"line":124,"column":15},"end":{"line":124,"column":16}},"loc":{"start":{"line":125,"column":16},"end":{"line":164,"column":25}},"line":125},"10":{"name":"(anonymous_10)","decl":{"start":{"line":134,"column":28},"end":{"line":134,"column":29}},"loc":{"start":{"line":137,"column":23},"end":{"line":161,"column":19}},"line":137},"11":{"name":"(anonymous_11)","decl":{"start":{"line":145,"column":43},"end":{"line":145,"column":44}},"loc":{"start":{"line":146,"column":26},"end":{"line":146,"column":65}},"line":146}},"branchMap":{"0":{"loc":{"start":{"line":57,"column":9},"end":{"line":57,"column":64}},"type":"cond-expr","locations":[{"start":{"line":57,"column":37},"end":{"line":57,"column":60}},{"start":{"line":57,"column":63},"end":{"line":57,"column":64}}],"line":57},"1":{"loc":{"start":{"line":66,"column":19},"end":{"line":66,"column":68}},"type":"binary-expr","locations":[{"start":{"line":66,"column":19},"end":{"line":66,"column":42}},{"start":{"line":66,"column":46},"end":{"line":66,"column":68}}],"line":66},"2":{"loc":{"start":{"line":73,"column":19},"end":{"line":73,"column":66}},"type":"binary-expr","locations":[{"start":{"line":73,"column":19},"end":{"line":73,"column":41}},{"start":{"line":73,"column":45},"end":{"line":73,"column":66}}],"line":73},"3":{"loc":{"start":{"line":80,"column":19},"end":{"line":80,"column":60}},"type":"binary-expr","locations":[{"start":{"line":80,"column":19},"end":{"line":80,"column":38}},{"start":{"line":80,"column":42},"end":{"line":80,"column":60}}],"line":80},"4":{"loc":{"start":{"line":87,"column":24},"end":{"line":87,"column":60}},"type":"binary-expr","locations":[{"start":{"line":87,"column":24},"end":{"line":87,"column":38}},{"start":{"line":87,"column":42},"end":{"line":87,"column":60}}],"line":87},"5":{"loc":{"start":{"line":101,"column":18},"end":{"line":101,"column":56}},"type":"default-arg","locations":[{"start":{"line":101,"column":54},"end":{"line":101,"column":56}}],"line":101},"6":{"loc":{"start":{"line":101,"column":20},"end":{"line":101,"column":49}},"type":"default-arg","locations":[{"start":{"line":101,"column":34},"end":{"line":101,"column":49}}],"line":101},"7":{"loc":{"start":{"line":143,"column":22},"end":{"line":158,"column":23}},"type":"if","locations":[{"start":{"line":143,"column":22},"end":{"line":158,"column":23}},{"start":{"line":143,"column":22},"end":{"line":158,"column":23}}],"line":143},"8":{"loc":{"start":{"line":144,"column":24},"end":{"line":147,"column":25}},"type":"binary-expr","locations":[{"start":{"line":144,"column":24},"end":{"line":144,"column":44}},{"start":{"line":145,"column":24},"end":{"line":147,"column":25}}],"line":144}},"s":{"0":2,"1":2,"2":0,"3":0,"4":2,"5":1,"6":3,"7":0,"8":0,"9":0,"10":1,"11":3,"12":3,"13":0,"14":3,"15":0,"16":0,"17":0,"18":0,"19":0,"20":0,"21":0,"22":0,"23":0},"f":{"0":0,"1":0,"2":3,"3":0,"4":0,"5":0,"6":1,"7":3,"8":0,"9":3,"10":0,"11":0},"b":{"0":[0,3],"1":[3,0],"2":[3,0],"3":[3,0],"4":[3,0],"5":[0],"6":[2],"7":[0,0],"8":[0,0]},"_coverageSchema":"43e27e138ebf9cfc5966b082cf9a028302ed4184","hash":"a070fb812f2b2da20ddd3969cc3bf4f0a2eeb60f"}
,"/Users/vincent/differential-projects/apollos/apollos-apps/packages/apolloschurchapp/src/user-settings/index.js": {"path":"/Users/vincent/differential-projects/apollos/apollos-apps/packages/apolloschurchapp/src/user-settings/index.js","statementMap":{"0":{"start":{"line":26,"column":29},"end":{"line":28,"column":4}},"1":{"start":{"line":26,"column":36},"end":{"line":28,"column":3}},"2":{"start":{"line":30,"column":21},"end":{"line":35,"column":3}},"3":{"start":{"line":38,"column":4},"end":{"line":158,"column":6}},"4":{"start":{"line":41,"column":10},"end":{"line":41,"column":52}},"5":{"start":{"line":41,"column":23},"end":{"line":41,"column":52}},"6":{"start":{"line":42,"column":10},"end":{"line":42,"column":39}},"7":{"start":{"line":42,"column":27},"end":{"line":42,"column":39}},"8":{"start":{"line":43,"column":10},"end":{"line":155,"column":12}},"9":{"start":{"line":50,"column":20},"end":{"line":150,"column":23}},"10":{"start":{"line":54,"column":28},"end":{"line":56,"column":30}},"11":{"start":{"line":67,"column":28},"end":{"line":67,"column":77}},"12":{"start":{"line":78,"column":28},"end":{"line":80,"column":30}},"13":{"start":{"line":92,"column":28},"end":{"line":92,"column":72}},"14":{"start":{"line":104,"column":28},"end":{"line":104,"column":72}},"15":{"start":{"line":115,"column":28},"end":{"line":115,"column":72}},"16":{"start":{"line":127,"column":28},"end":{"line":139,"column":40}},"17":{"start":{"line":129,"column":32},"end":{"line":129,"column":53}},"18":{"start":{"line":132,"column":32},"end":{"line":132,"column":70}}},"fnMap":{"0":{"name":"(anonymous_0)","decl":{"start":{"line":26,"column":29},"end":{"line":26,"column":30}},"loc":{"start":{"line":26,"column":36},"end":{"line":28,"column":3}},"line":26},"1":{"name":"(anonymous_1)","decl":{"start":{"line":37,"column":2},"end":{"line":37,"column":3}},"loc":{"start":{"line":37,"column":11},"end":{"line":159,"column":3}},"line":37},"2":{"name":"(anonymous_2)","decl":{"start":{"line":40,"column":9},"end":{"line":40,"column":10}},"loc":{"start":{"line":40,"column":56},"end":{"line":156,"column":9}},"line":40},"3":{"name":"(anonymous_3)","decl":{"start":{"line":49,"column":19},"end":{"line":49,"column":20}},"loc":{"start":{"line":50,"column":20},"end":{"line":150,"column":23}},"line":50},"4":{"name":"(anonymous_4)","decl":{"start":{"line":53,"column":35},"end":{"line":53,"column":36}},"loc":{"start":{"line":53,"column":47},"end":{"line":57,"column":27}},"line":53},"5":{"name":"(anonymous_5)","decl":{"start":{"line":66,"column":35},"end":{"line":66,"column":36}},"loc":{"start":{"line":66,"column":47},"end":{"line":68,"column":27}},"line":66},"6":{"name":"(anonymous_6)","decl":{"start":{"line":77,"column":35},"end":{"line":77,"column":36}},"loc":{"start":{"line":77,"column":47},"end":{"line":81,"column":27}},"line":77},"7":{"name":"(anonymous_7)","decl":{"start":{"line":91,"column":35},"end":{"line":91,"column":36}},"loc":{"start":{"line":92,"column":28},"end":{"line":92,"column":72}},"line":92},"8":{"name":"(anonymous_8)","decl":{"start":{"line":103,"column":35},"end":{"line":103,"column":36}},"loc":{"start":{"line":104,"column":28},"end":{"line":104,"column":72}},"line":104},"9":{"name":"(anonymous_9)","decl":{"start":{"line":114,"column":35},"end":{"line":114,"column":36}},"loc":{"start":{"line":115,"column":28},"end":{"line":115,"column":72}},"line":115},"10":{"name":"(anonymous_10)","decl":{"start":{"line":126,"column":27},"end":{"line":126,"column":28}},"loc":{"start":{"line":127,"column":28},"end":{"line":139,"column":40}},"line":127},"11":{"name":"(anonymous_11)","decl":{"start":{"line":128,"column":39},"end":{"line":128,"column":40}},"loc":{"start":{"line":128,"column":51},"end":{"line":133,"column":31}},"line":128}},"branchMap":{"0":{"loc":{"start":{"line":40,"column":20},"end":{"line":40,"column":38}},"type":"default-arg","locations":[{"start":{"line":40,"column":33},"end":{"line":40,"column":38}}],"line":40},"1":{"loc":{"start":{"line":41,"column":10},"end":{"line":41,"column":52}},"type":"if","locations":[{"start":{"line":41,"column":10},"end":{"line":41,"column":52}},{"start":{"line":41,"column":10},"end":{"line":41,"column":52}}],"line":41},"2":{"loc":{"start":{"line":42,"column":10},"end":{"line":42,"column":39}},"type":"if","locations":[{"start":{"line":42,"column":10},"end":{"line":42,"column":39}},{"start":{"line":42,"column":10},"end":{"line":42,"column":39}}],"line":42}},"s":{"0":2,"1":0,"2":2,"3":1,"4":3,"5":0,"6":3,"7":3,"8":0,"9":0,"10":0,"11":0,"12":0,"13":0,"14":0,"15":0,"16":0,"17":0,"18":0},"f":{"0":0,"1":1,"2":3,"3":0,"4":0,"5":0,"6":0,"7":0,"8":0,"9":0,"10":0,"11":0},"b":{"0":[2],"1":[0,3],"2":[3,0]},"_coverageSchema":"43e27e138ebf9cfc5966b082cf9a028302ed4184","hash":"e132c7bcd796cbffdfea44f5ef2524d6774184d9"}
,"/Users/vincent/differential-projects/apollos/apollos-apps/packages/apolloschurchapp/src/user-settings/passwordChange.js": {"path":"/Users/vincent/differential-projects/apollos/apollos-apps/packages/apolloschurchapp/src/user-settings/passwordChange.js","statementMap":{},"fnMap":{},"branchMap":{},"s":{},"f":{},"b":{},"_coverageSchema":"43e27e138ebf9cfc5966b082cf9a028302ed4184","hash":"376f73803bdcfa4c2d640b0da057355aca7b1c1b"}
,"/Users/vincent/differential-projects/apollos/apollos-apps/packages/apolloschurchapp/src/user-settings/updateCurrentUser.js": {"path":"/Users/vincent/differential-projects/apollos/apollos-apps/packages/apolloschurchapp/src/user-settings/updateCurrentUser.js","statementMap":{},"fnMap":{},"branchMap":{},"s":{},"f":{},"b":{},"_coverageSchema":"43e27e138ebf9cfc5966b082cf9a028302ed4184","hash":"3d66f54f0426de55c4c1cb6866075be0ba9a5f3b"}
,"/Users/vincent/differential-projects/apollos/apollos-apps/packages/apolloschurchapp/src/user-web-browser/Provider.js": {"path":"/Users/vincent/differential-projects/apollos/apollos-apps/packages/apolloschurchapp/src/user-web-browser/Provider.js","statementMap":{"0":{"start":{"line":6,"column":31},"end":{"line":7,"column":55}},"1":{"start":{"line":7,"column":2},"end":{"line":7,"column":55}},"2":{"start":{"line":9,"column":31},"end":{"line":9,"column":61}}},"fnMap":{"0":{"name":"(anonymous_0)","decl":{"start":{"line":6,"column":31},"end":{"line":6,"column":32}},"loc":{"start":{"line":7,"column":2},"end":{"line":7,"column":55}},"line":7}},"branchMap":{},"s":{"0":2,"1":1,"2":2},"f":{"0":1},"b":{},"_coverageSchema":"43e27e138ebf9cfc5966b082cf9a028302ed4184","hash":"3220cb642fa8d47326341d2d9dde873801265d0d"}
,"/Users/vincent/differential-projects/apollos/apollos-apps/packages/apolloschurchapp/src/user-web-browser/index.js": {"path":"/Users/vincent/differential-projects/apollos/apollos-apps/packages/apolloschurchapp/src/user-web-browser/index.js","statementMap":{"0":{"start":{"line":11,"column":16},"end":{"line":20,"column":1}},"1":{"start":{"line":12,"column":2},"end":{"line":18,"column":3}},"2":{"start":{"line":13,"column":4},"end":{"line":17,"column":6}},"3":{"start":{"line":19,"column":2},"end":{"line":19,"column":72}},"4":{"start":{"line":22,"column":0},"end":{"line":26,"column":2}},"5":{"start":{"line":28,"column":32},"end":{"line":35,"column":1}},"6":{"start":{"line":37,"column":30},"end":{"line":58,"column":1}},"7":{"start":{"line":39,"column":14},"end":{"line":39,"column":45}},"8":{"start":{"line":40,"column":2},"end":{"line":57,"column":4}},"9":{"start":{"line":43,"column":8},"end":{"line":45,"column":9}},"10":{"start":{"line":44,"column":10},"end":{"line":44,"column":22}},"11":{"start":{"line":46,"column":23},"end":{"line":46,"column":61}},"12":{"start":{"line":47,"column":8},"end":{"line":54,"column":10}},"13":{"start":{"line":60,"column":0},"end":{"line":63,"column":2}}},"fnMap":{"0":{"name":"(anonymous_0)","decl":{"start":{"line":11,"column":16},"end":{"line":11,"column":17}},"loc":{"start":{"line":11,"column":56},"end":{"line":20,"column":1}},"line":11},"1":{"name":"(anonymous_1)","decl":{"start":{"line":37,"column":30},"end":{"line":37,"column":31}},"loc":{"start":{"line":37,"column":69},"end":{"line":58,"column":1}},"line":37},"2":{"name":"(anonymous_2)","decl":{"start":{"line":42,"column":7},"end":{"line":42,"column":8}},"loc":{"start":{"line":42,"column":30},"end":{"line":55,"column":7}},"line":42}},"branchMap":{"0":{"loc":{"start":{"line":12,"column":2},"end":{"line":18,"column":3}},"type":"if","locations":[{"start":{"line":12,"column":2},"end":{"line":18,"column":3}},{"start":{"line":12,"column":2},"end":{"line":18,"column":3}}],"line":12},"1":{"loc":{"start":{"line":37,"column":50},"end":{"line":37,"column":62}},"type":"default-arg","locations":[{"start":{"line":37,"column":58},"end":{"line":37,"column":62}}],"line":37},"2":{"loc":{"start":{"line":43,"column":8},"end":{"line":45,"column":9}},"type":"if","locations":[{"start":{"line":43,"column":8},"end":{"line":45,"column":9}},{"start":{"line":43,"column":8},"end":{"line":45,"column":9}}],"line":43}},"s":{"0":2,"1":2,"2":1,"3":1,"4":2,"5":2,"6":2,"7":2,"8":2,"9":3,"10":1,"11":2,"12":2,"13":2},"f":{"0":2,"1":2,"2":3},"b":{"0":[1,1],"1":[1],"2":[1,2]},"_coverageSchema":"43e27e138ebf9cfc5966b082cf9a028302ed4184","hash":"45fe94529ebf99e5d17dd09dc5ce412cd9f0ee4a"}
,"/Users/vincent/differential-projects/apollos/apollos-apps/packages/apolloschurchapp/src/utils/testUtils.js": {"path":"/Users/vincent/differential-projects/apollos/apollos-apps/packages/apolloschurchapp/src/utils/testUtils.js","statementMap":{"0":{"start":{"line":5,"column":36},"end":{"line":10,"column":1}},"1":{"start":{"line":6,"column":15},"end":{"line":6,"column":41}},"2":{"start":{"line":7,"column":2},"end":{"line":7,"column":16}},"3":{"start":{"line":8,"column":2},"end":{"line":8,"column":25}},"4":{"start":{"line":9,"column":2},"end":{"line":9,"column":14}}},"fnMap":{"0":{"name":"(anonymous_0)","decl":{"start":{"line":5,"column":36},"end":{"line":5,"column":37}},"loc":{"start":{"line":5,"column":57},"end":{"line":10,"column":1}},"line":5}},"branchMap":{},"s":{"0":10,"1":12,"2":12,"3":12,"4":12},"f":{"0":12},"b":{},"_coverageSchema":"43e27e138ebf9cfc5966b082cf9a028302ed4184","hash":"3f971edfeed55e4828a139a85cff2d7837fd07fa"}
}
