TN:
SF:/Users/vincent/differential-projects/apollos/apollos-apps/packages/apolloschurchapp/src/LandingScreen.js
FN:11,(anonymous_0)
FN:13,(anonymous_1)
FNF:2
FNH:0
FNDA:0,(anonymous_0)
FNDA:0,(anonymous_1)
DA:6,1
DA:11,1
DA:12,0
DA:13,0
DA:22,1
LF:5
LH:3
BRF:0
BRH:0
end_of_record
TN:
SF:/Users/vincent/differential-projects/apollos/apollos-apps/packages/apolloschurchapp/src/NavigationService.js
FN:5,(anonymous_0)
FN:9,(anonymous_1)
FN:18,(anonymous_2)
FN:32,(anonymous_3)
FN:41,(anonymous_4)
FN:44,(anonymous_5)
FNF:6
FNH:1
FNDA:1,(anonymous_0)
FNDA:0,(anonymous_1)
FNDA:0,(anonymous_2)
FNDA:0,(anonymous_3)
FNDA:0,(anonymous_4)
FNDA:0,(anonymous_5)
DA:5,18
DA:6,1
DA:9,18
DA:10,0
DA:18,18
DA:19,0
DA:32,18
DA:33,0
DA:41,18
DA:43,0
DA:44,0
DA:45,0
DA:47,0
LF:13
LH:6
BRDA:43,0,0,0
BRDA:43,0,1,0
BRDA:45,1,0,0
BRDA:45,1,1,0
BRF:4
BRH:0
end_of_record
TN:
SF:/Users/vincent/differential-projects/apollos/apollos-apps/packages/apolloschurchapp/src/Providers.js
FN:14,(anonymous_0)
FN:21,(anonymous_1)
FN:23,(anonymous_2)
FNF:3
FNH:1
FNDA:29,(anonymous_0)
FNDA:0,(anonymous_1)
FNDA:0,(anonymous_2)
DA:14,18
DA:15,29
DA:21,0
DA:23,0
LF:4
LH:2
BRF:0
BRH:0
end_of_record
TN:
SF:/Users/vincent/differential-projects/apollos/apollos-apps/packages/apolloschurchapp/src/index.js
FN:24,(anonymous_0)
FN:29,(anonymous_1)
FN:30,(anonymous_2)
FN:36,(anonymous_3)
FN:64,(anonymous_4)
FN:69,(anonymous_5)
FNF:6
FNH:4
FNDA:1,(anonymous_0)
FNDA:1,(anonymous_1)
FNDA:0,(anonymous_2)
FNDA:0,(anonymous_3)
FNDA:1,(anonymous_4)
FNDA:1,(anonymous_5)
DA:24,1
DA:29,1
DA:30,1
DA:32,1
DA:36,1
DA:38,1
DA:40,1
DA:62,1
DA:64,1
DA:65,1
DA:70,1
LF:11
LH:11
BRF:0
BRH:0
end_of_record
TN:
SF:/Users/vincent/differential-projects/apollos/apollos-apps/packages/apolloschurchapp/src/client/cache.js
FN:29,(anonymous_0)
FN:53,(anonymous_1)
FNF:2
FNH:2
FNDA:34,(anonymous_0)
FNDA:18,(anonymous_1)
DA:11,18
DA:17,18
DA:26,18
DA:27,18
DA:29,18
DA:30,34
DA:32,18
DA:43,18
DA:53,18
DA:56,18
DA:57,18
DA:58,11
DA:61,0
DA:62,0
DA:65,0
DA:66,0
DA:71,11
DA:72,0
DA:75,11
LF:19
LH:14
BRDA:30,0,0,34
BRDA:30,0,1,0
BRDA:58,1,0,0
BRDA:58,1,1,11
BRF:4
BRH:2
end_of_record
TN:
SF:/Users/vincent/differential-projects/apollos/apollos-apps/packages/apolloschurchapp/src/content-feed/getContentFeed.js
FNF:0
FNH:0
LF:0
LH:0
BRF:0
BRH:0
end_of_record
TN:
SF:/Users/vincent/differential-projects/apollos/apollos-apps/packages/apolloschurchapp/src/content-feed/index.js
FN:20,(anonymous_0)
FN:40,(anonymous_1)
FN:46,(anonymous_2)
FN:56,(anonymous_3)
FN:63,(anonymous_4)
FNF:5
FNH:3
FNDA:0,(anonymous_0)
FNDA:0,(anonymous_1)
FNDA:1,(anonymous_2)
FNDA:3,(anonymous_3)
FNDA:2,(anonymous_4)
DA:20,2
DA:21,0
DA:22,0
DA:27,2
DA:40,1
DA:41,0
DA:47,1
DA:48,1
DA:49,1
DA:57,3
DA:63,2
LF:11
LH:8
BRF:0
BRH:0
end_of_record
TN:
SF:/Users/vincent/differential-projects/apollos/apollos-apps/packages/apolloschurchapp/src/content-single/ContentSingle.js
FN:33,(anonymous_0)
FN:37,(anonymous_1)
FN:41,(anonymous_2)
FN:79,(anonymous_3)
FN:107,(anonymous_4)
FNF:5
FNH:0
FNDA:0,(anonymous_0)
FNDA:0,(anonymous_1)
FNDA:0,(anonymous_2)
FNDA:0,(anonymous_3)
FNDA:0,(anonymous_4)
DA:20,1
DA:27,1
DA:34,0
DA:38,0
DA:41,0
DA:42,0
DA:43,0
DA:44,0
DA:47,0
DA:49,0
DA:58,0
DA:68,0
DA:79,0
DA:80,0
DA:82,0
DA:84,0
DA:86,0
DA:108,0
LF:18
LH:2
BRDA:43,0,0,0
BRDA:43,0,1,0
BRDA:43,1,0,0
BRDA:43,1,1,0
BRDA:47,2,0,0
BRDA:47,2,1,0
BRDA:47,2,2,0
BRDA:47,2,3,0
BRDA:80,3,0,0
BRDA:80,3,1,0
BRDA:82,4,0,0
BRDA:82,4,1,0
BRDA:84,5,0,0
BRDA:94,6,0,0
BRDA:94,6,1,0
BRF:15
BRH:0
end_of_record
TN:
SF:/Users/vincent/differential-projects/apollos/apollos-apps/packages/apolloschurchapp/src/content-single/NavigationHeader.js
FN:5,(anonymous_0)
FN:7,(anonymous_1)
FN:8,(anonymous_2)
FNF:3
FNH:0
FNDA:0,(anonymous_0)
FNDA:0,(anonymous_1)
FNDA:0,(anonymous_2)
DA:5,2
DA:6,0
DA:7,0
DA:8,0
DA:9,0
DA:12,0
DA:15,2
LF:7
LH:2
BRDA:7,0,0,0
BRDA:7,0,1,0
BRF:2
BRH:0
end_of_record
TN:
SF:/Users/vincent/differential-projects/apollos/apollos-apps/packages/apolloschurchapp/src/content-single/getContentItem.js
FNF:0
FNH:0
LF:0
LH:0
BRF:0
BRH:0
end_of_record
TN:
SF:/Users/vincent/differential-projects/apollos/apollos-apps/packages/apolloschurchapp/src/content-single/index.js
FNF:0
FNH:0
DA:5,1
LF:1
LH:1
BRF:0
BRH:0
end_of_record
TN:
SF:/Users/vincent/differential-projects/apollos/apollos-apps/packages/apolloschurchapp/src/content-single/ActionContainer/index.js
FN:11,(anonymous_0)
FN:17,(anonymous_1)
FN:22,(anonymous_2)
FNF:3
FNH:0
FNDA:0,(anonymous_0)
FNDA:0,(anonymous_1)
FNDA:0,(anonymous_2)
DA:11,1
DA:17,1
DA:22,1
DA:23,0
DA:33,1
LF:5
LH:4
BRF:0
BRH:0
end_of_record
TN:
SF:/Users/vincent/differential-projects/apollos/apollos-apps/packages/apolloschurchapp/src/content-single/DevotionalContentItem/ContentTab.js
FN:20,(anonymous_0)
FNF:1
FNH:1
FNDA:2,(anonymous_0)
DA:11,2
DA:20,2
DA:28,2
DA:47,2
LF:4
LH:4
BRDA:31,0,0,1
BRDA:31,0,1,1
BRDA:31,1,0,2
BRDA:31,1,1,1
BRF:4
BRH:4
end_of_record
TN:
SF:/Users/vincent/differential-projects/apollos/apollos-apps/packages/apolloschurchapp/src/content-single/DevotionalContentItem/ScriptureTab.js
FN:13,(anonymous_0)
FN:16,(anonymous_1)
FNF:2
FNH:2
FNDA:1,(anonymous_0)
FNDA:2,(anonymous_1)
DA:13,2
DA:14,1
DA:17,2
DA:37,2
LF:4
LH:4
BRDA:24,0,0,1
BRDA:24,0,1,1
BRF:2
BRH:2
end_of_record
TN:
SF:/Users/vincent/differential-projects/apollos/apollos-apps/packages/apolloschurchapp/src/content-single/DevotionalContentItem/getScripture.js
FNF:0
FNH:0
LF:0
LH:0
BRF:0
BRH:0
end_of_record
TN:
SF:/Users/vincent/differential-projects/apollos/apollos-apps/packages/apolloschurchapp/src/content-single/DevotionalContentItem/index.js
FN:43,(anonymous_0)
FN:48,(anonymous_1)
FN:61,(anonymous_2)
FN:61,(anonymous_3)
FN:75,(anonymous_4)
FN:75,(anonymous_5)
FN:84,(anonymous_6)
FN:88,(anonymous_7)
FN:95,(anonymous_8)
FN:114,(anonymous_9)
FN:119,(anonymous_10)
FNF:11
FNH:11
FNDA:1,(anonymous_0)
FNDA:2,(anonymous_1)
FNDA:1,(anonymous_2)
FNDA:1,(anonymous_3)
FNDA:1,(anonymous_4)
FNDA:1,(anonymous_5)
FNDA:1,(anonymous_6)
FNDA:1,(anonymous_7)
FNDA:2,(anonymous_8)
FNDA:1,(anonymous_9)
FNDA:2,(anonymous_10)
DA:19,2
DA:26,2
DA:43,1
DA:44,1
DA:46,1
DA:47,1
DA:50,2
DA:54,1
DA:61,1
DA:62,1
DA:75,1
DA:76,1
DA:84,1
DA:85,1
DA:88,1
DA:89,1
DA:91,1
DA:94,1
DA:95,2
DA:98,1
DA:99,1
DA:100,1
DA:103,1
DA:104,1
DA:105,1
DA:107,1
DA:115,1
DA:120,2
LF:28
LH:28
BRDA:46,0,0,1
BRDA:46,0,1,0
BRDA:50,1,0,2
BRDA:50,1,1,0
BRDA:68,2,0,1
BRDA:68,2,1,1
BRDA:80,3,0,1
BRDA:80,3,1,1
BRDA:89,4,0,0
BRDA:89,4,1,1
BRDA:94,5,0,1
BRDA:94,5,1,0
BRDA:98,6,0,1
BRDA:98,6,1,1
BRDA:103,7,0,1
BRDA:103,7,1,0
BRDA:107,8,0,0
BRDA:107,8,1,1
BRDA:120,9,0,1
BRDA:120,9,1,1
BRF:20
BRH:14
end_of_record
TN:
SF:/Users/vincent/differential-projects/apollos/apollos-apps/packages/apolloschurchapp/src/content-single/Features/ScriptureFeature.js
FN:8,(anonymous_0)
FN:18,(anonymous_1)
FNF:2
FNH:0
FNDA:0,(anonymous_0)
FNDA:0,(anonymous_1)
DA:8,1
DA:14,0
DA:19,0
DA:31,1
LF:4
LH:2
BRDA:10,0,0,0
BRF:1
BRH:0
end_of_record
TN:
SF:/Users/vincent/differential-projects/apollos/apollos-apps/packages/apolloschurchapp/src/content-single/Features/TextFeature.js
FN:7,(anonymous_0)
FNF:1
FNH:0
FNDA:0,(anonymous_0)
DA:7,1
DA:8,0
DA:15,1
LF:3
LH:2
BRDA:7,0,0,0
BRF:1
BRH:0
end_of_record
TN:
SF:/Users/vincent/differential-projects/apollos/apollos-apps/packages/apolloschurchapp/src/content-single/Features/getContentItemFeatures.js
FNF:0
FNH:0
DA:7,1
DA:9,1
LF:2
LH:2
BRF:0
BRH:0
end_of_record
TN:
SF:/Users/vincent/differential-projects/apollos/apollos-apps/packages/apolloschurchapp/src/content-single/Features/index.js
FN:16,(anonymous_0)
FN:25,(anonymous_1)
FN:37,(anonymous_2)
FNF:3
FNH:0
FNDA:0,(anonymous_0)
FNDA:0,(anonymous_1)
FNDA:0,(anonymous_2)
DA:11,1
DA:16,1
DA:17,0
DA:19,0
DA:26,0
DA:27,0
DA:29,0
DA:30,0
DA:32,0
DA:38,0
DA:39,0
DA:40,0
DA:51,1
LF:13
LH:3
BRDA:17,0,0,0
BRDA:17,0,1,0
BRDA:25,1,0,0
BRDA:26,2,0,0
BRDA:26,2,1,0
BRDA:27,3,0,0
BRDA:27,3,1,0
BRDA:30,4,0,0
BRDA:30,4,1,0
BRDA:30,5,0,0
BRDA:30,5,1,0
BRDA:39,6,0,0
BRDA:39,6,1,0
BRF:13
BRH:0
end_of_record
TN:
SF:/Users/vincent/differential-projects/apollos/apollos-apps/packages/apolloschurchapp/src/content-single/UniversalContentItem/index.js
FN:23,(anonymous_0)
FN:27,(anonymous_1)
FN:32,(anonymous_2)
FNF:3
FNH:0
FNDA:0,(anonymous_0)
FNDA:0,(anonymous_1)
FNDA:0,(anonymous_2)
DA:21,1
DA:23,1
DA:27,1
DA:28,0
DA:29,0
DA:33,0
DA:59,1
LF:7
LH:4
BRDA:34,0,0,0
BRDA:34,0,1,0
BRDA:34,1,0,0
BRDA:34,1,1,0
BRDA:37,2,0,0
BRDA:37,2,1,0
BRDA:45,3,0,0
BRDA:45,3,1,0
BRF:8
BRH:0
end_of_record
TN:
SF:/Users/vincent/differential-projects/apollos/apollos-apps/packages/apolloschurchapp/src/content-single/WeekendContentItem/index.js
FN:28,(anonymous_0)
FN:35,(anonymous_1)
FN:39,(anonymous_2)
FN:52,(anonymous_3)
FN:56,(anonymous_4)
FN:59,(anonymous_5)
FN:77,(anonymous_6)
FNF:7
FNH:0
FNDA:0,(anonymous_0)
FNDA:0,(anonymous_1)
FNDA:0,(anonymous_2)
FNDA:0,(anonymous_3)
FNDA:0,(anonymous_4)
FNDA:0,(anonymous_5)
FNDA:0,(anonymous_6)
DA:26,1
DA:28,1
DA:35,1
DA:39,1
DA:52,1
DA:53,0
DA:54,0
DA:57,0
DA:60,0
DA:78,0
DA:104,1
LF:11
LH:6
BRDA:31,0,0,0
BRDA:31,0,1,0
BRDA:40,1,0,0
BRDA:40,1,1,0
BRDA:61,2,0,0
BRDA:61,2,1,0
BRDA:63,3,0,0
BRDA:63,3,1,0
BRDA:63,4,0,0
BRDA:63,4,1,0
BRDA:69,5,0,0
BRDA:69,5,1,0
BRDA:81,6,0,0
BRDA:81,6,1,0
BRDA:86,7,0,0
BRDA:86,7,1,0
BRF:16
BRH:0
end_of_record
TN:
SF:/Users/vincent/differential-projects/apollos/apollos-apps/packages/apolloschurchapp/src/event/Event.js
FN:18,(anonymous_0)
FN:22,(anonymous_1)
FN:27,(anonymous_2)
FNF:3
FNH:2
FNDA:0,(anonymous_0)
FNDA:4,(anonymous_1)
FNDA:4,(anonymous_2)
DA:18,3
DA:19,0
DA:22,3
DA:23,4
DA:24,4
DA:28,4
DA:62,3
LF:7
LH:6
BRDA:29,0,0,4
BRDA:29,0,1,0
BRDA:29,1,0,4
BRDA:29,1,1,2
BRDA:32,2,0,4
BRDA:32,2,1,2
BRDA:38,3,0,4
BRDA:38,3,1,3
BRF:8
BRH:7
end_of_record
TN:
SF:/Users/vincent/differential-projects/apollos/apollos-apps/packages/apolloschurchapp/src/event/EventConnected.js
FN:28,(anonymous_0)
FN:32,(anonymous_1)
FN:36,(anonymous_2)
FN:68,(anonymous_3)
FNF:4
FNH:4
FNDA:7,(anonymous_0)
FNDA:1,(anonymous_1)
FNDA:3,(anonymous_2)
FNDA:1,(anonymous_3)
DA:15,2
DA:22,2
DA:29,7
DA:33,1
DA:36,1
DA:37,3
DA:39,3
DA:41,3
DA:43,3
DA:69,1
LF:10
LH:10
BRDA:37,0,0,0
BRDA:37,0,1,3
BRDA:39,1,0,3
BRDA:39,1,1,2
BRDA:41,2,0,3
BRDA:51,3,0,3
BRDA:51,3,1,1
BRF:7
BRH:6
end_of_record
TN:
SF:/Users/vincent/differential-projects/apollos/apollos-apps/packages/apolloschurchapp/src/event/components.js
FN:8,(anonymous_0)
FN:16,(anonymous_1)
FN:28,(anonymous_2)
FNF:3
FNH:3
FNDA:8,(anonymous_0)
FNDA:20,(anonymous_1)
FNDA:8,(anonymous_2)
DA:6,3
DA:8,8
DA:16,20
DA:22,3
DA:26,3
DA:28,3
DA:29,8
DA:38,3
LF:8
LH:8
BRF:0
BRH:0
end_of_record
TN:
SF:/Users/vincent/differential-projects/apollos/apollos-apps/packages/apolloschurchapp/src/event/getEvent.js
FNF:0
FNH:0
DA:3,2
LF:1
LH:1
BRF:0
BRH:0
end_of_record
TN:
SF:/Users/vincent/differential-projects/apollos/apollos-apps/packages/apolloschurchapp/src/event/index.js
FNF:0
FNH:0
DA:5,1
LF:1
LH:1
BRF:0
BRH:0
end_of_record
TN:
SF:/Users/vincent/differential-projects/apollos/apollos-apps/packages/apolloschurchapp/src/scripture/getScripture.js
FNF:0
FNH:0
LF:0
LH:0
BRF:0
BRH:0
end_of_record
TN:
SF:/Users/vincent/differential-projects/apollos/apollos-apps/packages/apolloschurchapp/src/scripture/index.js
FN:13,(anonymous_0)
FN:17,(anonymous_1)
FN:19,(anonymous_2)
FNF:3
FNH:3
FNDA:1,(anonymous_0)
FNDA:1,(anonymous_1)
FNDA:2,(anonymous_2)
DA:13,1
DA:17,1
DA:18,1
DA:20,2
DA:37,1
LF:5
LH:5
BRDA:14,0,0,1
BRF:1
BRH:1
end_of_record
TN:
SF:/Users/vincent/differential-projects/apollos/apollos-apps/packages/apolloschurchapp/src/store/getAuthToken.js
FNF:0
FNH:0
LF:0
LH:0
BRF:0
BRH:0
end_of_record
TN:
SF:/Users/vincent/differential-projects/apollos/apollos-apps/packages/apolloschurchapp/src/store/index.js
FN:38,(anonymous_0)
FNF:1
FNH:0
FNDA:0,(anonymous_0)
DA:10,18
DA:25,18
DA:30,18
DA:36,18
DA:39,0
DA:45,0
DA:49,0
DA:57,0
DA:58,0
DA:60,0
LF:10
LH:4
BRDA:45,0,0,0
BRDA:57,1,0,0
BRDA:57,1,1,0
BRDA:57,2,0,0
BRDA:57,2,1,0
BRF:5
BRH:0
end_of_record
TN:
SF:/Users/vincent/differential-projects/apollos/apollos-apps/packages/apolloschurchapp/src/tabs/index.js
FNF:0
FNH:0
DA:9,1
LF:1
LH:1
BRF:0
BRH:0
end_of_record
TN:
SF:/Users/vincent/differential-projects/apollos/apollos-apps/packages/apolloschurchapp/src/tabs/tabBar.js
FN:8,(anonymous_0)
FN:14,(anonymous_1)
FNF:2
FNH:0
FNDA:0,(anonymous_0)
FNDA:0,(anonymous_1)
DA:7,1
DA:8,0
DA:14,0
LF:3
LH:1
BRF:0
BRH:0
end_of_record
TN:
SF:/Users/vincent/differential-projects/apollos/apollos-apps/packages/apolloschurchapp/src/tabs/tabBarIcon.js
FN:6,(anonymous_0)
FN:7,TabBarIcon
FNF:2
FNH:1
FNDA:3,(anonymous_0)
FNDA:0,TabBarIcon
DA:6,1
DA:8,0
DA:10,3
DA:13,3
LF:4
LH:3
BRF:0
BRH:0
end_of_record
TN:
SF:/Users/vincent/differential-projects/apollos/apollos-apps/packages/apolloschurchapp/src/tabs/connect/ActionBar.js
FN:7,(anonymous_0)
FN:9,(anonymous_1)
FN:12,(anonymous_2)
FN:17,(anonymous_3)
FN:22,(anonymous_4)
FNF:5
FNH:0
FNDA:0,(anonymous_0)
FNDA:0,(anonymous_1)
FNDA:0,(anonymous_2)
FNDA:0,(anonymous_3)
FNDA:0,(anonymous_4)
DA:7,1
DA:8,0
DA:10,0
DA:12,0
DA:17,0
DA:22,0
DA:31,1
LF:7
LH:2
BRF:0
BRH:0
end_of_record
TN:
SF:/Users/vincent/differential-projects/apollos/apollos-apps/packages/apolloschurchapp/src/tabs/connect/Connect.js
FN:14,(anonymous_0)
FN:26,(anonymous_1)
FNF:2
FNH:0
FNDA:0,(anonymous_0)
FNDA:0,(anonymous_1)
DA:14,1
DA:19,1
DA:27,0
LF:3
LH:2
BRF:0
BRH:0
end_of_record
TN:
SF:/Users/vincent/differential-projects/apollos/apollos-apps/packages/apolloschurchapp/src/tabs/connect/index.js
FN:21,(anonymous_0)
FN:29,(anonymous_1)
FNF:2
FNH:0
FNDA:0,(anonymous_0)
FNDA:0,(anonymous_1)
DA:11,1
DA:21,0
DA:29,1
LF:3
LH:2
BRF:0
BRH:0
end_of_record
TN:
SF:/Users/vincent/differential-projects/apollos/apollos-apps/packages/apolloschurchapp/src/tabs/connect/ActionTable/index.js
FN:18,(anonymous_0)
FN:29,(anonymous_1)
FN:31,(anonymous_2)
FN:40,(anonymous_3)
FN:49,(anonymous_4)
FN:58,(anonymous_5)
FN:68,(anonymous_6)
FN:82,(anonymous_7)
FNF:8
FNH:0
FNDA:0,(anonymous_0)
FNDA:0,(anonymous_1)
FNDA:0,(anonymous_2)
FNDA:0,(anonymous_3)
FNDA:0,(anonymous_4)
FNDA:0,(anonymous_5)
FNDA:0,(anonymous_6)
FNDA:0,(anonymous_7)
DA:18,1
DA:25,1
DA:29,1
DA:30,0
DA:32,0
DA:40,0
DA:49,0
DA:58,0
DA:68,0
DA:82,1
LF:10
LH:4
BRF:0
BRH:0
end_of_record
TN:
SF:/Users/vincent/differential-projects/apollos/apollos-apps/packages/apolloschurchapp/src/tabs/connect/UserAvatarHeader/UserAvatarHeader.js
FN:11,(anonymous_0)
FN:13,(anonymous_1)
FN:29,(anonymous_2)
FN:42,(anonymous_3)
FN:47,(anonymous_4)
FNF:5
FNH:0
FNDA:0,(anonymous_0)
FNDA:0,(anonymous_1)
FNDA:0,(anonymous_2)
FNDA:0,(anonymous_3)
FNDA:0,(anonymous_4)
DA:11,2
DA:12,0
DA:14,0
DA:15,0
DA:20,2
DA:24,2
DA:29,2
DA:37,0
DA:42,0
DA:48,0
DA:57,2
DA:68,2
LF:12
LH:6
BRDA:13,0,0,0
BRDA:13,1,0,0
BRDA:50,2,0,0
BRDA:50,2,1,0
BRF:4
BRH:0
end_of_record
TN:
SF:/Users/vincent/differential-projects/apollos/apollos-apps/packages/apolloschurchapp/src/tabs/connect/UserAvatarHeader/getUserProfile.js
FNF:0
FNH:0
LF:0
LH:0
BRF:0
BRH:0
end_of_record
TN:
SF:/Users/vincent/differential-projects/apollos/apollos-apps/packages/apolloschurchapp/src/tabs/connect/UserAvatarHeader/index.js
FNF:0
FNH:0
LF:0
LH:0
BRF:0
BRH:0
end_of_record
TN:
SF:/Users/vincent/differential-projects/apollos/apollos-apps/packages/apolloschurchapp/src/tabs/discover/Discover.js
FN:20,(anonymous_0)
FN:27,(anonymous_1)
FN:33,(anonymous_2)
FNF:3
FNH:1
FNDA:0,(anonymous_0)
FNDA:0,(anonymous_1)
FNDA:1,(anonymous_2)
DA:14,1
DA:19,1
DA:21,0
DA:27,1
DA:28,0
DA:34,1
DA:50,2
LF:7
LH:5
BRDA:40,0,0,0
BRDA:40,0,1,1
BRDA:40,1,0,1
BRDA:40,1,1,1
BRF:4
BRH:3
end_of_record
TN:
SF:/Users/vincent/differential-projects/apollos/apollos-apps/packages/apolloschurchapp/src/tabs/discover/index.js
FN:17,(anonymous_0)
FN:25,(anonymous_1)
FNF:2
FNH:0
FNDA:0,(anonymous_0)
FNDA:0,(anonymous_1)
DA:10,1
DA:17,0
DA:25,1
LF:3
LH:2
BRF:0
BRH:0
end_of_record
TN:
SF:/Users/vincent/differential-projects/apollos/apollos-apps/packages/apolloschurchapp/src/tabs/discover/DiscoverFeed/TileContentFeed.js
FN:21,(anonymous_0)
FN:33,(anonymous_1)
FN:37,(anonymous_2)
FN:43,(anonymous_3)
FN:57,(anonymous_4)
FN:65,(anonymous_5)
FN:81,(anonymous_6)
FN:83,(anonymous_7)
FNF:8
FNH:6
FNDA:160,(anonymous_0)
FNDA:60,(anonymous_1)
FNDA:160,(anonymous_2)
FNDA:160,(anonymous_3)
FNDA:60,(anonymous_4)
FNDA:0,(anonymous_5)
FNDA:280,(anonymous_6)
FNDA:0,(anonymous_7)
DA:21,160
DA:29,3
DA:33,60
DA:37,160
DA:43,160
DA:51,3
DA:57,3
DA:58,60
DA:66,0
DA:82,280
DA:84,0
DA:101,3
LF:12
LH:10
BRDA:57,0,0,0
BRDA:58,1,0,60
BRDA:58,1,1,10
BRDA:58,1,2,60
BRF:4
BRH:3
end_of_record
TN:
SF:/Users/vincent/differential-projects/apollos/apollos-apps/packages/apolloschurchapp/src/tabs/discover/DiscoverFeed/getContentChannels.js
FNF:0
FNH:0
LF:0
LH:0
BRF:0
BRH:0
end_of_record
TN:
SF:/Users/vincent/differential-projects/apollos/apollos-apps/packages/apolloschurchapp/src/tabs/discover/DiscoverFeed/index.js
FN:20,(anonymous_0)
FN:27,(anonymous_1)
FN:34,(anonymous_2)
FN:36,(anonymous_3)
FNF:4
FNH:4
FNDA:60,(anonymous_0)
FNDA:30,(anonymous_1)
FNDA:3,(anonymous_2)
FNDA:7,(anonymous_3)
DA:10,3
DA:15,3
DA:20,3
DA:23,60
DA:27,30
DA:34,3
DA:35,3
DA:37,7
DA:50,3
LF:9
LH:9
BRDA:36,0,0,0
BRDA:36,1,0,5
BRDA:40,2,0,7
BRDA:40,2,1,5
BRF:4
BRH:3
end_of_record
TN:
SF:/Users/vincent/differential-projects/apollos/apollos-apps/packages/apolloschurchapp/src/tabs/discover/SearchFeed/NoResults.js
FN:14,(anonymous_0)
FN:27,(anonymous_1)
FN:37,(anonymous_2)
FNF:3
FNH:3
FNDA:1,(anonymous_0)
FNDA:9,(anonymous_1)
FNDA:1,(anonymous_2)
DA:14,3
DA:21,3
DA:26,3
DA:27,9
DA:34,3
DA:35,3
DA:37,3
DA:38,1
DA:53,3
LF:9
LH:9
BRF:0
BRH:0
end_of_record
TN:
SF:/Users/vincent/differential-projects/apollos/apollos-apps/packages/apolloschurchapp/src/tabs/discover/SearchFeed/getSearchResults.js
FNF:0
FNH:0
LF:0
LH:0
BRF:0
BRH:0
end_of_record
TN:
SF:/Users/vincent/differential-projects/apollos/apollos-apps/packages/apolloschurchapp/src/tabs/discover/SearchFeed/index.js
FN:15,(anonymous_0)
FN:21,(anonymous_1)
FN:29,(anonymous_2)
FN:31,(anonymous_3)
FN:37,(anonymous_4)
FN:41,(anonymous_5)
FN:46,(anonymous_6)
FNF:7
FNH:5
FNDA:7,(anonymous_0)
FNDA:0,(anonymous_1)
FNDA:56,(anonymous_2)
FNDA:3,(anonymous_3)
FNDA:7,(anonymous_4)
FNDA:1,(anonymous_5)
FNDA:0,(anonymous_6)
DA:15,7
DA:21,3
DA:22,0
DA:23,0
DA:29,56
DA:31,3
DA:32,3
DA:38,7
DA:41,1
DA:46,0
DA:53,3
LF:11
LH:8
BRDA:17,0,0,1
BRDA:17,0,1,6
BRDA:29,1,0,56
BRDA:29,1,1,56
BRF:4
BRH:4
end_of_record
TN:
SF:/Users/vincent/differential-projects/apollos/apollos-apps/packages/apolloschurchapp/src/tabs/home/Home.js
FN:24,(anonymous_0)
FN:32,(anonymous_1)
FN:44,(anonymous_2)
FN:50,(anonymous_3)
FN:62,(anonymous_4)
FN:66,(anonymous_5)
FN:84,(anonymous_6)
FN:89,(anonymous_7)
FN:99,(anonymous_8)
FNF:9
FNH:4
FNDA:3,(anonymous_0)
FNDA:0,(anonymous_1)
FNDA:0,(anonymous_2)
FNDA:1,(anonymous_3)
FNDA:1,(anonymous_4)
FNDA:0,(anonymous_5)
FNDA:1,(anonymous_6)
FNDA:0,(anonymous_7)
FNDA:0,(anonymous_8)
DA:24,3
DA:32,2
DA:36,2
DA:44,1
DA:45,0
DA:51,1
DA:63,1
DA:66,0
DA:85,1
DA:89,0
DA:91,1
DA:97,1
DA:100,0
LF:13
LH:9
BRF:0
BRH:0
end_of_record
TN:
SF:/Users/vincent/differential-projects/apollos/apollos-apps/packages/apolloschurchapp/src/tabs/home/getCampaignContentItem.js
FNF:0
FNH:0
LF:0
LH:0
BRF:0
BRH:0
end_of_record
TN:
SF:/Users/vincent/differential-projects/apollos/apollos-apps/packages/apolloschurchapp/src/tabs/home/getUserFeed.js
FNF:0
FNH:0
LF:0
LH:0
BRF:0
BRH:0
end_of_record
TN:
SF:/Users/vincent/differential-projects/apollos/apollos-apps/packages/apolloschurchapp/src/tabs/home/index.js
FNF:0
FNH:0
DA:7,1
DA:16,1
LF:2
LH:2
BRF:0
BRH:0
end_of_record
TN:
SF:/Users/vincent/differential-projects/apollos/apollos-apps/packages/apolloschurchapp/src/tabs/home/wordmark.png
FNF:0
FNH:0
DA:1,1
LF:1
LH:1
BRF:0
BRH:0
end_of_record
TN:
SF:/Users/vincent/differential-projects/apollos/apollos-apps/packages/apolloschurchapp/src/tabs/home/Features/getFeedFeatures.js
FNF:0
FNH:0
LF:0
LH:0
BRF:0
BRH:0
end_of_record
TN:
SF:/Users/vincent/differential-projects/apollos/apollos-apps/packages/apolloschurchapp/src/tabs/home/Features/index.js
FN:10,(anonymous_0)
FN:20,(anonymous_1)
FN:22,(anonymous_2)
FN:93,(anonymous_3)
FN:105,(anonymous_4)
FN:119,(anonymous_5)
FNF:6
FNH:3
FNDA:3,(anonymous_0)
FNDA:1,(anonymous_1)
FNDA:1,(anonymous_2)
FNDA:0,(anonymous_3)
FNDA:0,(anonymous_4)
FNDA:0,(anonymous_5)
DA:10,3
DA:20,2
DA:21,1
DA:23,1
DA:94,0
DA:106,0
DA:107,0
DA:112,0
DA:113,0
DA:120,0
DA:133,2
LF:11
LH:5
BRDA:23,0,0,1
BRDA:23,0,1,0
BRDA:94,1,0,0
BRDA:94,1,1,0
BRDA:106,2,0,0
BRDA:106,2,1,0
BRDA:112,3,0,0
BRDA:112,3,1,0
BRF:8
BRH:1
end_of_record
TN:
SF:/Users/vincent/differential-projects/apollos/apollos-apps/packages/apolloschurchapp/src/testing-control-panel/TouchableCell.js
FN:5,(anonymous_0)
FNF:1
FNH:1
FNDA:1,(anonymous_0)
DA:5,2
DA:6,1
DA:14,2
LF:3
LH:3
BRF:0
BRH:0
end_of_record
TN:
SF:/Users/vincent/differential-projects/apollos/apollos-apps/packages/apolloschurchapp/src/testing-control-panel/index.js
FN:8,(anonymous_0)
FN:12,(anonymous_1)
FN:16,(anonymous_2)
FN:18,(anonymous_3)
FN:30,(anonymous_4)
FN:33,(anonymous_5)
FN:44,(anonymous_6)
FN:52,(anonymous_7)
FNF:8
FNH:0
FNDA:0,(anonymous_0)
FNDA:0,(anonymous_1)
FNDA:0,(anonymous_2)
FNDA:0,(anonymous_3)
FNDA:0,(anonymous_4)
FNDA:0,(anonymous_5)
FNDA:0,(anonymous_6)
FNDA:0,(anonymous_7)
DA:8,1
DA:13,0
DA:17,0
DA:19,0
DA:31,0
DA:34,0
DA:44,0
DA:52,0
LF:8
LH:1
BRF:0
BRH:0
end_of_record
TN:
SF:/Users/vincent/differential-projects/apollos/apollos-apps/packages/apolloschurchapp/src/theme/index.js
FNF:0
FNH:0
LF:0
LH:0
BRF:0
BRH:0
end_of_record
TN:
SF:/Users/vincent/differential-projects/apollos/apollos-apps/packages/apolloschurchapp/src/theme/theme.js
FNF:0
FNH:0
LF:0
LH:0
BRF:0
BRH:0
end_of_record
TN:
SF:/Users/vincent/differential-projects/apollos/apollos-apps/packages/apolloschurchapp/src/theme/icons/index.js
FNF:0
FNH:0
LF:0
LH:0
BRF:0
BRH:0
end_of_record
TN:
SF:/Users/vincent/differential-projects/apollos/apollos-apps/packages/apolloschurchapp/src/ui/LandingScreen/index.js
FN:21,(anonymous_0)
FN:30,(anonymous_1)
FN:35,(anonymous_2)
FN:39,(anonymous_3)
FNF:4
FNH:4
FNDA:6,(anonymous_0)
FNDA:18,(anonymous_1)
FNDA:18,(anonymous_2)
FNDA:6,(anonymous_3)
DA:16,2
DA:21,6
DA:30,18
DA:35,18
DA:39,2
DA:46,6
DA:58,2
DA:76,2
DA:82,2
LF:9
LH:9
BRDA:24,0,0,1
BRDA:24,0,1,5
BRDA:32,1,0,3
BRDA:32,1,1,15
BRDA:36,2,0,3
BRDA:36,2,1,15
BRF:6
BRH:6
end_of_record
TN:
SF:/Users/vincent/differential-projects/apollos/apollos-apps/packages/apolloschurchapp/src/ui/Onboarding/index.js
FN:33,Onboarding
FN:38,(anonymous_1)
FN:59,(anonymous_2)
FN:69,(anonymous_3)
FN:70,(anonymous_4)
FN:73,(anonymous_5)
FN:82,(anonymous_6)
FNF:7
FNH:2
FNDA:1,Onboarding
FNDA:1,(anonymous_1)
FNDA:0,(anonymous_2)
FNDA:0,(anonymous_3)
FNDA:0,(anonymous_4)
FNDA:0,(anonymous_5)
FNDA:0,(anonymous_6)
DA:23,2
DA:29,2
DA:34,1
DA:39,1
DA:60,0
DA:70,0
DA:71,0
DA:72,0
DA:74,0
DA:78,0
DA:83,0
DA:104,2
LF:12
LH:5
BRDA:71,0,0,0
BRDA:71,0,1,0
BRF:2
BRH:0
end_of_record
TN:
SF:/Users/vincent/differential-projects/apollos/apollos-apps/packages/apolloschurchapp/src/ui/SearchInputHeader/index.js
FN:7,(anonymous_0)
FN:52,(anonymous_1)
FNF:2
FNH:2
FNDA:12,(anonymous_0)
FNDA:4,(anonymous_1)
DA:6,3
DA:7,12
DA:33,3
DA:45,3
DA:52,3
DA:53,4
DA:60,3
LF:7
LH:7
BRF:0
BRH:0
end_of_record
TN:
SF:/Users/vincent/differential-projects/apollos/apollos-apps/packages/apolloschurchapp/src/user-settings/ChangePassword.js
FN:32,(anonymous_0)
FN:37,(anonymous_1)
FN:50,(anonymous_2)
FN:66,(anonymous_3)
FN:75,(anonymous_4)
FN:94,(anonymous_5)
FN:98,(anonymous_6)
FN:109,(anonymous_7)
FN:120,(anonymous_8)
FNF:9
FNH:3
FNDA:0,(anonymous_0)
FNDA:0,(anonymous_1)
FNDA:1,(anonymous_2)
FNDA:0,(anonymous_3)
FNDA:0,(anonymous_4)
FNDA:1,(anonymous_5)
FNDA:0,(anonymous_6)
FNDA:1,(anonymous_7)
FNDA:0,(anonymous_8)
DA:26,2
DA:32,2
DA:37,0
DA:42,2
DA:50,1
DA:51,1
DA:66,0
DA:76,0
DA:95,1
DA:99,0
DA:104,0
DA:110,1
DA:121,0
DA:122,0
DA:124,0
DA:126,0
DA:127,0
DA:128,0
DA:134,0
LF:19
LH:7
BRDA:56,0,0,0
BRDA:56,0,1,1
BRDA:65,1,0,1
BRDA:65,1,1,0
BRDA:73,2,0,1
BRDA:73,2,1,0
BRDA:127,3,0,0
BRDA:127,3,1,0
BRF:8
BRH:3
end_of_record
TN:
SF:/Users/vincent/differential-projects/apollos/apollos-apps/packages/apolloschurchapp/src/user-settings/PersonalDetails.js
FN:32,(anonymous_0)
FN:37,(anonymous_1)
FN:50,(anonymous_2)
FN:67,(anonymous_3)
FN:74,(anonymous_4)
FN:81,(anonymous_5)
FN:98,(anonymous_6)
FN:101,(anonymous_7)
FN:107,(anonymous_8)
FN:124,(anonymous_9)
FN:134,(anonymous_10)
FN:145,(anonymous_11)
FNF:12
FNH:4
FNDA:0,(anonymous_0)
FNDA:0,(anonymous_1)
FNDA:3,(anonymous_2)
FNDA:0,(anonymous_3)
FNDA:0,(anonymous_4)
FNDA:0,(anonymous_5)
FNDA:1,(anonymous_6)
FNDA:3,(anonymous_7)
FNDA:0,(anonymous_8)
FNDA:3,(anonymous_9)
FNDA:0,(anonymous_10)
FNDA:0,(anonymous_11)
DA:26,2
DA:32,2
DA:37,0
DA:42,2
DA:50,1
DA:52,3
DA:67,0
DA:74,0
DA:81,0
DA:99,1
DA:102,3
DA:104,3
DA:108,0
DA:125,3
DA:138,0
DA:139,0
DA:140,0
DA:142,0
DA:143,0
DA:146,0
DA:149,0
DA:154,0
DA:160,0
LF:23
LH:9
BRDA:57,0,0,0
BRDA:57,0,1,3
BRDA:66,1,0,3
BRDA:66,1,1,0
BRDA:73,2,0,3
BRDA:73,2,1,0
BRDA:80,3,0,3
BRDA:80,3,1,0
BRDA:87,4,0,3
BRDA:87,4,1,0
BRDA:101,5,0,0
BRDA:101,6,0,2
BRDA:143,7,0,0
BRDA:143,7,1,0
BRDA:144,8,0,0
BRDA:144,8,1,0
BRF:16
BRH:6
end_of_record
TN:
SF:/Users/vincent/differential-projects/apollos/apollos-apps/packages/apolloschurchapp/src/user-settings/index.js
FN:26,(anonymous_0)
FN:37,(anonymous_1)
FN:40,(anonymous_2)
FN:49,(anonymous_3)
FN:53,(anonymous_4)
FN:66,(anonymous_5)
FN:77,(anonymous_6)
FN:91,(anonymous_7)
FN:103,(anonymous_8)
FN:114,(anonymous_9)
FN:126,(anonymous_10)
FN:128,(anonymous_11)
FNF:12
FNH:2
FNDA:0,(anonymous_0)
FNDA:1,(anonymous_1)
FNDA:3,(anonymous_2)
FNDA:0,(anonymous_3)
FNDA:0,(anonymous_4)
FNDA:0,(anonymous_5)
FNDA:0,(anonymous_6)
FNDA:0,(anonymous_7)
FNDA:0,(anonymous_8)
FNDA:0,(anonymous_9)
FNDA:0,(anonymous_10)
FNDA:0,(anonymous_11)
DA:26,2
DA:30,2
DA:38,1
DA:41,3
DA:42,3
DA:43,0
DA:50,0
DA:54,0
DA:67,0
DA:78,0
DA:92,0
DA:104,0
DA:115,0
DA:127,0
DA:129,0
DA:132,0
LF:16
LH:5
BRDA:40,0,0,2
BRDA:41,1,0,0
BRDA:41,1,1,3
BRDA:42,2,0,3
BRDA:42,2,1,0
BRF:5
BRH:3
end_of_record
TN:
SF:/Users/vincent/differential-projects/apollos/apollos-apps/packages/apolloschurchapp/src/user-settings/passwordChange.js
FNF:0
FNH:0
LF:0
LH:0
BRF:0
BRH:0
end_of_record
TN:
SF:/Users/vincent/differential-projects/apollos/apollos-apps/packages/apolloschurchapp/src/user-settings/updateCurrentUser.js
FNF:0
FNH:0
LF:0
LH:0
BRF:0
BRH:0
end_of_record
TN:
SF:/Users/vincent/differential-projects/apollos/apollos-apps/packages/apolloschurchapp/src/user-web-browser/Provider.js
FN:6,(anonymous_0)
FNF:1
FNH:1
FNDA:1,(anonymous_0)
DA:6,2
DA:7,1
DA:9,2
LF:3
LH:3
BRF:0
BRH:0
end_of_record
TN:
SF:/Users/vincent/differential-projects/apollos/apollos-apps/packages/apolloschurchapp/src/user-web-browser/index.js
FN:11,(anonymous_0)
FN:37,(anonymous_1)
FN:42,(anonymous_2)
FNF:3
FNH:3
FNDA:2,(anonymous_0)
FNDA:2,(anonymous_1)
FNDA:3,(anonymous_2)
DA:11,2
DA:12,2
DA:13,1
DA:19,1
DA:22,2
DA:28,2
DA:37,2
DA:39,2
DA:40,2
DA:43,3
DA:44,1
DA:46,2
DA:47,2
DA:60,2
LF:14
LH:14
BRDA:12,0,0,1
BRDA:12,0,1,1
BRDA:37,1,0,1
BRDA:43,2,0,1
BRDA:43,2,1,2
BRF:5
BRH:5
end_of_record
TN:
SF:/Users/vincent/differential-projects/apollos/apollos-apps/packages/apolloschurchapp/src/utils/testUtils.js
FN:5,(anonymous_0)
FNF:1
FNH:1
FNDA:12,(anonymous_0)
DA:5,10
DA:6,12
DA:7,12
DA:8,12
DA:9,12
LF:5
LH:5
BRF:0
BRH:0
end_of_record
